2024-03-24 20:09:39,661 - ERROR - Can't connect with MES APP
2024-03-24 20:16:04,189 - ERROR - Can't connect with MES APP
2024-03-24 20:17:31,476 - ERROR - Can't connect with MES APP
2024-03-24 20:18:33,567 - ERROR - Can't connect with MES APP
2024-03-24 20:21:32,270 - ERROR - Can't connect with MES APP
2024-03-24 20:22:57,564 - INFO - 
xxxxxxxxxxxxxxxxxxxxxxxxxxxxxxxx
2024-03-24 20:22:57,564 - INFO - --> Received scan signal from PLC
2024-03-24 20:22:57,564 - INFO - --> ------ SCAN SIGNAL -------
2024-03-24 20:22:58,675 - INFO - --> RESULT SCAN
2024-03-24 20:22:58,677 - ERROR - FAILED
2024-03-24 20:22:58,677 - ERROR - ------FAIL SCAN-------
2024-03-24 20:22:58,678 - ERROR - Data SN: None
2024-03-24 20:22:58,678 - ERROR - Data FIXTURE: None
2024-03-24 20:28:57,230 - ERROR - Can't connect with MES APP
2024-03-24 20:29:08,384 - ERROR - Can't connect with MES APP
2024-03-24 20:29:44,518 - INFO - 
xxxxxxxxxxxxxxxxxxxxxxxxxxxxxxxx
2024-03-24 20:29:44,518 - INFO - --> Received scan signal from PLC
2024-03-24 20:29:44,518 - INFO - --> ------ SCAN SIGNAL -------
2024-03-24 20:29:45,797 - INFO - --> RESULT SCAN
2024-03-24 20:29:45,798 - ERROR - FAILED
2024-03-24 20:29:45,802 - ERROR - ------FAIL SCAN-------
2024-03-24 20:29:45,802 - ERROR - Data SN: None
2024-03-24 20:29:45,803 - ERROR - Data FIXTURE: None
2024-03-24 20:29:47,569 - INFO - 
xxxxxxxxxxxxxxxxxxxxxxxxxxxxxxxx
2024-03-24 20:29:47,569 - INFO - --> Received scan signal from PLC
2024-03-24 20:29:47,569 - INFO - --> ------ SCAN SIGNAL -------
2024-03-24 20:29:48,714 - INFO - --> RESULT SCAN
2024-03-24 20:29:48,715 - ERROR - FAILED
2024-03-24 20:29:48,715 - ERROR - ------FAIL SCAN-------
2024-03-24 20:29:48,715 - ERROR - Data SN: None
2024-03-24 20:29:48,716 - ERROR - Data FIXTURE: None
2024-03-24 20:29:50,029 - INFO - 
xxxxxxxxxxxxxxxxxxxxxxxxxxxxxxxx
2024-03-24 20:29:50,029 - INFO - --> Received scan signal from PLC
2024-03-24 20:29:50,029 - INFO - --> ------ SCAN SIGNAL -------
2024-03-24 20:29:50,927 - INFO - --> RESULT SCAN
2024-03-24 20:29:50,927 - ERROR - FAILED
2024-03-24 20:29:50,930 - ERROR - ------FAIL SCAN-------
2024-03-24 20:29:50,930 - ERROR - Data SN: None
2024-03-24 20:29:50,930 - ERROR - Data FIXTURE: None
2024-03-24 20:29:52,188 - INFO - 
xxxxxxxxxxxxxxxxxxxxxxxxxxxxxxxx
2024-03-24 20:29:52,188 - INFO - --> Received scan signal from PLC
2024-03-24 20:29:52,189 - INFO - --> ------ SCAN SIGNAL -------
2024-03-24 20:29:53,380 - INFO - --> RESULT SCAN
2024-03-24 20:29:53,380 - ERROR - FAILED
2024-03-24 20:29:53,380 - ERROR - ------FAIL SCAN-------
2024-03-24 20:29:53,380 - ERROR - Data SN: None
2024-03-24 20:29:53,381 - ERROR - Data FIXTURE: None
2024-03-24 20:47:14,887 - ERROR - Can't connect with MES APP
2024-03-24 20:48:27,608 - INFO - 
xxxxxxxxxxxxxxxxxxxxxxxxxxxxxxxx
2024-03-24 20:48:27,608 - INFO - --> Received scan signal from PLC
2024-03-24 20:48:27,608 - INFO - --> ------ SCAN SIGNAL -------
2024-03-24 20:48:28,131 - INFO - --> RESULT SCAN
2024-03-24 20:48:28,132 - INFO - PASS SCAN
2024-03-24 20:48:28,132 - INFO - ----------- SEND TO MES -----------
2024-03-24 20:48:28,255 - WARNING - Wrong PLC Signal
2024-03-24 20:48:28,271 - WARNING - Wrong PLC Signal
2024-03-24 20:48:28,663 - INFO - --> Send Data SN:  11111111111111111
2024-03-24 20:48:28,667 - WARNING - Wrong PLC Signal
2024-03-24 20:49:58,947 - INFO - 
xxxxxxxxxxxxxxxxxxxxxxxxxxxxxxxx
2024-03-24 20:49:58,947 - INFO - --> Received scan signal from PLC
2024-03-24 20:49:58,947 - INFO - --> ------ SCAN SIGNAL -------
2024-03-24 20:49:59,512 - INFO - --> RESULT SCAN
2024-03-24 20:49:59,513 - INFO - PASS SCAN
2024-03-24 20:49:59,513 - INFO - ----------- SEND TO MES -----------
2024-03-24 20:49:59,637 - WARNING - Wrong PLC Signal
2024-03-24 20:49:59,653 - WARNING - Wrong PLC Signal
2024-03-24 20:50:00,071 - INFO - --> Send Data SN:  11111111111111111
2024-03-24 20:50:00,082 - WARNING - Wrong PLC Signal
2024-03-24 20:50:00,485 - INFO - PASS TO CHECK SN CODE
2024-03-24 20:50:00,611 - WARNING - Wrong PLC Signal
2024-03-24 20:50:00,626 - WARNING - Wrong PLC Signal
2024-03-24 20:50:00,809 - INFO - --> Send Data FIXTURE:  22222222222222222
2024-03-24 20:50:00,844 - WARNING - Wrong PLC Signal
2024-03-24 20:55:45,196 - INFO - 
xxxxxxxxxxxxxxxxxxxxxxxxxxxxxxxx
2024-03-24 20:55:45,196 - INFO - --> Received scan signal from PLC
2024-03-24 20:55:45,197 - INFO - --> ------ SCAN SIGNAL -------
2024-03-24 20:55:45,664 - INFO - --> RESULT SCAN
2024-03-24 20:55:45,664 - INFO - PASS SCAN
2024-03-24 20:55:45,665 - INFO - ----------- SEND TO MES -----------
2024-03-24 20:55:45,795 - WARNING - Wrong PLC Signal
2024-03-24 20:55:45,809 - WARNING - Wrong PLC Signal
2024-03-24 20:55:45,826 - WARNING - Wrong PLC Signal
2024-03-24 20:55:46,196 - INFO - --> Send Data SN:  11111111111111111
2024-03-24 20:55:46,210 - WARNING - Wrong PLC Signal
2024-03-24 20:55:46,548 - INFO - PASS TO CHECK SN CODE
2024-03-24 20:55:46,673 - WARNING - Wrong PLC Signal
2024-03-24 20:55:46,867 - INFO - --> Send Data FIXTURE:  22222222222222222
2024-03-24 20:55:46,903 - WARNING - Wrong PLC Signal
2024-03-24 20:55:47,005 - INFO - PASS TO CHECK FIXTURE CODE
2024-03-24 20:55:47,005 - INFO - ------PASS MES-------
2024-03-24 20:55:47,006 - INFO - Data SN: 11111111111111111
2024-03-24 20:55:47,006 - INFO - Data FIXTURE: 22222222222222222
2024-03-24 20:57:17,605 - INFO - 
xxxxxxxxxxxxxxxxxxxxxxxxxxxxxxxx
2024-03-24 20:57:17,605 - INFO - --> Received scan signal from PLC
2024-03-24 20:57:17,605 - INFO - --> ------ SCAN SIGNAL -------
2024-03-24 20:57:18,181 - INFO - --> RESULT SCAN
2024-03-24 20:57:18,182 - INFO - PASS SCAN
2024-03-24 20:57:18,182 - INFO - ----------- SEND TO MES -----------
2024-03-24 20:57:18,301 - WARNING - Wrong PLC Signal
2024-03-24 20:57:18,317 - WARNING - Wrong PLC Signal
2024-03-24 20:57:18,333 - WARNING - Wrong PLC Signal
2024-03-24 20:57:18,349 - WARNING - Wrong PLC Signal
2024-03-24 20:57:18,708 - INFO - --> Send Data SN:  11111111111111111
2024-03-24 20:57:18,714 - WARNING - Wrong PLC Signal
2024-03-24 20:57:28,927 - INFO - 
xxxxxxxxxxxxxxxxxxxxxxxxxxxxxxxx
2024-03-24 20:57:28,927 - INFO - --> Received scan signal from PLC
2024-03-24 20:57:28,927 - INFO - --> ------ SCAN SIGNAL -------
2024-03-24 20:57:29,437 - INFO - --> RESULT SCAN
2024-03-24 20:57:29,437 - INFO - PASS SCAN
2024-03-24 20:57:29,437 - INFO - ----------- SEND TO MES -----------
2024-03-24 20:57:29,561 - WARNING - Wrong PLC Signal
2024-03-24 20:57:29,577 - WARNING - Wrong PLC Signal
2024-03-24 20:57:29,758 - INFO - --> Send Data SN:  11111111111111111
2024-03-24 20:57:29,773 - WARNING - Wrong PLC Signal
2024-03-24 20:57:30,063 - INFO - PASS TO CHECK SN CODE
2024-03-24 20:57:30,189 - WARNING - Wrong PLC Signal
2024-03-24 20:57:30,204 - WARNING - Wrong PLC Signal
2024-03-24 20:57:30,389 - INFO - --> Send Data FIXTURE:  22222222222222222
2024-03-24 20:57:30,413 - WARNING - Wrong PLC Signal
2024-03-24 20:57:30,513 - INFO - PASS TO CHECK FIXTURE CODE
2024-03-24 20:57:30,513 - INFO - ------PASS MES-------
2024-03-24 20:57:30,513 - INFO - Data SN: 11111111111111111
2024-03-24 20:57:30,514 - INFO - Data FIXTURE: 22222222222222222
2024-03-24 20:57:42,821 - INFO - 
xxxxxxxxxxxxxxxxxxxxxxxxxxxxxxxx
2024-03-24 20:57:42,822 - INFO - --> Received scan signal from PLC
2024-03-24 20:57:42,822 - INFO - --> ------ SCAN SIGNAL -------
2024-03-24 20:57:43,397 - INFO - --> RESULT SCAN
2024-03-24 20:57:43,397 - INFO - PASS SCAN
2024-03-24 20:57:43,397 - INFO - ----------- SEND TO MES -----------
2024-03-24 20:57:43,524 - WARNING - Wrong PLC Signal
2024-03-24 20:57:43,716 - INFO - --> Send Data SN:  11111111111111111
2024-03-24 20:57:43,719 - WARNING - Wrong PLC Signal
