2024-02-29 08:08:20,361 - ERROR - Camera Error
2024-02-29 08:08:20,361 - ERROR - Camera Error
2024-02-29 08:08:21,195 - ERROR - Can't connect with MES APP
2024-02-29 08:08:21,195 - ERROR - CAM ERROR
2024-02-29 08:08:21,195 - ERROR - CAM ERROR
2024-02-29 08:09:25,791 - ERROR - Camera Error
2024-02-29 08:09:25,792 - ERROR - Camera Error
2024-02-29 08:09:26,055 - ERROR - Can't connect with MES APP
2024-02-29 08:09:26,055 - ERROR - CAM ERROR
2024-02-29 08:09:26,071 - ERROR - CAM ERROR
2024-02-29 08:09:33,570 - ERROR - Camera Error
2024-02-29 08:09:33,587 - ERROR - Camera Error
2024-02-29 08:09:33,857 - ERROR - Can't connect with MES APP
2024-02-29 08:09:33,857 - ERROR - CAM ERROR
2024-02-29 08:09:33,858 - ERROR - CAM ERROR
2024-02-29 08:24:34,211 - ERROR - Camera Error
2024-02-29 08:24:34,212 - ERROR - Camera Error
2024-02-29 08:24:34,507 - ERROR - Can't connect with MES APP
2024-02-29 08:24:34,507 - ERROR - CAM ERROR
2024-02-29 08:24:34,507 - ERROR - CAM ERROR
2024-02-29 08:24:44,041 - ERROR - Camera Error
2024-02-29 08:24:44,041 - ERROR - Camera Error
2024-02-29 08:24:44,319 - ERROR - Can't connect with MES APP
2024-02-29 08:24:44,335 - ERROR - CAM ERROR
2024-02-29 08:24:44,335 - ERROR - CAM ERROR
2024-02-29 08:24:49,025 - ERROR - Camera Error
2024-02-29 08:24:49,025 - ERROR - Camera Error
2024-02-29 08:24:49,301 - ERROR - Can't connect with MES APP
2024-02-29 08:24:49,301 - ERROR - CAM ERROR
2024-02-29 08:24:49,301 - ERROR - CAM ERROR
2024-02-29 08:24:53,440 - ERROR - Camera Error
2024-02-29 08:24:53,440 - ERROR - Camera Error
2024-02-29 08:24:53,733 - ERROR - Can't connect with MES APP
2024-02-29 08:24:53,733 - ERROR - CAM ERROR
2024-02-29 08:24:53,733 - ERROR - CAM ERROR
2024-02-29 08:24:58,532 - ERROR - Camera Error
2024-02-29 08:24:58,534 - ERROR - Camera Error
2024-02-29 08:24:58,816 - ERROR - Can't connect with MES APP
2024-02-29 08:24:58,816 - ERROR - CAM ERROR
2024-02-29 08:24:58,816 - ERROR - CAM ERROR
2024-02-29 08:25:21,841 - ERROR - Camera Error
2024-02-29 08:25:21,858 - ERROR - Camera Error
2024-02-29 08:25:22,141 - ERROR - Can't connect with MES APP
2024-02-29 08:25:22,141 - ERROR - CAM ERROR
2024-02-29 08:25:22,141 - ERROR - CAM ERROR
2024-02-29 08:25:25,123 - ERROR - Camera Error
2024-02-29 08:25:25,139 - ERROR - Camera Error
2024-02-29 08:25:25,424 - ERROR - Can't connect with MES APP
2024-02-29 08:25:25,424 - ERROR - CAM ERROR
2024-02-29 08:25:25,425 - ERROR - CAM ERROR
2024-02-29 08:25:30,188 - ERROR - Camera Error
2024-02-29 08:25:30,204 - ERROR - Camera Error
2024-02-29 08:25:30,488 - ERROR - Can't connect with MES APP
2024-02-29 08:25:30,488 - ERROR - CAM ERROR
2024-02-29 08:25:30,488 - ERROR - CAM ERROR
2024-02-29 08:25:33,204 - ERROR - Camera Error
2024-02-29 08:25:33,219 - ERROR - Camera Error
2024-02-29 08:25:33,504 - ERROR - Can't connect with MES APP
2024-02-29 08:25:33,504 - ERROR - CAM ERROR
2024-02-29 08:25:33,504 - ERROR - CAM ERROR
2024-02-29 08:25:36,354 - ERROR - Camera Error
2024-02-29 08:25:36,356 - ERROR - Camera Error
2024-02-29 08:25:36,648 - ERROR - Can't connect with MES APP
2024-02-29 08:25:36,648 - ERROR - CAM ERROR
2024-02-29 08:25:36,649 - ERROR - CAM ERROR
2024-02-29 08:25:41,625 - ERROR - Camera Error
2024-02-29 08:25:41,625 - ERROR - Camera Error
2024-02-29 08:25:41,917 - ERROR - Can't connect with MES APP
2024-02-29 08:25:41,917 - ERROR - CAM ERROR
2024-02-29 08:25:41,917 - ERROR - CAM ERROR
2024-02-29 08:25:45,768 - ERROR - Camera Error
2024-02-29 08:25:45,770 - ERROR - Camera Error
2024-02-29 08:25:46,066 - ERROR - Can't connect with MES APP
2024-02-29 08:25:46,066 - ERROR - CAM ERROR
2024-02-29 08:25:46,066 - ERROR - CAM ERROR
2024-02-29 08:25:48,949 - ERROR - Camera Error
2024-02-29 08:25:48,950 - ERROR - Camera Error
2024-02-29 08:25:49,232 - ERROR - Can't connect with MES APP
2024-02-29 08:25:49,232 - ERROR - CAM ERROR
2024-02-29 08:25:49,232 - ERROR - CAM ERROR
2024-02-29 08:26:28,570 - ERROR - Camera Error
2024-02-29 08:26:28,571 - ERROR - Camera Error
2024-02-29 08:26:28,868 - ERROR - Can't connect with MES APP
2024-02-29 08:26:28,868 - ERROR - CAM ERROR
2024-02-29 08:26:28,868 - ERROR - CAM ERROR
2024-02-29 09:04:03,897 - ERROR - Camera Error
2024-02-29 09:04:03,897 - ERROR - Camera Error
2024-02-29 09:04:04,208 - ERROR - Can't connect with MES APP
2024-02-29 09:04:04,208 - ERROR - CAM ERROR
2024-02-29 09:04:04,208 - ERROR - CAM ERROR
2024-02-29 09:35:04,197 - ERROR - Can't connect with MES APP
2024-02-29 09:35:27,656 - ERROR - Can't connect with MES APP
2024-02-29 09:35:47,184 - ERROR - Can't connect with MES APP
2024-02-29 09:37:22,943 - WARNING - Wrong PLC Signal
2024-02-29 09:37:25,712 - WARNING - Wrong PLC Signal
2024-02-29 09:37:58,110 - WARNING - Wrong PLC Signal
2024-02-29 09:37:59,016 - WARNING - Wrong PLC Signal
2024-02-29 09:37:59,202 - WARNING - Wrong PLC Signal
2024-02-29 09:37:59,391 - WARNING - Wrong PLC Signal
2024-02-29 09:37:59,545 - WARNING - Wrong PLC Signal
2024-02-29 09:38:30,577 - ERROR - Can't connect with MES APP
2024-02-29 09:38:45,509 - INFO - 
xxxxxxxxxxxxxxxxxxxxxxxxxxxxxxxx
2024-02-29 09:38:45,509 - INFO - --> Received scan signal from PLC
2024-02-29 09:38:45,509 - INFO - --> ------ SCAN SIGNAL -------
2024-02-29 09:38:49,686 - INFO - --> RESULT SCAN
2024-02-29 09:38:49,687 - ERROR - FAILED
2024-02-29 09:38:49,688 - ERROR - ------FAIL SCAN-------
2024-02-29 09:38:49,688 - ERROR - Data SN: None
2024-02-29 09:38:49,688 - ERROR - Data FIXTURE: None
2024-02-29 09:39:08,277 - INFO - 
xxxxxxxxxxxxxxxxxxxxxxxxxxxxxxxx
2024-02-29 09:39:08,277 - INFO - --> Received scan signal from PLC
2024-02-29 09:39:08,277 - INFO - --> ------ SCAN SIGNAL -------
2024-02-29 09:39:08,354 - INFO - --> RESULT SCAN
2024-02-29 09:39:08,354 - INFO - PASS SCAN
2024-02-29 09:39:08,354 - INFO - ----------- SEND TO MES -----------
2024-02-29 09:39:08,373 - WARNING - Wrong PLC Signal
2024-02-29 09:39:08,388 - WARNING - Wrong PLC Signal
2024-02-29 09:39:08,605 - INFO - --> Send Data SN:  J464053005F25R2RD
2024-02-29 09:39:08,613 - WARNING - Wrong PLC Signal
2024-02-29 09:46:30,796 - ERROR - Can't connect with MES APP
2024-02-29 09:47:27,582 - INFO - 
xxxxxxxxxxxxxxxxxxxxxxxxxxxxxxxx
2024-02-29 09:47:27,582 - INFO - --> Received scan signal from PLC
2024-02-29 09:47:27,582 - INFO - --> ------ SCAN SIGNAL -------
2024-02-29 09:47:27,672 - INFO - --> RESULT SCAN
2024-02-29 09:47:27,672 - INFO - PASS SCAN
2024-02-29 09:47:27,672 - INFO - ----------- SEND TO MES -----------
2024-02-29 09:47:27,690 - WARNING - Wrong PLC Signal
2024-02-29 09:47:27,705 - WARNING - Wrong PLC Signal
2024-02-29 09:47:27,915 - INFO - --> Send Data SN:  J464053005F25R2RD
2024-02-29 09:47:27,916 - WARNING - Wrong PLC Signal
2024-02-29 09:50:44,286 - ERROR - Can't connect with MES APP
2024-02-29 09:50:59,949 - INFO - 
xxxxxxxxxxxxxxxxxxxxxxxxxxxxxxxx
2024-02-29 09:50:59,949 - INFO - --> Received scan signal from PLC
2024-02-29 09:50:59,949 - INFO - --> ------ SCAN SIGNAL -------
2024-02-29 09:51:00,042 - INFO - --> RESULT SCAN
2024-02-29 09:51:00,043 - INFO - PASS SCAN
2024-02-29 09:51:00,043 - INFO - ----------- SEND TO MES -----------
2024-02-29 09:51:00,059 - WARNING - Wrong PLC Signal
2024-02-29 09:51:00,074 - WARNING - Wrong PLC Signal
2024-02-29 09:51:00,284 - INFO - --> Send Data SN:  J464053005F25R2RD
2024-02-29 09:51:00,298 - WARNING - Wrong PLC Signal
2024-02-29 09:51:50,128 - INFO - 
xxxxxxxxxxxxxxxxxxxxxxxxxxxxxxxx
2024-02-29 09:51:50,128 - INFO - --> Received scan signal from PLC
2024-02-29 09:51:50,128 - INFO - --> ------ SCAN SIGNAL -------
2024-02-29 09:51:50,204 - INFO - --> RESULT SCAN
2024-02-29 09:51:50,204 - INFO - PASS SCAN
2024-02-29 09:51:50,204 - INFO - ----------- SEND TO MES -----------
2024-02-29 09:51:50,222 - WARNING - Wrong PLC Signal
2024-02-29 09:51:50,238 - WARNING - Wrong PLC Signal
2024-02-29 09:51:50,317 - INFO - --> Send Data SN:  J464053005F25R2RD
2024-02-29 09:51:50,322 - WARNING - Wrong PLC Signal
2024-02-29 09:54:54,974 - ERROR - Can't connect with MES APP
2024-02-29 09:55:03,466 - INFO - 
xxxxxxxxxxxxxxxxxxxxxxxxxxxxxxxx
2024-02-29 09:55:03,466 - INFO - --> Received scan signal from PLC
2024-02-29 09:55:03,466 - INFO - --> ------ SCAN SIGNAL -------
2024-02-29 09:55:03,552 - INFO - --> RESULT SCAN
2024-02-29 09:55:03,552 - INFO - PASS SCAN
2024-02-29 09:55:03,552 - INFO - ----------- SEND TO MES -----------
2024-02-29 09:55:03,577 - WARNING - Wrong PLC Signal
2024-02-29 09:55:03,804 - INFO - --> Send Data SN:  J464053005F25R2RD
2024-02-29 09:55:03,805 - WARNING - Wrong PLC Signal
2024-02-29 09:55:35,474 - INFO - 
xxxxxxxxxxxxxxxxxxxxxxxxxxxxxxxx
2024-02-29 09:55:35,474 - INFO - --> Received scan signal from PLC
2024-02-29 09:55:35,474 - INFO - --> ------ SCAN SIGNAL -------
2024-02-29 09:55:35,555 - INFO - --> RESULT SCAN
2024-02-29 09:55:35,555 - INFO - PASS SCAN
2024-02-29 09:55:35,555 - INFO - ----------- SEND TO MES -----------
2024-02-29 09:55:35,582 - WARNING - Wrong PLC Signal
2024-02-29 09:55:35,819 - INFO - --> Send Data SN:  J464053005F25R2RD
2024-02-29 09:55:35,822 - WARNING - Wrong PLC Signal
2024-02-29 09:55:36,209 - INFO - Please scan lot no
2024-02-29 09:55:36,223 - WARNING - Wrong PLC Signal
2024-02-29 09:55:36,239 - WARNING - Wrong PLC Signal
2024-02-29 09:55:36,319 - INFO - --> Send Data FIXTURE:  J464053005F25R2RD
2024-02-29 09:55:36,324 - WARNING - Wrong PLC Signal
2024-02-29 09:55:36,467 - INFO - ------PASS MES-------
2024-02-29 09:55:36,467 - INFO - Data SN: J464053005F25R2RD
2024-02-29 09:55:36,467 - INFO - Data FIXTURE: J464053005F25R2RD
2024-02-29 09:55:41,022 - INFO - 
xxxxxxxxxxxxxxxxxxxxxxxxxxxxxxxx
2024-02-29 09:55:41,022 - INFO - --> Received scan signal from PLC
2024-02-29 09:55:41,022 - INFO - --> ------ SCAN SIGNAL -------
2024-02-29 09:55:41,096 - INFO - --> RESULT SCAN
2024-02-29 09:55:41,096 - INFO - PASS SCAN
2024-02-29 09:55:41,096 - INFO - ----------- SEND TO MES -----------
2024-02-29 09:55:41,115 - WARNING - Wrong PLC Signal
2024-02-29 09:55:41,132 - WARNING - Wrong PLC Signal
2024-02-29 09:55:41,207 - INFO - --> Send Data SN:  J464053005F25R2RD
2024-02-29 09:55:41,217 - WARNING - Wrong PLC Signal
2024-02-29 09:55:43,542 - ERROR - Repetitive operation
2024-02-29 09:55:50,488 - INFO - 
xxxxxxxxxxxxxxxxxxxxxxxxxxxxxxxx
2024-02-29 09:55:50,488 - INFO - --> Received scan signal from PLC
2024-02-29 09:55:50,488 - INFO - --> ------ SCAN SIGNAL -------
2024-02-29 09:55:50,562 - INFO - --> RESULT SCAN
2024-02-29 09:55:50,562 - INFO - PASS SCAN
2024-02-29 09:55:50,562 - INFO - ----------- SEND TO MES -----------
2024-02-29 09:55:50,580 - WARNING - Wrong PLC Signal
2024-02-29 09:55:50,596 - WARNING - Wrong PLC Signal
2024-02-29 09:55:50,674 - INFO - --> Send Data SN:  J464053005F25R2RD
2024-02-29 09:55:50,683 - WARNING - Wrong PLC Signal
2024-02-29 09:55:51,078 - INFO - Please scan lot no
2024-02-29 09:55:51,095 - WARNING - Wrong PLC Signal
2024-02-29 09:55:51,112 - WARNING - Wrong PLC Signal
2024-02-29 09:55:51,190 - INFO - --> Send Data FIXTURE:  J464053005F25R2RD
2024-02-29 09:55:51,194 - WARNING - Wrong PLC Signal
2024-02-29 09:55:51,342 - INFO - ------PASS MES-------
2024-02-29 09:55:51,342 - INFO - Data SN: J464053005F25R2RD
2024-02-29 09:55:51,342 - INFO - Data FIXTURE: J464053005F25R2RD
2024-02-29 09:55:54,865 - INFO - 
xxxxxxxxxxxxxxxxxxxxxxxxxxxxxxxx
2024-02-29 09:55:54,865 - INFO - --> Received scan signal from PLC
2024-02-29 09:55:54,865 - INFO - --> ------ SCAN SIGNAL -------
2024-02-29 09:55:54,938 - INFO - --> RESULT SCAN
2024-02-29 09:55:54,938 - INFO - PASS SCAN
2024-02-29 09:55:54,938 - INFO - ----------- SEND TO MES -----------
2024-02-29 09:55:54,958 - WARNING - Wrong PLC Signal
2024-02-29 09:55:54,974 - WARNING - Wrong PLC Signal
2024-02-29 09:55:55,048 - INFO - --> Send Data SN:  J464053005F25R2RD
2024-02-29 09:55:55,058 - WARNING - Wrong PLC Signal
2024-02-29 09:55:57,406 - ERROR - Repetitive operation
2024-02-29 09:56:03,115 - INFO - 
xxxxxxxxxxxxxxxxxxxxxxxxxxxxxxxx
2024-02-29 09:56:03,115 - INFO - --> Received scan signal from PLC
2024-02-29 09:56:03,115 - INFO - --> ------ SCAN SIGNAL -------
2024-02-29 09:56:03,197 - INFO - --> RESULT SCAN
2024-02-29 09:56:03,198 - INFO - PASS SCAN
2024-02-29 09:56:03,198 - INFO - ----------- SEND TO MES -----------
2024-02-29 09:56:03,211 - WARNING - Wrong PLC Signal
2024-02-29 09:56:03,226 - WARNING - Wrong PLC Signal
2024-02-29 09:56:03,311 - INFO - --> Send Data SN:  J464053005F25R2RD
2024-02-29 09:56:03,311 - WARNING - Wrong PLC Signal
2024-02-29 09:56:05,617 - ERROR - Repetitive operation
2024-02-29 09:56:11,952 - INFO - 
xxxxxxxxxxxxxxxxxxxxxxxxxxxxxxxx
2024-02-29 09:56:11,952 - INFO - --> Received scan signal from PLC
2024-02-29 09:56:11,952 - INFO - --> ------ SCAN SIGNAL -------
2024-02-29 09:56:12,025 - INFO - --> RESULT SCAN
2024-02-29 09:56:12,025 - INFO - PASS SCAN
2024-02-29 09:56:12,025 - INFO - ----------- SEND TO MES -----------
2024-02-29 09:56:12,047 - WARNING - Wrong PLC Signal
2024-02-29 09:56:12,063 - WARNING - Wrong PLC Signal
2024-02-29 09:56:12,139 - INFO - --> Send Data SN:  J464053005F25R2RD
2024-02-29 09:56:12,147 - WARNING - Wrong PLC Signal
2024-02-29 09:56:12,543 - INFO - Please scan lot no
2024-02-29 09:56:12,559 - WARNING - Wrong PLC Signal
2024-02-29 09:56:12,575 - WARNING - Wrong PLC Signal
2024-02-29 09:56:12,653 - INFO - --> Send Data FIXTURE:  J464053005F25R2RD
2024-02-29 09:56:12,658 - WARNING - Wrong PLC Signal
2024-02-29 09:56:12,802 - INFO - ------PASS MES-------
2024-02-29 09:56:12,802 - INFO - Data SN: J464053005F25R2RD
2024-02-29 09:56:12,802 - INFO - Data FIXTURE: J464053005F25R2RD
2024-02-29 09:56:17,847 - INFO - 
xxxxxxxxxxxxxxxxxxxxxxxxxxxxxxxx
2024-02-29 09:56:17,847 - INFO - --> Received scan signal from PLC
2024-02-29 09:56:17,847 - INFO - --> ------ SCAN SIGNAL -------
2024-02-29 09:56:17,923 - INFO - --> RESULT SCAN
2024-02-29 09:56:17,923 - INFO - PASS SCAN
2024-02-29 09:56:17,923 - INFO - ----------- SEND TO MES -----------
2024-02-29 09:56:17,941 - WARNING - Wrong PLC Signal
2024-02-29 09:56:17,955 - WARNING - Wrong PLC Signal
2024-02-29 09:56:18,036 - INFO - --> Send Data SN:  J464053005F25R2RD
2024-02-29 09:56:18,038 - WARNING - Wrong PLC Signal
2024-02-29 09:56:18,440 - INFO - Please scan lot no
2024-02-29 09:56:18,454 - WARNING - Wrong PLC Signal
2024-02-29 09:56:18,469 - WARNING - Wrong PLC Signal
2024-02-29 09:56:18,551 - INFO - --> Send Data FIXTURE:  J464053005F25R2RD
2024-02-29 09:56:18,553 - WARNING - Wrong PLC Signal
2024-02-29 09:56:18,693 - INFO - ------PASS MES-------
2024-02-29 09:56:18,693 - INFO - Data SN: J464053005F25R2RD
2024-02-29 09:56:18,693 - INFO - Data FIXTURE: J464053005F25R2RD
2024-02-29 09:56:21,549 - INFO - 
xxxxxxxxxxxxxxxxxxxxxxxxxxxxxxxx
2024-02-29 09:56:21,549 - INFO - --> Received scan signal from PLC
2024-02-29 09:56:21,549 - INFO - --> ------ SCAN SIGNAL -------
2024-02-29 09:56:21,621 - INFO - --> RESULT SCAN
2024-02-29 09:56:21,621 - INFO - PASS SCAN
2024-02-29 09:56:21,621 - INFO - ----------- SEND TO MES -----------
2024-02-29 09:56:21,643 - WARNING - Wrong PLC Signal
2024-02-29 09:56:21,659 - WARNING - Wrong PLC Signal
2024-02-29 09:56:21,735 - INFO - --> Send Data SN:  J464053005F25R2RD
2024-02-29 09:56:21,742 - WARNING - Wrong PLC Signal
2024-02-29 09:56:22,109 - INFO - Please scan lot no
2024-02-29 09:56:22,125 - WARNING - Wrong PLC Signal
2024-02-29 09:56:22,139 - WARNING - Wrong PLC Signal
2024-02-29 09:56:22,219 - INFO - --> Send Data FIXTURE:  J464053005F25R2RD
2024-02-29 09:56:22,224 - WARNING - Wrong PLC Signal
2024-02-29 09:56:22,369 - INFO - ------PASS MES-------
2024-02-29 09:56:22,369 - INFO - Data SN: J464053005F25R2RD
2024-02-29 09:56:22,369 - INFO - Data FIXTURE: J464053005F25R2RD
2024-02-29 09:56:24,105 - INFO - 
xxxxxxxxxxxxxxxxxxxxxxxxxxxxxxxx
2024-02-29 09:56:24,105 - INFO - --> Received scan signal from PLC
2024-02-29 09:56:24,105 - INFO - --> ------ SCAN SIGNAL -------
2024-02-29 09:56:24,179 - INFO - --> RESULT SCAN
2024-02-29 09:56:24,179 - INFO - PASS SCAN
2024-02-29 09:56:24,179 - INFO - ----------- SEND TO MES -----------
2024-02-29 09:56:24,198 - WARNING - Wrong PLC Signal
2024-02-29 09:56:24,214 - WARNING - Wrong PLC Signal
2024-02-29 09:56:24,291 - INFO - --> Send Data SN:  J464053005F25R2RD
2024-02-29 09:56:24,297 - WARNING - Wrong PLC Signal
2024-02-29 09:56:24,665 - INFO - Please scan lot no
2024-02-29 09:56:24,681 - WARNING - Wrong PLC Signal
2024-02-29 09:56:24,698 - WARNING - Wrong PLC Signal
2024-02-29 09:56:24,776 - INFO - --> Send Data FIXTURE:  J464053005F25R2RD
2024-02-29 09:56:24,782 - WARNING - Wrong PLC Signal
2024-02-29 09:56:24,920 - INFO - ------PASS MES-------
2024-02-29 09:56:24,921 - INFO - Data SN: J464053005F25R2RD
2024-02-29 09:56:24,921 - INFO - Data FIXTURE: J464053005F25R2RD
2024-02-29 09:56:25,770 - INFO - 
xxxxxxxxxxxxxxxxxxxxxxxxxxxxxxxx
2024-02-29 09:56:25,770 - INFO - --> Received scan signal from PLC
2024-02-29 09:56:25,770 - INFO - --> ------ SCAN SIGNAL -------
2024-02-29 09:56:25,846 - INFO - --> RESULT SCAN
2024-02-29 09:56:25,847 - INFO - PASS SCAN
2024-02-29 09:56:25,847 - INFO - ----------- SEND TO MES -----------
2024-02-29 09:56:25,864 - WARNING - Wrong PLC Signal
2024-02-29 09:56:25,880 - WARNING - Wrong PLC Signal
2024-02-29 09:56:25,961 - INFO - --> Send Data SN:  J464053005F25R2RD
2024-02-29 09:56:25,964 - WARNING - Wrong PLC Signal
2024-02-29 09:56:26,336 - INFO - Please scan lot no
2024-02-29 09:56:26,350 - WARNING - Wrong PLC Signal
2024-02-29 09:56:26,365 - WARNING - Wrong PLC Signal
2024-02-29 09:56:26,446 - INFO - --> Send Data FIXTURE:  J464053005F25R2RD
2024-02-29 09:56:26,450 - WARNING - Wrong PLC Signal
2024-02-29 09:56:26,593 - INFO - ------PASS MES-------
2024-02-29 09:56:26,593 - INFO - Data SN: J464053005F25R2RD
2024-02-29 09:56:26,593 - INFO - Data FIXTURE: J464053005F25R2RD
2024-02-29 09:56:27,320 - INFO - 
xxxxxxxxxxxxxxxxxxxxxxxxxxxxxxxx
2024-02-29 09:56:27,320 - INFO - --> Received scan signal from PLC
2024-02-29 09:56:27,320 - INFO - --> ------ SCAN SIGNAL -------
2024-02-29 09:56:27,398 - INFO - --> RESULT SCAN
2024-02-29 09:56:27,398 - INFO - PASS SCAN
2024-02-29 09:56:27,398 - INFO - ----------- SEND TO MES -----------
2024-02-29 09:56:27,415 - WARNING - Wrong PLC Signal
2024-02-29 09:56:27,431 - WARNING - Wrong PLC Signal
2024-02-29 09:56:27,513 - INFO - --> Send Data SN:  J464053005F25R2RD
2024-02-29 09:56:27,515 - WARNING - Wrong PLC Signal
2024-02-29 09:56:29,883 - ERROR - Repetitive operation
2024-02-29 09:58:10,919 - INFO - 
xxxxxxxxxxxxxxxxxxxxxxxxxxxxxxxx
2024-02-29 09:58:10,919 - INFO - --> Received scan signal from PLC
2024-02-29 09:58:10,919 - INFO - --> ------ SCAN SIGNAL -------
2024-02-29 09:58:11,018 - INFO - --> RESULT SCAN
2024-02-29 09:58:11,019 - INFO - PASS SCAN
2024-02-29 09:58:11,019 - INFO - ----------- SEND TO MES -----------
2024-02-29 09:58:11,044 - WARNING - Wrong PLC Signal
2024-02-29 09:58:11,261 - INFO - --> Send Data SN:  J464053005F25R2RD
2024-02-29 09:58:11,269 - WARNING - Wrong PLC Signal
2024-02-29 09:58:11,641 - INFO - Please scan lot no
2024-02-29 09:58:11,667 - WARNING - Wrong PLC Signal
2024-02-29 09:58:11,751 - INFO - --> Send Data FIXTURE:  J464053005F25R2RD
2024-02-29 09:58:11,752 - WARNING - Wrong PLC Signal
2024-02-29 09:58:24,878 - ERROR - Can't connect with MES APP
2024-02-29 09:58:37,743 - INFO - 
xxxxxxxxxxxxxxxxxxxxxxxxxxxxxxxx
2024-02-29 09:58:37,743 - INFO - --> Received scan signal from PLC
2024-02-29 09:58:37,743 - INFO - --> ------ SCAN SIGNAL -------
2024-02-29 09:58:37,832 - INFO - --> RESULT SCAN
2024-02-29 09:58:37,832 - INFO - PASS SCAN
2024-02-29 09:58:37,833 - INFO - ----------- SEND TO MES -----------
2024-02-29 09:58:37,854 - WARNING - Wrong PLC Signal
2024-02-29 09:58:38,071 - INFO - --> Send Data SN:  J464053005F25R2RD
2024-02-29 09:58:38,077 - WARNING - Wrong PLC Signal
2024-02-29 09:59:00,431 - INFO - 
xxxxxxxxxxxxxxxxxxxxxxxxxxxxxxxx
2024-02-29 09:59:00,431 - INFO - --> Received scan signal from PLC
2024-02-29 09:59:00,431 - INFO - --> ------ SCAN SIGNAL -------
2024-02-29 09:59:00,521 - INFO - --> RESULT SCAN
2024-02-29 09:59:00,522 - INFO - PASS SCAN
2024-02-29 09:59:00,522 - INFO - ----------- SEND TO MES -----------
2024-02-29 09:59:00,539 - WARNING - Wrong PLC Signal
2024-02-29 09:59:00,555 - WARNING - Wrong PLC Signal
2024-02-29 09:59:00,763 - INFO - --> Send Data SN:  J464053005F25R2RD
2024-02-29 09:59:00,772 - WARNING - Wrong PLC Signal
2024-02-29 09:59:03,131 - ERROR - Repetitive operation
2024-02-29 09:59:33,960 - ERROR - Can't connect with MES APP
2024-02-29 09:59:41,517 - INFO - 
xxxxxxxxxxxxxxxxxxxxxxxxxxxxxxxx
2024-02-29 09:59:41,517 - INFO - --> Received scan signal from PLC
2024-02-29 09:59:41,517 - INFO - --> ------ SCAN SIGNAL -------
2024-02-29 09:59:41,606 - INFO - --> RESULT SCAN
2024-02-29 09:59:41,606 - INFO - PASS SCAN
2024-02-29 09:59:41,607 - INFO - ----------- SEND TO MES -----------
2024-02-29 09:59:41,625 - WARNING - Wrong PLC Signal
2024-02-29 09:59:41,640 - WARNING - Wrong PLC Signal
2024-02-29 09:59:41,855 - INFO - --> Send Data SN:  J464053005F25R2RD
2024-02-29 09:59:41,865 - WARNING - Wrong PLC Signal
2024-02-29 09:59:48,451 - WARNING - Wrong PLC Signal
2024-02-29 09:59:55,306 - INFO - 
xxxxxxxxxxxxxxxxxxxxxxxxxxxxxxxx
2024-02-29 09:59:55,306 - INFO - --> Received scan signal from PLC
2024-02-29 09:59:55,306 - INFO - --> ------ SCAN SIGNAL -------
2024-02-29 09:59:55,390 - INFO - --> RESULT SCAN
2024-02-29 09:59:55,390 - INFO - PASS SCAN
2024-02-29 09:59:55,391 - INFO - ----------- SEND TO MES -----------
2024-02-29 09:59:55,415 - WARNING - Wrong PLC Signal
2024-02-29 09:59:55,501 - INFO - --> Send Data SN:  J464053005F25R2RD
2024-02-29 09:59:55,515 - WARNING - Wrong PLC Signal
2024-02-29 10:00:05,524 - INFO - 
xxxxxxxxxxxxxxxxxxxxxxxxxxxxxxxx
2024-02-29 10:00:05,524 - INFO - --> Received scan signal from PLC
2024-02-29 10:00:05,524 - INFO - --> ------ SCAN SIGNAL -------
2024-02-29 10:00:05,607 - INFO - --> RESULT SCAN
2024-02-29 10:00:05,607 - INFO - PASS SCAN
2024-02-29 10:00:05,607 - INFO - ----------- SEND TO MES -----------
2024-02-29 10:00:05,621 - WARNING - Wrong PLC Signal
2024-02-29 10:00:05,635 - WARNING - Wrong PLC Signal
2024-02-29 10:00:05,722 - INFO - --> Send Data SN:  J464053005F25R2RD
2024-02-29 10:00:05,735 - WARNING - Wrong PLC Signal
2024-02-29 10:00:11,596 - INFO - 
xxxxxxxxxxxxxxxxxxxxxxxxxxxxxxxx
2024-02-29 10:00:11,596 - INFO - --> Received scan signal from PLC
2024-02-29 10:00:11,596 - INFO - --> ------ SCAN SIGNAL -------
2024-02-29 10:00:11,684 - INFO - --> RESULT SCAN
2024-02-29 10:00:11,684 - INFO - PASS SCAN
2024-02-29 10:00:11,685 - INFO - ----------- SEND TO MES -----------
2024-02-29 10:00:11,709 - WARNING - Wrong PLC Signal
2024-02-29 10:00:11,799 - INFO - --> Send Data SN:  J464053005F25R2RD
2024-02-29 10:00:11,808 - WARNING - Wrong PLC Signal
2024-02-29 10:00:13,692 - WARNING - Received signal PLC when program is processing.
2024-02-29 10:00:27,481 - INFO - 
xxxxxxxxxxxxxxxxxxxxxxxxxxxxxxxx
2024-02-29 10:00:27,481 - INFO - --> Received scan signal from PLC
2024-02-29 10:00:27,481 - INFO - --> ------ SCAN SIGNAL -------
2024-02-29 10:00:27,565 - INFO - --> RESULT SCAN
2024-02-29 10:00:27,565 - INFO - PASS SCAN
2024-02-29 10:00:27,565 - INFO - ----------- SEND TO MES -----------
2024-02-29 10:00:27,592 - WARNING - Wrong PLC Signal
2024-02-29 10:00:27,679 - INFO - --> Send Data SN:  J464053005F25R2RD
2024-02-29 10:00:32,646 - INFO - 
xxxxxxxxxxxxxxxxxxxxxxxxxxxxxxxx
2024-02-29 10:00:32,646 - INFO - --> Received scan signal from PLC
2024-02-29 10:00:32,646 - INFO - --> ------ SCAN SIGNAL -------
2024-02-29 10:00:32,727 - INFO - --> RESULT SCAN
2024-02-29 10:00:32,728 - INFO - PASS SCAN
2024-02-29 10:00:32,728 - INFO - ----------- SEND TO MES -----------
2024-02-29 10:00:32,742 - WARNING - Wrong PLC Signal
2024-02-29 10:00:32,757 - WARNING - Wrong PLC Signal
2024-02-29 10:00:32,841 - INFO - --> Send Data SN:  J464053005F25R2RD
2024-02-29 10:00:32,866 - WARNING - Wrong PLC Signal
2024-02-29 10:00:43,769 - INFO - 
xxxxxxxxxxxxxxxxxxxxxxxxxxxxxxxx
2024-02-29 10:00:43,770 - INFO - --> Received scan signal from PLC
2024-02-29 10:00:43,770 - INFO - --> ------ SCAN SIGNAL -------
2024-02-29 10:00:43,859 - INFO - --> RESULT SCAN
2024-02-29 10:00:43,859 - INFO - PASS SCAN
2024-02-29 10:00:43,860 - INFO - ----------- SEND TO MES -----------
2024-02-29 10:00:43,878 - WARNING - Wrong PLC Signal
2024-02-29 10:00:43,893 - WARNING - Wrong PLC Signal
2024-02-29 10:00:44,131 - INFO - --> Send Data SN:  J464053005F25R2RD
2024-02-29 10:00:44,511 - INFO - Please scan lot no
2024-02-29 10:00:44,621 - INFO - --> Send Data FIXTURE:  J464053005F25R2RD
2024-02-29 10:00:44,767 - INFO - ------PASS MES-------
2024-02-29 10:00:44,767 - INFO - Data SN: J464053005F25R2RD
2024-02-29 10:00:44,767 - INFO - Data FIXTURE: J464053005F25R2RD
2024-02-29 10:00:46,284 - INFO - 
xxxxxxxxxxxxxxxxxxxxxxxxxxxxxxxx
2024-02-29 10:00:46,284 - INFO - --> Received scan signal from PLC
2024-02-29 10:00:46,284 - INFO - --> ------ SCAN SIGNAL -------
2024-02-29 10:00:46,365 - INFO - --> RESULT SCAN
2024-02-29 10:00:46,365 - INFO - PASS SCAN
2024-02-29 10:00:46,365 - INFO - ----------- SEND TO MES -----------
2024-02-29 10:00:46,379 - WARNING - Wrong PLC Signal
2024-02-29 10:00:46,394 - WARNING - Wrong PLC Signal
2024-02-29 10:00:46,478 - INFO - --> Send Data SN:  J464053005F25R2RD
2024-02-29 10:00:46,493 - WARNING - Wrong PLC Signal
2024-02-29 10:00:48,832 - ERROR - Routing Erorr
2024-02-29 10:00:54,995 - INFO - 
xxxxxxxxxxxxxxxxxxxxxxxxxxxxxxxx
2024-02-29 10:00:54,995 - INFO - --> Received scan signal from PLC
2024-02-29 10:00:54,995 - INFO - --> ------ SCAN SIGNAL -------
2024-02-29 10:00:55,077 - INFO - --> RESULT SCAN
2024-02-29 10:00:55,077 - INFO - PASS SCAN
2024-02-29 10:00:55,077 - INFO - ----------- SEND TO MES -----------
2024-02-29 10:00:55,102 - WARNING - Wrong PLC Signal
2024-02-29 10:00:55,119 - WARNING - Wrong PLC Signal
2024-02-29 10:00:55,199 - INFO - --> Send Data SN:  J464053005F25R2RD
2024-02-29 10:00:57,552 - ERROR - Routing Erorr
2024-02-29 10:01:21,674 - INFO - 
xxxxxxxxxxxxxxxxxxxxxxxxxxxxxxxx
2024-02-29 10:01:21,674 - INFO - --> Received scan signal from PLC
2024-02-29 10:01:21,674 - INFO - --> ------ SCAN SIGNAL -------
2024-02-29 10:01:21,761 - INFO - --> RESULT SCAN
2024-02-29 10:01:21,762 - INFO - PASS SCAN
2024-02-29 10:01:21,762 - INFO - ----------- SEND TO MES -----------
2024-02-29 10:01:21,785 - WARNING - Wrong PLC Signal
2024-02-29 10:01:22,001 - INFO - --> Send Data SN:  J464053005F25R2RD
2024-02-29 10:01:22,008 - WARNING - Wrong PLC Signal
2024-02-29 10:01:22,389 - INFO - Please scan lot no
2024-02-29 10:01:22,500 - INFO - --> Send Data FIXTURE:  J464053005F25R2RD
2024-02-29 10:01:22,646 - INFO - ------PASS MES-------
2024-02-29 10:01:22,646 - INFO - Data SN: J464053005F25R2RD
2024-02-29 10:01:22,646 - INFO - Data FIXTURE: J464053005F25R2RD
2024-02-29 10:01:24,142 - INFO - 
xxxxxxxxxxxxxxxxxxxxxxxxxxxxxxxx
2024-02-29 10:01:24,142 - INFO - --> Received scan signal from PLC
2024-02-29 10:01:24,142 - INFO - --> ------ SCAN SIGNAL -------
2024-02-29 10:01:24,223 - INFO - --> RESULT SCAN
2024-02-29 10:01:24,223 - INFO - PASS SCAN
2024-02-29 10:01:24,223 - INFO - ----------- SEND TO MES -----------
2024-02-29 10:01:24,254 - WARNING - Wrong PLC Signal
2024-02-29 10:01:24,335 - INFO - --> Send Data SN:  J464053005F25R2RD
2024-02-29 10:01:24,336 - WARNING - Wrong PLC Signal
2024-02-29 10:01:25,638 - ERROR - Repetitive operation
2024-02-29 10:01:30,222 - INFO - 
xxxxxxxxxxxxxxxxxxxxxxxxxxxxxxxx
2024-02-29 10:01:30,222 - INFO - --> Received scan signal from PLC
2024-02-29 10:01:30,222 - INFO - --> ------ SCAN SIGNAL -------
2024-02-29 10:01:30,307 - INFO - --> RESULT SCAN
2024-02-29 10:01:30,307 - INFO - PASS SCAN
2024-02-29 10:01:30,308 - INFO - ----------- SEND TO MES -----------
2024-02-29 10:01:30,331 - WARNING - Wrong PLC Signal
2024-02-29 10:01:30,418 - INFO - --> Send Data SN:  J464053005F25R2RD
2024-02-29 10:01:31,744 - ERROR - Repetitive operation
2024-02-29 10:01:33,911 - INFO - 
xxxxxxxxxxxxxxxxxxxxxxxxxxxxxxxx
2024-02-29 10:01:33,911 - INFO - --> Received scan signal from PLC
2024-02-29 10:01:33,911 - INFO - --> ------ SCAN SIGNAL -------
2024-02-29 10:01:33,994 - INFO - --> RESULT SCAN
2024-02-29 10:01:33,995 - INFO - PASS SCAN
2024-02-29 10:01:33,995 - INFO - ----------- SEND TO MES -----------
2024-02-29 10:01:34,020 - WARNING - Wrong PLC Signal
2024-02-29 10:01:34,110 - INFO - --> Send Data SN:  J464053005F25R2RD
2024-02-29 10:01:34,496 - INFO - Please scan lot no
2024-02-29 10:01:34,607 - INFO - --> Send Data FIXTURE:  J464053005F25R2RD
2024-02-29 10:01:34,757 - INFO - ------PASS MES-------
2024-02-29 10:01:34,757 - INFO - Data SN: J464053005F25R2RD
2024-02-29 10:01:34,757 - INFO - Data FIXTURE: J464053005F25R2RD
2024-02-29 10:01:37,190 - INFO - 
xxxxxxxxxxxxxxxxxxxxxxxxxxxxxxxx
2024-02-29 10:01:37,190 - INFO - --> Received scan signal from PLC
2024-02-29 10:01:37,190 - INFO - --> ------ SCAN SIGNAL -------
2024-02-29 10:01:37,268 - INFO - --> RESULT SCAN
2024-02-29 10:01:37,268 - INFO - PASS SCAN
2024-02-29 10:01:37,268 - INFO - ----------- SEND TO MES -----------
2024-02-29 10:01:37,283 - WARNING - Wrong PLC Signal
2024-02-29 10:01:37,298 - WARNING - Wrong PLC Signal
2024-02-29 10:01:37,382 - INFO - --> Send Data SN:  J464053005F25R2RD
2024-02-29 10:01:38,718 - ERROR - Repetitive operation
2024-02-29 10:03:32,430 - ERROR - Can't connect with MES APP
2024-02-29 10:03:51,633 - INFO - 
xxxxxxxxxxxxxxxxxxxxxxxxxxxxxxxx
2024-02-29 10:03:51,633 - INFO - --> Received scan signal from PLC
2024-02-29 10:03:51,633 - INFO - --> ------ SCAN SIGNAL -------
2024-02-29 10:03:51,716 - INFO - --> RESULT SCAN
2024-02-29 10:03:51,716 - INFO - PASS SCAN
2024-02-29 10:03:51,716 - INFO - ----------- SEND TO MES -----------
2024-02-29 10:03:51,743 - WARNING - Wrong PLC Signal
2024-02-29 10:03:51,969 - INFO - --> Send Data SN:  J464053005F25R2RD
2024-02-29 10:03:51,984 - WARNING - Wrong PLC Signal
2024-02-29 10:03:52,346 - INFO - Please scan lot no
2024-02-29 10:03:52,456 - INFO - --> Send Data FIXTURE:  J464053005F25R2RD
2024-02-29 10:03:52,594 - INFO - ------PASS MES-------
2024-02-29 10:03:52,594 - INFO - Data SN: J464053005F25R2RD
2024-02-29 10:03:52,594 - INFO - Data FIXTURE: J464053005F25R2RD
2024-02-29 10:03:54,691 - INFO - 
xxxxxxxxxxxxxxxxxxxxxxxxxxxxxxxx
2024-02-29 10:03:54,691 - INFO - --> Received scan signal from PLC
2024-02-29 10:03:54,691 - INFO - --> ------ SCAN SIGNAL -------
2024-02-29 10:03:54,770 - INFO - --> RESULT SCAN
2024-02-29 10:03:54,770 - INFO - PASS SCAN
2024-02-29 10:03:54,770 - INFO - ----------- SEND TO MES -----------
2024-02-29 10:03:54,785 - WARNING - Wrong PLC Signal
2024-02-29 10:03:54,800 - WARNING - Wrong PLC Signal
2024-02-29 10:03:54,880 - INFO - --> Send Data SN:  J464053005F25R2RD
2024-02-29 10:03:54,884 - WARNING - Wrong PLC Signal
2024-02-29 10:03:56,237 - ERROR - Repetitive operation
2024-02-29 10:03:58,014 - INFO - 
xxxxxxxxxxxxxxxxxxxxxxxxxxxxxxxx
2024-02-29 10:03:58,014 - INFO - --> Received scan signal from PLC
2024-02-29 10:03:58,014 - INFO - --> ------ SCAN SIGNAL -------
2024-02-29 10:03:58,092 - INFO - --> RESULT SCAN
2024-02-29 10:03:58,092 - INFO - PASS SCAN
2024-02-29 10:03:58,092 - INFO - ----------- SEND TO MES -----------
2024-02-29 10:03:58,107 - WARNING - Wrong PLC Signal
2024-02-29 10:03:58,124 - WARNING - Wrong PLC Signal
2024-02-29 10:03:58,202 - INFO - --> Send Data SN:  J464053005F25R2RD
2024-02-29 10:03:58,208 - WARNING - Wrong PLC Signal
2024-02-29 10:03:58,573 - INFO - Please scan lot no
2024-02-29 10:03:58,592 - WARNING - Wrong PLC Signal
2024-02-29 10:03:58,608 - WARNING - Wrong PLC Signal
2024-02-29 10:03:58,684 - INFO - --> Send Data FIXTURE:  J464053005F25R2RD
2024-02-29 10:03:58,691 - WARNING - Wrong PLC Signal
2024-02-29 10:03:59,738 - ERROR - Save Error
2024-02-29 10:05:25,796 - ERROR - Can't connect with MES APP
2024-02-29 10:05:35,697 - INFO - 
xxxxxxxxxxxxxxxxxxxxxxxxxxxxxxxx
2024-02-29 10:05:35,697 - INFO - --> Received scan signal from PLC
2024-02-29 10:05:35,697 - INFO - --> ------ SCAN SIGNAL -------
2024-02-29 10:05:35,791 - INFO - --> RESULT SCAN
2024-02-29 10:05:35,791 - INFO - PASS SCAN
2024-02-29 10:05:35,792 - INFO - ----------- SEND TO MES -----------
2024-02-29 10:05:35,808 - WARNING - Wrong PLC Signal
2024-02-29 10:05:35,823 - WARNING - Wrong PLC Signal
2024-02-29 10:05:36,028 - INFO - --> Send Data SN:  J464053005F25R2RD
2024-02-29 10:05:36,032 - WARNING - Wrong PLC Signal
2024-02-29 10:05:57,775 - INFO - 
xxxxxxxxxxxxxxxxxxxxxxxxxxxxxxxx
2024-02-29 10:05:57,775 - INFO - --> Received scan signal from PLC
2024-02-29 10:05:57,775 - INFO - --> ------ SCAN SIGNAL -------
2024-02-29 10:05:59,958 - INFO - --> RESULT SCAN
2024-02-29 10:05:59,959 - INFO - PASS SCAN
2024-02-29 10:05:59,959 - INFO - ----------- SEND TO MES -----------
2024-02-29 10:05:59,974 - WARNING - Wrong PLC Signal
2024-02-29 10:05:59,990 - WARNING - Wrong PLC Signal
2024-02-29 10:06:00,196 - INFO - --> Send Data SN:  J464053005F25R2RD
2024-02-29 10:06:00,198 - WARNING - Wrong PLC Signal
2024-02-29 10:06:00,571 - INFO - Please scan lot no
2024-02-29 10:06:00,585 - WARNING - Wrong PLC Signal
2024-02-29 10:06:00,601 - WARNING - Wrong PLC Signal
2024-02-29 10:06:00,682 - INFO - --> Send Data FIXTURE:  J464053005F25R2RD
2024-02-29 10:06:00,684 - WARNING - Wrong PLC Signal
2024-02-29 10:06:01,695 - ERROR - Save Error
2024-02-29 10:06:23,926 - INFO - 
xxxxxxxxxxxxxxxxxxxxxxxxxxxxxxxx
2024-02-29 10:06:23,926 - INFO - --> Received scan signal from PLC
2024-02-29 10:06:23,926 - INFO - --> ------ SCAN SIGNAL -------
2024-02-29 10:06:24,016 - INFO - --> RESULT SCAN
2024-02-29 10:06:24,016 - INFO - PASS SCAN
2024-02-29 10:06:24,016 - INFO - ----------- SEND TO MES -----------
2024-02-29 10:06:24,037 - WARNING - Wrong PLC Signal
2024-02-29 10:06:24,053 - WARNING - Wrong PLC Signal
2024-02-29 10:06:24,130 - INFO - --> Send Data SN:  J464053005F25R2RD
2024-02-29 10:06:24,137 - WARNING - Wrong PLC Signal
2024-02-29 10:06:25,478 - ERROR - Repetitive operation
2024-02-29 10:06:32,502 - INFO - 
xxxxxxxxxxxxxxxxxxxxxxxxxxxxxxxx
2024-02-29 10:06:32,502 - INFO - --> Received scan signal from PLC
2024-02-29 10:06:32,502 - INFO - --> ------ SCAN SIGNAL -------
2024-02-29 10:06:32,589 - INFO - --> RESULT SCAN
2024-02-29 10:06:32,589 - INFO - PASS SCAN
2024-02-29 10:06:32,590 - INFO - ----------- SEND TO MES -----------
2024-02-29 10:06:32,613 - WARNING - Wrong PLC Signal
2024-02-29 10:06:32,699 - INFO - --> Send Data SN:  J464053005F25R2RD
2024-02-29 10:06:32,713 - WARNING - Wrong PLC Signal
2024-02-29 10:06:34,042 - ERROR - Routing Erorr
2024-02-29 10:06:37,636 - INFO - 
xxxxxxxxxxxxxxxxxxxxxxxxxxxxxxxx
2024-02-29 10:06:37,636 - INFO - --> Received scan signal from PLC
2024-02-29 10:06:37,636 - INFO - --> ------ SCAN SIGNAL -------
2024-02-29 10:06:37,728 - INFO - --> RESULT SCAN
2024-02-29 10:06:37,728 - INFO - PASS SCAN
2024-02-29 10:06:37,728 - INFO - ----------- SEND TO MES -----------
2024-02-29 10:06:37,747 - WARNING - Wrong PLC Signal
2024-02-29 10:06:37,763 - WARNING - Wrong PLC Signal
2024-02-29 10:06:37,838 - INFO - --> Send Data SN:  J464053005F25R2RD
2024-02-29 10:06:37,847 - WARNING - Wrong PLC Signal
2024-02-29 10:06:39,200 - ERROR - Repetitive operation
2024-02-29 10:06:43,020 - INFO - 
xxxxxxxxxxxxxxxxxxxxxxxxxxxxxxxx
2024-02-29 10:06:43,020 - INFO - --> Received scan signal from PLC
2024-02-29 10:06:43,020 - INFO - --> ------ SCAN SIGNAL -------
2024-02-29 10:06:43,105 - INFO - --> RESULT SCAN
2024-02-29 10:06:43,105 - INFO - PASS SCAN
2024-02-29 10:06:43,105 - INFO - ----------- SEND TO MES -----------
2024-02-29 10:06:43,130 - WARNING - Wrong PLC Signal
2024-02-29 10:06:43,161 - WARNING - Wrong PLC Signal
2024-02-29 10:06:43,176 - WARNING - Wrong PLC Signal
2024-02-29 10:06:43,257 - INFO - --> Send Data SN:  J464053005F25R2RD
2024-02-29 10:06:43,260 - WARNING - Wrong PLC Signal
2024-02-29 10:06:43,628 - INFO - Please scan lot no
2024-02-29 10:06:43,643 - WARNING - Wrong PLC Signal
2024-02-29 10:06:43,658 - WARNING - Wrong PLC Signal
2024-02-29 10:06:43,738 - INFO - --> Send Data FIXTURE:  J464053005F25R2RD
2024-02-29 10:06:43,743 - WARNING - Wrong PLC Signal
2024-02-29 10:06:43,869 - INFO - ------PASS MES-------
2024-02-29 10:06:43,869 - INFO - Data SN: J464053005F25R2RD
2024-02-29 10:06:43,869 - INFO - Data FIXTURE: J464053005F25R2RD
2024-02-29 10:06:46,010 - INFO - 
xxxxxxxxxxxxxxxxxxxxxxxxxxxxxxxx
2024-02-29 10:06:46,010 - INFO - --> Received scan signal from PLC
2024-02-29 10:06:46,010 - INFO - --> ------ SCAN SIGNAL -------
2024-02-29 10:06:46,097 - INFO - --> RESULT SCAN
2024-02-29 10:06:46,098 - INFO - PASS SCAN
2024-02-29 10:06:46,098 - INFO - ----------- SEND TO MES -----------
2024-02-29 10:06:46,120 - WARNING - Wrong PLC Signal
2024-02-29 10:06:46,208 - INFO - --> Send Data SN:  J464053005F25R2RD
2024-02-29 10:06:46,220 - WARNING - Wrong PLC Signal
2024-02-29 10:06:47,515 - ERROR - Repetitive operation
2024-02-29 10:06:48,576 - INFO - 
xxxxxxxxxxxxxxxxxxxxxxxxxxxxxxxx
2024-02-29 10:06:48,576 - INFO - --> Received scan signal from PLC
2024-02-29 10:06:48,576 - INFO - --> ------ SCAN SIGNAL -------
2024-02-29 10:06:48,665 - INFO - --> RESULT SCAN
2024-02-29 10:06:48,667 - INFO - PASS SCAN
2024-02-29 10:06:48,667 - INFO - ----------- SEND TO MES -----------
2024-02-29 10:06:48,688 - WARNING - Wrong PLC Signal
2024-02-29 10:06:48,704 - WARNING - Wrong PLC Signal
2024-02-29 10:06:48,778 - INFO - --> Send Data SN:  J464053005F25R2RD
2024-02-29 10:06:48,786 - WARNING - Wrong PLC Signal
2024-02-29 10:06:50,125 - ERROR - Repetitive operation
2024-02-29 10:06:53,093 - INFO - 
xxxxxxxxxxxxxxxxxxxxxxxxxxxxxxxx
2024-02-29 10:06:53,093 - INFO - --> Received scan signal from PLC
2024-02-29 10:06:53,093 - INFO - --> ------ SCAN SIGNAL -------
2024-02-29 10:06:53,181 - INFO - --> RESULT SCAN
2024-02-29 10:06:53,181 - INFO - PASS SCAN
2024-02-29 10:06:53,181 - INFO - ----------- SEND TO MES -----------
2024-02-29 10:06:53,201 - WARNING - Wrong PLC Signal
2024-02-29 10:06:53,217 - WARNING - Wrong PLC Signal
2024-02-29 10:06:53,293 - INFO - --> Send Data SN:  J464053005F25R2RD
2024-02-29 10:06:53,300 - WARNING - Wrong PLC Signal
2024-02-29 10:06:54,638 - ERROR - Repetitive operation
2024-02-29 10:06:59,550 - INFO - 
xxxxxxxxxxxxxxxxxxxxxxxxxxxxxxxx
2024-02-29 10:06:59,550 - INFO - --> Received scan signal from PLC
2024-02-29 10:06:59,550 - INFO - --> ------ SCAN SIGNAL -------
2024-02-29 10:06:59,637 - INFO - --> RESULT SCAN
2024-02-29 10:06:59,637 - INFO - PASS SCAN
2024-02-29 10:06:59,637 - INFO - ----------- SEND TO MES -----------
2024-02-29 10:06:59,659 - WARNING - Wrong PLC Signal
2024-02-29 10:06:59,674 - WARNING - Wrong PLC Signal
2024-02-29 10:06:59,750 - INFO - --> Send Data SN:  J464053005F25R2RD
2024-02-29 10:06:59,759 - WARNING - Wrong PLC Signal
2024-02-29 10:07:01,100 - ERROR - Routing Erorr
2024-02-29 10:07:04,198 - INFO - 
xxxxxxxxxxxxxxxxxxxxxxxxxxxxxxxx
2024-02-29 10:07:04,198 - INFO - --> Received scan signal from PLC
2024-02-29 10:07:04,198 - INFO - --> ------ SCAN SIGNAL -------
2024-02-29 10:07:04,284 - INFO - --> RESULT SCAN
2024-02-29 10:07:04,284 - INFO - PASS SCAN
2024-02-29 10:07:04,285 - INFO - ----------- SEND TO MES -----------
2024-02-29 10:07:04,307 - WARNING - Wrong PLC Signal
2024-02-29 10:07:04,395 - INFO - --> Send Data SN:  J464053005F25R2RD
2024-02-29 10:07:04,407 - WARNING - Wrong PLC Signal
2024-02-29 10:07:05,737 - ERROR - Routing Erorr
2024-02-29 10:07:08,213 - INFO - 
xxxxxxxxxxxxxxxxxxxxxxxxxxxxxxxx
2024-02-29 10:07:08,213 - INFO - --> Received scan signal from PLC
2024-02-29 10:07:08,213 - INFO - --> ------ SCAN SIGNAL -------
2024-02-29 10:07:08,303 - INFO - --> RESULT SCAN
2024-02-29 10:07:08,304 - INFO - PASS SCAN
2024-02-29 10:07:08,304 - INFO - ----------- SEND TO MES -----------
2024-02-29 10:07:08,323 - WARNING - Wrong PLC Signal
2024-02-29 10:07:08,338 - WARNING - Wrong PLC Signal
2024-02-29 10:07:08,415 - INFO - --> Send Data SN:  J464053005F25R2RD
2024-02-29 10:07:08,422 - WARNING - Wrong PLC Signal
2024-02-29 10:07:08,782 - INFO - Please scan lot no
2024-02-29 10:07:08,804 - WARNING - Wrong PLC Signal
2024-02-29 10:07:08,892 - INFO - --> Send Data FIXTURE:  J464053005F25R2RD
2024-02-29 10:07:08,904 - WARNING - Wrong PLC Signal
2024-02-29 10:07:09,906 - ERROR - Save Error
2024-02-29 10:07:10,796 - INFO - 
xxxxxxxxxxxxxxxxxxxxxxxxxxxxxxxx
2024-02-29 10:07:10,796 - INFO - --> Received scan signal from PLC
2024-02-29 10:07:10,796 - INFO - --> ------ SCAN SIGNAL -------
2024-02-29 10:07:10,886 - INFO - --> RESULT SCAN
2024-02-29 10:07:10,886 - INFO - PASS SCAN
2024-02-29 10:07:10,886 - INFO - ----------- SEND TO MES -----------
2024-02-29 10:07:10,906 - WARNING - Wrong PLC Signal
2024-02-29 10:07:10,922 - WARNING - Wrong PLC Signal
2024-02-29 10:07:10,998 - INFO - --> Send Data SN:  J464053005F25R2RD
2024-02-29 10:07:11,007 - WARNING - Wrong PLC Signal
2024-02-29 10:07:12,350 - ERROR - Repetitive operation
2024-02-29 10:07:13,782 - INFO - 
xxxxxxxxxxxxxxxxxxxxxxxxxxxxxxxx
2024-02-29 10:07:13,782 - INFO - --> Received scan signal from PLC
2024-02-29 10:07:13,782 - INFO - --> ------ SCAN SIGNAL -------
2024-02-29 10:07:13,873 - INFO - --> RESULT SCAN
2024-02-29 10:07:13,873 - INFO - PASS SCAN
2024-02-29 10:07:13,873 - INFO - ----------- SEND TO MES -----------
2024-02-29 10:07:13,892 - WARNING - Wrong PLC Signal
2024-02-29 10:07:13,908 - WARNING - Wrong PLC Signal
2024-02-29 10:07:13,984 - INFO - --> Send Data SN:  J464053005F25R2RD
2024-02-29 10:07:13,994 - WARNING - Wrong PLC Signal
2024-02-29 10:07:14,350 - INFO - Please scan lot no
2024-02-29 10:07:14,364 - WARNING - Wrong PLC Signal
2024-02-29 10:07:14,380 - WARNING - Wrong PLC Signal
2024-02-29 10:07:14,459 - INFO - --> Send Data FIXTURE:  J464053005F25R2RD
2024-02-29 10:07:14,463 - WARNING - Wrong PLC Signal
2024-02-29 13:27:59,814 - ERROR - Can't connect with MES APP
2024-02-29 13:28:07,138 - ERROR - Can't connect with MES APP
2024-02-29 13:29:02,831 - INFO - 
xxxxxxxxxxxxxxxxxxxxxxxxxxxxxxxx
2024-02-29 13:29:02,831 - INFO - --> Received scan signal from PLC
2024-02-29 13:29:02,831 - INFO - --> ------ SCAN SIGNAL -------
2024-02-29 13:29:02,945 - INFO - --> RESULT SCAN
2024-02-29 13:29:02,945 - INFO - PASS SCAN
2024-02-29 13:29:02,945 - INFO - ----------- SEND TO MES -----------
2024-02-29 13:29:02,959 - WARNING - Wrong PLC Signal
2024-02-29 13:29:02,975 - WARNING - Wrong PLC Signal
2024-02-29 13:29:03,195 - INFO - --> Send Data SN:  J464053005F25R2RD
2024-02-29 13:29:03,198 - WARNING - Wrong PLC Signal
2024-02-29 13:29:09,266 - INFO - 
xxxxxxxxxxxxxxxxxxxxxxxxxxxxxxxx
2024-02-29 13:29:09,266 - INFO - --> Received scan signal from PLC
2024-02-29 13:29:09,266 - INFO - --> ------ SCAN SIGNAL -------
2024-02-29 13:29:09,349 - INFO - --> RESULT SCAN
2024-02-29 13:29:09,349 - INFO - PASS SCAN
2024-02-29 13:29:09,349 - INFO - ----------- SEND TO MES -----------
2024-02-29 13:29:09,376 - WARNING - Wrong PLC Signal
2024-02-29 13:29:09,460 - INFO - --> Send Data SN:  J464053005F25R2RD
2024-02-29 13:29:09,476 - WARNING - Wrong PLC Signal
2024-02-29 13:29:14,135 - INFO - 
xxxxxxxxxxxxxxxxxxxxxxxxxxxxxxxx
2024-02-29 13:29:14,135 - INFO - --> Received scan signal from PLC
2024-02-29 13:29:14,135 - INFO - --> ------ SCAN SIGNAL -------
2024-02-29 13:29:14,727 - INFO - --> RESULT SCAN
2024-02-29 13:29:14,728 - INFO - PASS SCAN
2024-02-29 13:29:14,728 - INFO - ----------- SEND TO MES -----------
2024-02-29 13:29:14,749 - WARNING - Wrong PLC Signal
2024-02-29 13:29:14,765 - WARNING - Wrong PLC Signal
2024-02-29 13:29:14,841 - INFO - --> Send Data SN:  J464053005F25R2RD
2024-02-29 13:29:14,849 - WARNING - Wrong PLC Signal
2024-02-29 13:29:27,000 - WARNING - Wrong PLC Signal
2024-02-29 13:29:27,204 - WARNING - Wrong PLC Signal
2024-02-29 13:29:27,346 - WARNING - Wrong PLC Signal
2024-02-29 13:29:46,678 - INFO - 
xxxxxxxxxxxxxxxxxxxxxxxxxxxxxxxx
2024-02-29 13:29:46,678 - INFO - --> Received scan signal from PLC
2024-02-29 13:29:46,678 - INFO - --> ------ SCAN SIGNAL -------
2024-02-29 13:29:46,767 - INFO - --> RESULT SCAN
2024-02-29 13:29:46,767 - INFO - PASS SCAN
2024-02-29 13:29:46,767 - INFO - ----------- SEND TO MES -----------
2024-02-29 13:29:46,791 - WARNING - Wrong PLC Signal
2024-02-29 13:29:46,879 - INFO - --> Send Data SN:  J464053005F25R2RD
2024-02-29 13:29:46,890 - WARNING - Wrong PLC Signal
2024-02-29 13:29:51,449 - INFO - 
xxxxxxxxxxxxxxxxxxxxxxxxxxxxxxxx
2024-02-29 13:29:51,449 - INFO - --> Received scan signal from PLC
2024-02-29 13:29:51,449 - INFO - --> ------ SCAN SIGNAL -------
2024-02-29 13:29:51,526 - INFO - --> RESULT SCAN
2024-02-29 13:29:51,527 - INFO - PASS SCAN
2024-02-29 13:29:51,527 - INFO - ----------- SEND TO MES -----------
2024-02-29 13:29:51,541 - WARNING - Wrong PLC Signal
2024-02-29 13:29:51,557 - WARNING - Wrong PLC Signal
2024-02-29 13:29:51,640 - INFO - --> Send Data SN:  J464053005F25R2RD
2024-02-29 13:29:51,641 - WARNING - Wrong PLC Signal
2024-02-29 13:29:54,395 - INFO - 
xxxxxxxxxxxxxxxxxxxxxxxxxxxxxxxx
2024-02-29 13:29:54,395 - INFO - --> Received scan signal from PLC
2024-02-29 13:29:54,395 - INFO - --> ------ SCAN SIGNAL -------
2024-02-29 13:29:54,475 - INFO - --> RESULT SCAN
2024-02-29 13:29:54,475 - INFO - PASS SCAN
2024-02-29 13:29:54,475 - INFO - ----------- SEND TO MES -----------
2024-02-29 13:29:54,505 - WARNING - Wrong PLC Signal
2024-02-29 13:29:54,586 - INFO - --> Send Data SN:  J464053005F25R2RD
2024-02-29 13:29:54,588 - WARNING - Wrong PLC Signal
2024-02-29 13:30:10,701 - ERROR - CAM ERROR
2024-02-29 13:30:10,701 - ERROR - Camera Error
2024-02-29 13:30:11,729 - ERROR - Camera Error
2024-02-29 13:30:11,729 - ERROR - CAM ERROR
2024-02-29 13:30:15,613 - WARNING - Received signal PLC when program is processing.
2024-02-29 13:30:19,150 - WARNING - Received signal PLC when program is processing.
2024-02-29 13:30:29,478 - INFO - 
xxxxxxxxxxxxxxxxxxxxxxxxxxxxxxxx
2024-02-29 13:30:29,478 - INFO - --> Received scan signal from PLC
2024-02-29 13:30:29,478 - INFO - --> ------ SCAN SIGNAL -------
2024-02-29 13:30:29,566 - INFO - --> RESULT SCAN
2024-02-29 13:30:29,566 - INFO - PASS SCAN
2024-02-29 13:30:29,567 - INFO - ----------- SEND TO MES -----------
2024-02-29 13:30:29,591 - WARNING - Wrong PLC Signal
2024-02-29 13:30:29,811 - INFO - --> Send Data SN:  J464053005F25R2RD
2024-02-29 13:30:29,816 - WARNING - Wrong PLC Signal
2024-02-29 13:30:31,150 - ERROR - Save Error
2024-02-29 13:30:33,857 - INFO - 
xxxxxxxxxxxxxxxxxxxxxxxxxxxxxxxx
2024-02-29 13:30:33,857 - INFO - --> Received scan signal from PLC
2024-02-29 13:30:33,857 - INFO - --> ------ SCAN SIGNAL -------
2024-02-29 13:30:33,941 - INFO - --> RESULT SCAN
2024-02-29 13:30:33,941 - INFO - PASS SCAN
2024-02-29 13:30:33,941 - INFO - ----------- SEND TO MES -----------
2024-02-29 13:30:33,966 - WARNING - Wrong PLC Signal
2024-02-29 13:30:34,053 - INFO - --> Send Data SN:  J464053005F25R2RD
2024-02-29 13:30:34,066 - WARNING - Wrong PLC Signal
2024-02-29 13:30:34,423 - INFO - Please scan lot no
2024-02-29 13:30:34,437 - WARNING - Wrong PLC Signal
2024-02-29 13:30:34,452 - WARNING - Wrong PLC Signal
2024-02-29 13:30:34,535 - INFO - --> Send Data FIXTURE:  J464053005F25R2RD
2024-02-29 13:30:34,536 - WARNING - Wrong PLC Signal
2024-02-29 13:30:34,669 - INFO - ------PASS MES-------
2024-02-29 13:30:34,669 - INFO - Data SN: J464053005F25R2RD
2024-02-29 13:30:34,669 - INFO - Data FIXTURE: J464053005F25R2RD
2024-02-29 13:30:37,294 - INFO - 
xxxxxxxxxxxxxxxxxxxxxxxxxxxxxxxx
2024-02-29 13:30:37,294 - INFO - --> Received scan signal from PLC
2024-02-29 13:30:37,294 - INFO - --> ------ SCAN SIGNAL -------
2024-02-29 13:30:37,379 - INFO - --> RESULT SCAN
2024-02-29 13:30:37,379 - INFO - PASS SCAN
2024-02-29 13:30:37,379 - INFO - ----------- SEND TO MES -----------
2024-02-29 13:30:37,403 - WARNING - Wrong PLC Signal
2024-02-29 13:30:37,491 - INFO - --> Send Data SN:  J464053005F25R2RD
2024-02-29 13:30:37,504 - WARNING - Wrong PLC Signal
2024-02-29 13:30:38,827 - ERROR - Repetitive operation
2024-02-29 13:30:40,903 - INFO - 
xxxxxxxxxxxxxxxxxxxxxxxxxxxxxxxx
2024-02-29 13:30:40,903 - INFO - --> Received scan signal from PLC
2024-02-29 13:30:40,903 - INFO - --> ------ SCAN SIGNAL -------
2024-02-29 13:30:40,985 - INFO - --> RESULT SCAN
2024-02-29 13:30:40,985 - INFO - PASS SCAN
2024-02-29 13:30:40,985 - INFO - ----------- SEND TO MES -----------
2024-02-29 13:30:41,014 - WARNING - Wrong PLC Signal
2024-02-29 13:30:41,096 - INFO - --> Send Data SN:  J464053005F25R2RD
2024-02-29 13:30:41,097 - WARNING - Wrong PLC Signal
2024-02-29 13:30:41,480 - INFO - Please scan lot no
2024-02-29 13:30:41,497 - WARNING - Wrong PLC Signal
2024-02-29 13:30:41,512 - WARNING - Wrong PLC Signal
2024-02-29 13:30:41,590 - INFO - --> Send Data FIXTURE:  J464053005F25R2RD
2024-02-29 13:30:41,596 - WARNING - Wrong PLC Signal
2024-02-29 13:30:41,720 - INFO - ------PASS MES-------
2024-02-29 13:30:41,720 - INFO - Data SN: J464053005F25R2RD
2024-02-29 13:30:41,720 - INFO - Data FIXTURE: J464053005F25R2RD
2024-02-29 13:30:44,409 - INFO - 
xxxxxxxxxxxxxxxxxxxxxxxxxxxxxxxx
2024-02-29 13:30:44,409 - INFO - --> Received scan signal from PLC
2024-02-29 13:30:44,409 - INFO - --> ------ SCAN SIGNAL -------
2024-02-29 13:30:44,492 - INFO - --> RESULT SCAN
2024-02-29 13:30:44,492 - INFO - PASS SCAN
2024-02-29 13:30:44,492 - INFO - ----------- SEND TO MES -----------
2024-02-29 13:30:44,519 - WARNING - Wrong PLC Signal
2024-02-29 13:30:44,607 - INFO - --> Send Data SN:  J464053005F25R2RD
2024-02-29 13:30:44,619 - WARNING - Wrong PLC Signal
2024-02-29 13:30:44,972 - INFO - Please scan lot no
2024-02-29 13:30:44,988 - WARNING - Wrong PLC Signal
2024-02-29 13:30:45,005 - WARNING - Wrong PLC Signal
2024-02-29 13:30:45,082 - INFO - --> Send Data FIXTURE:  J464053005F25R2RD
2024-02-29 13:30:45,088 - WARNING - Wrong PLC Signal
2024-02-29 13:30:45,211 - INFO - ------PASS MES-------
2024-02-29 13:30:45,211 - INFO - Data SN: J464053005F25R2RD
2024-02-29 13:30:45,211 - INFO - Data FIXTURE: J464053005F25R2RD
2024-02-29 13:30:46,418 - INFO - 
xxxxxxxxxxxxxxxxxxxxxxxxxxxxxxxx
2024-02-29 13:30:46,418 - INFO - --> Received scan signal from PLC
2024-02-29 13:30:46,418 - INFO - --> ------ SCAN SIGNAL -------
2024-02-29 13:30:46,501 - INFO - --> RESULT SCAN
2024-02-29 13:30:46,501 - INFO - PASS SCAN
2024-02-29 13:30:46,501 - INFO - ----------- SEND TO MES -----------
2024-02-29 13:30:46,528 - WARNING - Wrong PLC Signal
2024-02-29 13:30:46,612 - INFO - --> Send Data SN:  J464053005F25R2RD
2024-02-29 13:30:46,628 - WARNING - Wrong PLC Signal
2024-02-29 13:30:46,983 - INFO - Please scan lot no
2024-02-29 13:30:46,997 - WARNING - Wrong PLC Signal
2024-02-29 13:30:47,012 - WARNING - Wrong PLC Signal
2024-02-29 13:30:47,092 - INFO - --> Send Data FIXTURE:  J464053005F25R2RD
2024-02-29 13:30:47,096 - WARNING - Wrong PLC Signal
2024-02-29 13:30:48,118 - ERROR - Save Error
2024-02-29 13:30:50,136 - INFO - 
xxxxxxxxxxxxxxxxxxxxxxxxxxxxxxxx
2024-02-29 13:30:50,136 - INFO - --> Received scan signal from PLC
2024-02-29 13:30:50,136 - INFO - --> ------ SCAN SIGNAL -------
2024-02-29 13:30:54,712 - INFO - --> RESULT SCAN
2024-02-29 13:30:54,713 - ERROR - FAILED
2024-02-29 13:30:54,713 - ERROR - ------FAIL SCAN-------
2024-02-29 13:30:54,713 - ERROR - Data SN: None
2024-02-29 13:30:54,713 - ERROR - Data FIXTURE: None
2024-02-29 13:30:57,382 - INFO - 
xxxxxxxxxxxxxxxxxxxxxxxxxxxxxxxx
2024-02-29 13:30:57,382 - INFO - --> Received scan signal from PLC
2024-02-29 13:30:57,382 - INFO - --> ------ SCAN SIGNAL -------
2024-02-29 13:30:57,463 - INFO - --> RESULT SCAN
2024-02-29 13:30:57,463 - INFO - PASS SCAN
2024-02-29 13:30:57,463 - INFO - ----------- SEND TO MES -----------
2024-02-29 13:30:57,490 - WARNING - Wrong PLC Signal
2024-02-29 13:30:57,576 - INFO - --> Send Data SN:  J464053005F25R2RD
2024-02-29 13:30:57,589 - WARNING - Wrong PLC Signal
2024-02-29 13:30:57,945 - INFO - Please scan lot no
2024-02-29 13:30:57,960 - WARNING - Wrong PLC Signal
2024-02-29 13:30:57,975 - WARNING - Wrong PLC Signal
2024-02-29 13:30:58,063 - INFO - --> Send Data FIXTURE:  J464053005F25R2RD
2024-02-29 13:30:58,076 - WARNING - Wrong PLC Signal
2024-02-29 13:30:59,106 - ERROR - Save Error
2024-02-29 13:31:00,253 - INFO - 
xxxxxxxxxxxxxxxxxxxxxxxxxxxxxxxx
2024-02-29 13:31:00,253 - INFO - --> Received scan signal from PLC
2024-02-29 13:31:00,253 - INFO - --> ------ SCAN SIGNAL -------
2024-02-29 13:31:00,334 - INFO - --> RESULT SCAN
2024-02-29 13:31:00,334 - INFO - PASS SCAN
2024-02-29 13:31:00,334 - INFO - ----------- SEND TO MES -----------
2024-02-29 13:31:00,361 - WARNING - Wrong PLC Signal
2024-02-29 13:31:00,447 - INFO - --> Send Data SN:  J464053005F25R2RD
2024-02-29 13:31:00,460 - WARNING - Wrong PLC Signal
2024-02-29 13:31:01,806 - ERROR - Repetitive operation
2024-02-29 13:31:02,810 - INFO - 
xxxxxxxxxxxxxxxxxxxxxxxxxxxxxxxx
2024-02-29 13:31:02,810 - INFO - --> Received scan signal from PLC
2024-02-29 13:31:02,810 - INFO - --> ------ SCAN SIGNAL -------
2024-02-29 13:31:02,891 - INFO - --> RESULT SCAN
2024-02-29 13:31:02,891 - INFO - PASS SCAN
2024-02-29 13:31:02,891 - INFO - ----------- SEND TO MES -----------
2024-02-29 13:31:02,907 - WARNING - Wrong PLC Signal
2024-02-29 13:31:02,922 - WARNING - Wrong PLC Signal
2024-02-29 13:31:03,003 - INFO - --> Send Data SN:  J464053005F25R2RD
2024-02-29 13:31:03,006 - WARNING - Wrong PLC Signal
2024-02-29 13:31:04,338 - ERROR - Routing Erorr
2024-02-29 13:31:05,187 - INFO - 
xxxxxxxxxxxxxxxxxxxxxxxxxxxxxxxx
2024-02-29 13:31:05,187 - INFO - --> Received scan signal from PLC
2024-02-29 13:31:05,187 - INFO - --> ------ SCAN SIGNAL -------
2024-02-29 13:31:05,267 - INFO - --> RESULT SCAN
2024-02-29 13:31:05,267 - INFO - PASS SCAN
2024-02-29 13:31:05,268 - INFO - ----------- SEND TO MES -----------
2024-02-29 13:31:05,282 - WARNING - Wrong PLC Signal
2024-02-29 13:31:05,298 - WARNING - Wrong PLC Signal
2024-02-29 13:31:05,379 - INFO - --> Send Data SN:  J464053005F25R2RD
2024-02-29 13:31:05,381 - WARNING - Wrong PLC Signal
2024-02-29 13:31:05,747 - INFO - Please scan lot no
2024-02-29 13:31:05,765 - WARNING - Wrong PLC Signal
2024-02-29 13:31:05,780 - WARNING - Wrong PLC Signal
2024-02-29 13:31:05,861 - INFO - --> Send Data FIXTURE:  J464053005F25R2RD
2024-02-29 13:31:05,864 - WARNING - Wrong PLC Signal
2024-02-29 13:31:05,992 - INFO - ------PASS MES-------
2024-02-29 13:31:05,992 - INFO - Data SN: J464053005F25R2RD
2024-02-29 13:31:05,992 - INFO - Data FIXTURE: J464053005F25R2RD
2024-02-29 13:31:08,113 - INFO - 
xxxxxxxxxxxxxxxxxxxxxxxxxxxxxxxx
2024-02-29 13:31:08,113 - INFO - --> Received scan signal from PLC
2024-02-29 13:31:08,113 - INFO - --> ------ SCAN SIGNAL -------
2024-02-29 13:31:08,196 - INFO - --> RESULT SCAN
2024-02-29 13:31:08,196 - INFO - PASS SCAN
2024-02-29 13:31:08,196 - INFO - ----------- SEND TO MES -----------
2024-02-29 13:31:08,224 - WARNING - Wrong PLC Signal
2024-02-29 13:31:08,306 - INFO - --> Send Data SN:  J464053005F25R2RD
2024-02-29 13:31:08,307 - WARNING - Wrong PLC Signal
2024-02-29 13:31:09,656 - ERROR - Repetitive operation
2024-02-29 13:31:11,144 - INFO - 
xxxxxxxxxxxxxxxxxxxxxxxxxxxxxxxx
2024-02-29 13:31:11,144 - INFO - --> Received scan signal from PLC
2024-02-29 13:31:11,144 - INFO - --> ------ SCAN SIGNAL -------
2024-02-29 13:31:11,226 - INFO - --> RESULT SCAN
2024-02-29 13:31:11,227 - INFO - PASS SCAN
2024-02-29 13:31:11,227 - INFO - ----------- SEND TO MES -----------
2024-02-29 13:31:11,253 - WARNING - Wrong PLC Signal
2024-02-29 13:31:11,339 - INFO - --> Send Data SN:  J464053005F25R2RD
2024-02-29 13:31:11,352 - WARNING - Wrong PLC Signal
2024-02-29 13:31:12,659 - ERROR - Repetitive operation
2024-02-29 13:31:14,431 - INFO - 
xxxxxxxxxxxxxxxxxxxxxxxxxxxxxxxx
2024-02-29 13:31:14,431 - INFO - --> Received scan signal from PLC
2024-02-29 13:31:14,431 - INFO - --> ------ SCAN SIGNAL -------
2024-02-29 13:31:14,514 - INFO - --> RESULT SCAN
2024-02-29 13:31:14,514 - INFO - PASS SCAN
2024-02-29 13:31:14,515 - INFO - ----------- SEND TO MES -----------
2024-02-29 13:31:14,539 - WARNING - Wrong PLC Signal
2024-02-29 13:31:14,625 - INFO - --> Send Data SN:  J464053005F25R2RD
2024-02-29 13:31:14,638 - WARNING - Wrong PLC Signal
2024-02-29 13:31:15,944 - ERROR - Repetitive operation
2024-02-29 13:31:18,056 - INFO - 
xxxxxxxxxxxxxxxxxxxxxxxxxxxxxxxx
2024-02-29 13:31:18,056 - INFO - --> Received scan signal from PLC
2024-02-29 13:31:18,056 - INFO - --> ------ SCAN SIGNAL -------
2024-02-29 13:31:18,140 - INFO - --> RESULT SCAN
2024-02-29 13:31:18,140 - INFO - PASS SCAN
2024-02-29 13:31:18,140 - INFO - ----------- SEND TO MES -----------
2024-02-29 13:31:18,165 - WARNING - Wrong PLC Signal
2024-02-29 13:31:18,255 - INFO - --> Send Data SN:  J464053005F25R2RD
2024-02-29 13:31:18,268 - WARNING - Wrong PLC Signal
2024-02-29 13:31:18,620 - INFO - Please scan lot no
2024-02-29 13:31:18,635 - WARNING - Wrong PLC Signal
2024-02-29 13:31:18,651 - WARNING - Wrong PLC Signal
2024-02-29 13:31:18,730 - INFO - --> Send Data FIXTURE:  J464053005F25R2RD
2024-02-29 13:31:18,735 - WARNING - Wrong PLC Signal
2024-02-29 13:31:18,860 - INFO - ------PASS MES-------
2024-02-29 13:31:18,860 - INFO - Data SN: J464053005F25R2RD
2024-02-29 13:31:18,860 - INFO - Data FIXTURE: J464053005F25R2RD
2024-02-29 13:31:20,884 - INFO - 
xxxxxxxxxxxxxxxxxxxxxxxxxxxxxxxx
2024-02-29 13:31:20,884 - INFO - --> Received scan signal from PLC
2024-02-29 13:31:20,884 - INFO - --> ------ SCAN SIGNAL -------
2024-02-29 13:31:20,968 - INFO - --> RESULT SCAN
2024-02-29 13:31:20,968 - INFO - PASS SCAN
2024-02-29 13:31:20,968 - INFO - ----------- SEND TO MES -----------
2024-02-29 13:31:20,995 - WARNING - Wrong PLC Signal
2024-02-29 13:31:21,079 - INFO - --> Send Data SN:  J464053005F25R2RD
2024-02-29 13:31:21,094 - WARNING - Wrong PLC Signal
2024-02-29 13:31:22,409 - ERROR - Repetitive operation
2024-02-29 13:31:24,244 - INFO - 
xxxxxxxxxxxxxxxxxxxxxxxxxxxxxxxx
2024-02-29 13:31:24,244 - INFO - --> Received scan signal from PLC
2024-02-29 13:31:24,244 - INFO - --> ------ SCAN SIGNAL -------
2024-02-29 13:31:24,327 - INFO - --> RESULT SCAN
2024-02-29 13:31:24,328 - INFO - PASS SCAN
2024-02-29 13:31:24,328 - INFO - ----------- SEND TO MES -----------
2024-02-29 13:31:24,353 - WARNING - Wrong PLC Signal
2024-02-29 13:31:24,439 - INFO - --> Send Data SN:  J464053005F25R2RD
2024-02-29 13:31:24,451 - WARNING - Wrong PLC Signal
2024-02-29 13:31:25,764 - ERROR - Repetitive operation
2024-02-29 13:31:28,481 - INFO - 
xxxxxxxxxxxxxxxxxxxxxxxxxxxxxxxx
2024-02-29 13:31:28,481 - INFO - --> Received scan signal from PLC
2024-02-29 13:31:28,481 - INFO - --> ------ SCAN SIGNAL -------
2024-02-29 13:31:28,563 - INFO - --> RESULT SCAN
2024-02-29 13:31:28,563 - INFO - PASS SCAN
2024-02-29 13:31:28,563 - INFO - ----------- SEND TO MES -----------
2024-02-29 13:31:28,591 - WARNING - Wrong PLC Signal
2024-02-29 13:31:28,679 - INFO - --> Send Data SN:  J464053005F25R2RD
2024-02-29 13:31:28,687 - WARNING - Wrong PLC Signal
2024-02-29 13:31:29,047 - INFO - Please scan lot no
2024-02-29 13:31:29,067 - WARNING - Wrong PLC Signal
2024-02-29 13:31:29,082 - WARNING - Wrong PLC Signal
2024-02-29 13:31:29,157 - INFO - --> Send Data FIXTURE:  J464053005F25R2RD
2024-02-29 13:31:29,167 - WARNING - Wrong PLC Signal
2024-02-29 13:31:30,179 - ERROR - Save Error
2024-02-29 13:31:31,112 - INFO - 
xxxxxxxxxxxxxxxxxxxxxxxxxxxxxxxx
2024-02-29 13:31:31,112 - INFO - --> Received scan signal from PLC
2024-02-29 13:31:31,112 - INFO - --> ------ SCAN SIGNAL -------
2024-02-29 13:31:31,195 - INFO - --> RESULT SCAN
2024-02-29 13:31:31,196 - INFO - PASS SCAN
2024-02-29 13:31:31,196 - INFO - ----------- SEND TO MES -----------
2024-02-29 13:31:31,223 - WARNING - Wrong PLC Signal
2024-02-29 13:31:31,237 - WARNING - Wrong PLC Signal
2024-02-29 13:31:31,312 - INFO - --> Send Data SN:  J464053005F25R2RD
2024-02-29 13:31:31,324 - WARNING - Wrong PLC Signal
2024-02-29 13:31:31,682 - INFO - Please scan lot no
2024-02-29 13:31:31,695 - WARNING - Wrong PLC Signal
2024-02-29 13:31:31,710 - WARNING - Wrong PLC Signal
2024-02-29 13:31:31,793 - INFO - --> Send Data FIXTURE:  J464053005F25R2RD
2024-02-29 13:31:31,795 - WARNING - Wrong PLC Signal
2024-02-29 13:33:18,104 - INFO - 
xxxxxxxxxxxxxxxxxxxxxxxxxxxxxxxx
2024-02-29 13:33:18,104 - INFO - --> Received scan signal from PLC
2024-02-29 13:33:18,104 - INFO - --> ------ SCAN SIGNAL -------
2024-02-29 13:33:21,133 - INFO - --> RESULT SCAN
2024-02-29 13:33:21,133 - ERROR - FAILED
2024-02-29 13:33:21,133 - ERROR - ------FAIL SCAN-------
2024-02-29 13:33:21,133 - ERROR - Data SN: None
2024-02-29 13:33:21,133 - ERROR - Data FIXTURE: None
2024-02-29 13:33:26,483 - INFO - 
xxxxxxxxxxxxxxxxxxxxxxxxxxxxxxxx
2024-02-29 13:33:26,483 - INFO - --> Received scan signal from PLC
2024-02-29 13:33:26,483 - INFO - --> ------ SCAN SIGNAL -------
2024-02-29 13:33:26,568 - INFO - --> RESULT SCAN
2024-02-29 13:33:26,568 - INFO - PASS SCAN
2024-02-29 13:33:26,568 - INFO - ----------- SEND TO MES -----------
2024-02-29 13:33:26,595 - WARNING - Wrong PLC Signal
2024-02-29 13:33:26,675 - INFO - --> Send Data SN:  J464053005F25R2RD
2024-02-29 13:33:26,678 - WARNING - Wrong PLC Signal
2024-02-29 13:33:32,482 - INFO - 
xxxxxxxxxxxxxxxxxxxxxxxxxxxxxxxx
2024-02-29 13:33:32,482 - INFO - --> Received scan signal from PLC
2024-02-29 13:33:32,482 - INFO - --> ------ SCAN SIGNAL -------
2024-02-29 13:33:32,569 - INFO - --> RESULT SCAN
2024-02-29 13:33:32,569 - INFO - PASS SCAN
2024-02-29 13:33:32,569 - INFO - ----------- SEND TO MES -----------
2024-02-29 13:33:32,593 - WARNING - Wrong PLC Signal
2024-02-29 13:33:32,676 - INFO - --> Send Data SN:  J464053005F25R2RD
2024-02-29 13:33:32,678 - WARNING - Wrong PLC Signal
2024-02-29 13:33:47,622 - INFO - 
xxxxxxxxxxxxxxxxxxxxxxxxxxxxxxxx
2024-02-29 13:33:47,622 - INFO - --> Received scan signal from PLC
2024-02-29 13:33:47,622 - INFO - --> ------ SCAN SIGNAL -------
2024-02-29 13:33:47,706 - INFO - --> RESULT SCAN
2024-02-29 13:33:47,706 - INFO - PASS SCAN
2024-02-29 13:33:47,706 - INFO - ----------- SEND TO MES -----------
2024-02-29 13:33:47,733 - WARNING - Wrong PLC Signal
2024-02-29 13:33:47,818 - INFO - --> Send Data SN:  J464053005F25R2RD
2024-02-29 13:33:47,832 - WARNING - Wrong PLC Signal
2024-02-29 13:33:48,189 - INFO - Please scan lot no
2024-02-29 13:33:48,201 - WARNING - Wrong PLC Signal
2024-02-29 13:33:48,216 - WARNING - Wrong PLC Signal
2024-02-29 13:33:48,298 - INFO - --> Send Data FIXTURE:  J464053005F25R2RD
2024-02-29 13:33:48,302 - WARNING - Wrong PLC Signal
2024-02-29 13:33:48,429 - INFO - ------PASS MES-------
2024-02-29 13:33:48,429 - INFO - Data SN: J464053005F25R2RD
2024-02-29 13:33:48,429 - INFO - Data FIXTURE: J464053005F25R2RD
2024-02-29 13:33:53,504 - INFO - 
xxxxxxxxxxxxxxxxxxxxxxxxxxxxxxxx
2024-02-29 13:33:53,504 - INFO - --> Received scan signal from PLC
2024-02-29 13:33:53,504 - INFO - --> ------ SCAN SIGNAL -------
2024-02-29 13:33:54,339 - INFO - --> RESULT SCAN
2024-02-29 13:33:54,339 - INFO - PASS SCAN
2024-02-29 13:33:54,339 - INFO - ----------- SEND TO MES -----------
2024-02-29 13:33:54,354 - WARNING - Wrong PLC Signal
2024-02-29 13:33:54,369 - WARNING - Wrong PLC Signal
2024-02-29 13:33:54,451 - INFO - --> Send Data SN:  J464053005F25R2RD
2024-02-29 13:33:54,452 - WARNING - Wrong PLC Signal
2024-02-29 13:33:55,766 - ERROR - Repetitive operation
2024-02-29 13:34:08,506 - INFO - 
xxxxxxxxxxxxxxxxxxxxxxxxxxxxxxxx
2024-02-29 13:34:08,506 - INFO - --> Received scan signal from PLC
2024-02-29 13:34:08,506 - INFO - --> ------ SCAN SIGNAL -------
2024-02-29 13:34:08,586 - INFO - --> RESULT SCAN
2024-02-29 13:34:08,586 - INFO - PASS SCAN
2024-02-29 13:34:08,587 - INFO - ----------- SEND TO MES -----------
2024-02-29 13:34:08,600 - WARNING - Wrong PLC Signal
2024-02-29 13:34:08,615 - WARNING - Wrong PLC Signal
2024-02-29 13:34:08,698 - INFO - --> Send Data SN:  J464053005F25R2RD
2024-02-29 13:34:08,714 - WARNING - Wrong PLC Signal
2024-02-29 13:34:09,069 - INFO - Please scan lot no
2024-02-29 13:34:09,084 - WARNING - Wrong PLC Signal
2024-02-29 13:34:09,099 - WARNING - Wrong PLC Signal
2024-02-29 13:34:09,178 - INFO - --> Send Data FIXTURE:  J464053005F25R2RD
2024-02-29 13:34:09,182 - WARNING - Wrong PLC Signal
2024-02-29 13:34:09,345 - INFO - ------PASS MES-------
2024-02-29 13:34:09,345 - INFO - Data SN: J464053005F25R2RD
2024-02-29 13:34:09,345 - INFO - Data FIXTURE: J464053005F25R2RD
2024-02-29 13:34:18,387 - INFO - 
xxxxxxxxxxxxxxxxxxxxxxxxxxxxxxxx
2024-02-29 13:34:18,387 - INFO - --> Received scan signal from PLC
2024-02-29 13:34:18,387 - INFO - --> ------ SCAN SIGNAL -------
2024-02-29 13:34:18,467 - INFO - --> RESULT SCAN
2024-02-29 13:34:18,468 - INFO - PASS SCAN
2024-02-29 13:34:18,468 - INFO - ----------- SEND TO MES -----------
2024-02-29 13:34:18,483 - WARNING - Wrong PLC Signal
2024-02-29 13:34:18,498 - WARNING - Wrong PLC Signal
2024-02-29 13:34:18,578 - INFO - --> Send Data SN:  J464053005F25R2RD
2024-02-29 13:34:18,583 - WARNING - Wrong PLC Signal
2024-02-29 13:34:18,976 - INFO - Please scan lot no
2024-02-29 13:34:18,997 - WARNING - Wrong PLC Signal
2024-02-29 13:34:19,086 - INFO - --> Send Data FIXTURE:  J464053005F25R2RD
2024-02-29 13:34:19,098 - WARNING - Wrong PLC Signal
2024-02-29 13:34:19,221 - INFO - ------PASS MES-------
2024-02-29 13:34:19,221 - INFO - Data SN: J464053005F25R2RD
2024-02-29 13:34:19,221 - INFO - Data FIXTURE: J464053005F25R2RD
2024-02-29 13:34:21,901 - INFO - 
xxxxxxxxxxxxxxxxxxxxxxxxxxxxxxxx
2024-02-29 13:34:21,901 - INFO - --> Received scan signal from PLC
2024-02-29 13:34:21,901 - INFO - --> ------ SCAN SIGNAL -------
2024-02-29 13:34:21,986 - INFO - --> RESULT SCAN
2024-02-29 13:34:21,986 - INFO - PASS SCAN
2024-02-29 13:34:21,987 - INFO - ----------- SEND TO MES -----------
2024-02-29 13:34:22,011 - WARNING - Wrong PLC Signal
2024-02-29 13:34:22,097 - INFO - --> Send Data SN:  J464053005F25R2RD
2024-02-29 13:34:22,110 - WARNING - Wrong PLC Signal
2024-02-29 13:34:22,465 - INFO - Please scan lot no
2024-02-29 13:34:22,477 - WARNING - Wrong PLC Signal
2024-02-29 13:34:22,492 - WARNING - Wrong PLC Signal
2024-02-29 13:34:22,580 - INFO - --> Send Data FIXTURE:  J464053005F25R2RD
2024-02-29 13:34:22,593 - WARNING - Wrong PLC Signal
2024-02-29 13:34:22,719 - INFO - ------PASS MES-------
2024-02-29 13:34:22,720 - INFO - Data SN: J464053005F25R2RD
2024-02-29 13:34:22,720 - INFO - Data FIXTURE: J464053005F25R2RD
2024-02-29 13:34:24,591 - INFO - 
xxxxxxxxxxxxxxxxxxxxxxxxxxxxxxxx
2024-02-29 13:34:24,591 - INFO - --> Received scan signal from PLC
2024-02-29 13:34:24,591 - INFO - --> ------ SCAN SIGNAL -------
2024-02-29 13:34:24,673 - INFO - --> RESULT SCAN
2024-02-29 13:34:24,674 - INFO - PASS SCAN
2024-02-29 13:34:24,674 - INFO - ----------- SEND TO MES -----------
2024-02-29 13:34:24,701 - WARNING - Wrong PLC Signal
2024-02-29 13:34:24,784 - INFO - --> Send Data SN:  J464053005F25R2RD
2024-02-29 13:34:24,799 - WARNING - Wrong PLC Signal
2024-02-29 13:34:26,090 - ERROR - Routing Erorr
2024-02-29 13:35:06,609 - INFO - 
xxxxxxxxxxxxxxxxxxxxxxxxxxxxxxxx
2024-02-29 13:35:06,609 - INFO - --> Received scan signal from PLC
2024-02-29 13:35:06,609 - INFO - --> ------ SCAN SIGNAL -------
2024-02-29 13:35:06,697 - INFO - --> RESULT SCAN
2024-02-29 13:35:06,697 - INFO - PASS SCAN
2024-02-29 13:35:06,697 - INFO - ----------- SEND TO MES -----------
2024-02-29 13:35:06,718 - WARNING - Wrong PLC Signal
2024-02-29 13:35:06,733 - WARNING - Wrong PLC Signal
2024-02-29 13:35:06,953 - INFO - --> Send Data SN:  J464053005F25R2RD
2024-02-29 13:35:06,962 - WARNING - Wrong PLC Signal
2024-02-29 13:35:07,329 - INFO - Please scan lot no
2024-02-29 13:35:07,348 - WARNING - Wrong PLC Signal
2024-02-29 13:35:07,364 - WARNING - Wrong PLC Signal
2024-02-29 13:35:07,443 - INFO - --> Send Data FIXTURE:  J464053005F25R2RD
2024-02-29 13:35:07,449 - WARNING - Wrong PLC Signal
2024-02-29 13:35:07,580 - INFO - ------PASS MES-------
2024-02-29 13:35:07,580 - INFO - Data SN: J464053005F25R2RD
2024-02-29 13:35:07,580 - INFO - Data FIXTURE: J464053005F25R2RD
2024-02-29 13:35:09,597 - INFO - 
xxxxxxxxxxxxxxxxxxxxxxxxxxxxxxxx
2024-02-29 13:35:09,597 - INFO - --> Received scan signal from PLC
2024-02-29 13:35:09,597 - INFO - --> ------ SCAN SIGNAL -------
2024-02-29 13:35:09,681 - INFO - --> RESULT SCAN
2024-02-29 13:35:09,681 - INFO - PASS SCAN
2024-02-29 13:35:09,681 - INFO - ----------- SEND TO MES -----------
2024-02-29 13:35:09,705 - WARNING - Wrong PLC Signal
2024-02-29 13:35:09,793 - INFO - --> Send Data SN:  J464053005F25R2RD
2024-02-29 13:35:09,805 - WARNING - Wrong PLC Signal
2024-02-29 13:35:11,095 - ERROR - Repetitive operation
2024-02-29 13:35:12,737 - INFO - 
xxxxxxxxxxxxxxxxxxxxxxxxxxxxxxxx
2024-02-29 13:35:12,737 - INFO - --> Received scan signal from PLC
2024-02-29 13:35:12,737 - INFO - --> ------ SCAN SIGNAL -------
2024-02-29 13:35:12,818 - INFO - --> RESULT SCAN
2024-02-29 13:35:12,818 - INFO - PASS SCAN
2024-02-29 13:35:12,818 - INFO - ----------- SEND TO MES -----------
2024-02-29 13:35:12,831 - WARNING - Wrong PLC Signal
2024-02-29 13:35:12,846 - WARNING - Wrong PLC Signal
2024-02-29 13:35:12,928 - INFO - --> Send Data SN:  J464053005F25R2RD
2024-02-29 13:35:12,929 - WARNING - Wrong PLC Signal
2024-02-29 13:35:14,236 - ERROR - Routing Erorr
2024-02-29 13:35:16,079 - INFO - 
xxxxxxxxxxxxxxxxxxxxxxxxxxxxxxxx
2024-02-29 13:35:16,079 - INFO - --> Received scan signal from PLC
2024-02-29 13:35:16,079 - INFO - --> ------ SCAN SIGNAL -------
2024-02-29 13:35:16,160 - INFO - --> RESULT SCAN
2024-02-29 13:35:16,160 - INFO - PASS SCAN
2024-02-29 13:35:16,160 - INFO - ----------- SEND TO MES -----------
2024-02-29 13:35:16,174 - WARNING - Wrong PLC Signal
2024-02-29 13:35:16,189 - WARNING - Wrong PLC Signal
2024-02-29 13:35:16,271 - INFO - --> Send Data SN:  J464053005F25R2RD
2024-02-29 13:35:16,275 - WARNING - Wrong PLC Signal
2024-02-29 13:35:17,639 - ERROR - Repetitive operation
2024-02-29 13:35:19,089 - INFO - 
xxxxxxxxxxxxxxxxxxxxxxxxxxxxxxxx
2024-02-29 13:35:19,089 - INFO - --> Received scan signal from PLC
2024-02-29 13:35:19,089 - INFO - --> ------ SCAN SIGNAL -------
2024-02-29 13:35:19,172 - INFO - --> RESULT SCAN
2024-02-29 13:35:19,173 - INFO - PASS SCAN
2024-02-29 13:35:19,173 - INFO - ----------- SEND TO MES -----------
2024-02-29 13:35:19,200 - WARNING - Wrong PLC Signal
2024-02-29 13:35:19,284 - INFO - --> Send Data SN:  J464053005F25R2RD
2024-02-29 13:35:19,285 - WARNING - Wrong PLC Signal
2024-02-29 13:35:20,596 - ERROR - Repetitive operation
2024-02-29 13:35:21,776 - INFO - 
xxxxxxxxxxxxxxxxxxxxxxxxxxxxxxxx
2024-02-29 13:35:21,776 - INFO - --> Received scan signal from PLC
2024-02-29 13:35:21,776 - INFO - --> ------ SCAN SIGNAL -------
2024-02-29 13:35:21,861 - INFO - --> RESULT SCAN
2024-02-29 13:35:21,861 - INFO - PASS SCAN
2024-02-29 13:35:21,861 - INFO - ----------- SEND TO MES -----------
2024-02-29 13:35:21,885 - WARNING - Wrong PLC Signal
2024-02-29 13:35:21,975 - INFO - --> Send Data SN:  J464053005F25R2RD
2024-02-29 13:35:21,984 - WARNING - Wrong PLC Signal
2024-02-29 13:35:22,341 - INFO - Please scan lot no
2024-02-29 13:35:22,354 - WARNING - Wrong PLC Signal
2024-02-29 13:35:22,370 - WARNING - Wrong PLC Signal
2024-02-29 13:35:22,452 - INFO - --> Send Data FIXTURE:  J464053005F25R2RD
2024-02-29 13:35:22,453 - WARNING - Wrong PLC Signal
2024-02-29 13:35:23,500 - ERROR - Save Error
2024-02-29 13:35:24,065 - INFO - 
xxxxxxxxxxxxxxxxxxxxxxxxxxxxxxxx
2024-02-29 13:35:24,065 - INFO - --> Received scan signal from PLC
2024-02-29 13:35:24,065 - INFO - --> ------ SCAN SIGNAL -------
2024-02-29 13:35:24,148 - INFO - --> RESULT SCAN
2024-02-29 13:35:24,148 - INFO - PASS SCAN
2024-02-29 13:35:24,148 - INFO - ----------- SEND TO MES -----------
2024-02-29 13:35:24,175 - WARNING - Wrong PLC Signal
2024-02-29 13:35:24,263 - INFO - --> Send Data SN:  J464053005F25R2RD
2024-02-29 13:35:24,274 - WARNING - Wrong PLC Signal
2024-02-29 13:35:25,567 - ERROR - Routing Erorr
2024-02-29 13:35:27,864 - INFO - 
xxxxxxxxxxxxxxxxxxxxxxxxxxxxxxxx
2024-02-29 13:35:27,864 - INFO - --> Received scan signal from PLC
2024-02-29 13:35:27,864 - INFO - --> ------ SCAN SIGNAL -------
2024-02-29 13:35:27,945 - INFO - --> RESULT SCAN
2024-02-29 13:35:27,945 - INFO - PASS SCAN
2024-02-29 13:35:27,945 - INFO - ----------- SEND TO MES -----------
2024-02-29 13:35:27,959 - WARNING - Wrong PLC Signal
2024-02-29 13:35:27,975 - WARNING - Wrong PLC Signal
2024-02-29 13:35:28,056 - INFO - --> Send Data SN:  J464053005F25R2RD
2024-02-29 13:35:28,060 - WARNING - Wrong PLC Signal
2024-02-29 13:35:29,419 - ERROR - Repetitive operation
2024-02-29 13:35:30,466 - INFO - 
xxxxxxxxxxxxxxxxxxxxxxxxxxxxxxxx
2024-02-29 13:35:30,466 - INFO - --> Received scan signal from PLC
2024-02-29 13:35:30,466 - INFO - --> ------ SCAN SIGNAL -------
2024-02-29 13:35:30,550 - INFO - --> RESULT SCAN
2024-02-29 13:35:30,551 - INFO - PASS SCAN
2024-02-29 13:35:30,551 - INFO - ----------- SEND TO MES -----------
2024-02-29 13:35:30,577 - WARNING - Wrong PLC Signal
2024-02-29 13:35:30,662 - INFO - --> Send Data SN:  J464053005F25R2RD
2024-02-29 13:35:30,677 - WARNING - Wrong PLC Signal
2024-02-29 13:35:31,030 - INFO - Please scan lot no
2024-02-29 13:35:31,045 - WARNING - Wrong PLC Signal
2024-02-29 13:35:31,061 - WARNING - Wrong PLC Signal
2024-02-29 13:35:31,141 - INFO - --> Send Data FIXTURE:  J464053005F25R2RD
2024-02-29 13:35:31,146 - WARNING - Wrong PLC Signal
2024-02-29 13:35:31,284 - INFO - ------PASS MES-------
2024-02-29 13:35:31,285 - INFO - Data SN: J464053005F25R2RD
2024-02-29 13:35:31,285 - INFO - Data FIXTURE: J464053005F25R2RD
2024-02-29 13:35:33,498 - INFO - 
xxxxxxxxxxxxxxxxxxxxxxxxxxxxxxxx
2024-02-29 13:35:33,498 - INFO - --> Received scan signal from PLC
2024-02-29 13:35:33,498 - INFO - --> ------ SCAN SIGNAL -------
2024-02-29 13:35:33,576 - INFO - --> RESULT SCAN
2024-02-29 13:35:33,576 - INFO - PASS SCAN
2024-02-29 13:35:33,576 - INFO - ----------- SEND TO MES -----------
2024-02-29 13:35:33,590 - WARNING - Wrong PLC Signal
2024-02-29 13:35:33,607 - WARNING - Wrong PLC Signal
2024-02-29 13:35:33,688 - INFO - --> Send Data SN:  J464053005F25R2RD
2024-02-29 13:35:33,691 - WARNING - Wrong PLC Signal
2024-02-29 13:35:34,061 - INFO - Please scan lot no
2024-02-29 13:35:34,079 - WARNING - Wrong PLC Signal
2024-02-29 13:35:34,095 - WARNING - Wrong PLC Signal
2024-02-29 13:35:34,172 - INFO - --> Send Data FIXTURE:  J464053005F25R2RD
2024-02-29 13:35:34,178 - WARNING - Wrong PLC Signal
2024-02-29 13:35:35,210 - ERROR - Save Error
2024-02-29 13:35:36,692 - INFO - 
xxxxxxxxxxxxxxxxxxxxxxxxxxxxxxxx
2024-02-29 13:35:36,692 - INFO - --> Received scan signal from PLC
2024-02-29 13:35:36,692 - INFO - --> ------ SCAN SIGNAL -------
2024-02-29 13:35:36,778 - INFO - --> RESULT SCAN
2024-02-29 13:35:36,778 - INFO - PASS SCAN
2024-02-29 13:35:36,778 - INFO - ----------- SEND TO MES -----------
2024-02-29 13:35:36,800 - WARNING - Wrong PLC Signal
2024-02-29 13:35:36,890 - INFO - --> Send Data SN:  J464053005F25R2RD
2024-02-29 13:35:36,899 - WARNING - Wrong PLC Signal
2024-02-29 13:35:38,248 - ERROR - Repetitive operation
2024-02-29 13:35:39,409 - INFO - 
xxxxxxxxxxxxxxxxxxxxxxxxxxxxxxxx
2024-02-29 13:35:39,409 - INFO - --> Received scan signal from PLC
2024-02-29 13:35:39,409 - INFO - --> ------ SCAN SIGNAL -------
2024-02-29 13:35:39,495 - INFO - --> RESULT SCAN
2024-02-29 13:35:39,495 - INFO - PASS SCAN
2024-02-29 13:35:39,495 - INFO - ----------- SEND TO MES -----------
2024-02-29 13:35:39,520 - WARNING - Wrong PLC Signal
2024-02-29 13:35:39,608 - INFO - --> Send Data SN:  J464053005F25R2RD
2024-02-29 13:35:39,620 - WARNING - Wrong PLC Signal
2024-02-29 13:35:40,916 - ERROR - Repetitive operation
2024-02-29 13:35:42,245 - INFO - 
xxxxxxxxxxxxxxxxxxxxxxxxxxxxxxxx
2024-02-29 13:35:42,245 - INFO - --> Received scan signal from PLC
2024-02-29 13:35:42,245 - INFO - --> ------ SCAN SIGNAL -------
2024-02-29 13:35:42,325 - INFO - --> RESULT SCAN
2024-02-29 13:35:42,325 - INFO - PASS SCAN
2024-02-29 13:35:42,325 - INFO - ----------- SEND TO MES -----------
2024-02-29 13:35:42,341 - WARNING - Wrong PLC Signal
2024-02-29 13:35:42,356 - WARNING - Wrong PLC Signal
2024-02-29 13:35:42,440 - INFO - --> Send Data SN:  J464053005F25R2RD
2024-02-29 13:35:42,441 - WARNING - Wrong PLC Signal
2024-02-29 13:35:42,812 - INFO - Please scan lot no
2024-02-29 13:35:42,825 - WARNING - Wrong PLC Signal
2024-02-29 13:35:42,841 - WARNING - Wrong PLC Signal
2024-02-29 13:35:42,922 - INFO - --> Send Data FIXTURE:  J464053005F25R2RD
2024-02-29 13:35:42,924 - WARNING - Wrong PLC Signal
2024-02-29 13:35:43,062 - INFO - ------PASS MES-------
2024-02-29 13:35:43,062 - INFO - Data SN: J464053005F25R2RD
2024-02-29 13:35:43,062 - INFO - Data FIXTURE: J464053005F25R2RD
2024-02-29 13:35:45,103 - INFO - 
xxxxxxxxxxxxxxxxxxxxxxxxxxxxxxxx
2024-02-29 13:35:45,103 - INFO - --> Received scan signal from PLC
2024-02-29 13:35:45,103 - INFO - --> ------ SCAN SIGNAL -------
2024-02-29 13:35:45,186 - INFO - --> RESULT SCAN
2024-02-29 13:35:45,186 - INFO - PASS SCAN
2024-02-29 13:35:45,187 - INFO - ----------- SEND TO MES -----------
2024-02-29 13:35:45,212 - WARNING - Wrong PLC Signal
2024-02-29 13:35:45,299 - INFO - --> Send Data SN:  J464053005F25R2RD
2024-02-29 13:35:45,311 - WARNING - Wrong PLC Signal
2024-02-29 13:35:45,666 - INFO - Please scan lot no
2024-02-29 13:35:45,681 - WARNING - Wrong PLC Signal
2024-02-29 13:35:45,696 - WARNING - Wrong PLC Signal
2024-02-29 13:35:45,776 - INFO - --> Send Data FIXTURE:  J464053005F25R2RD
2024-02-29 13:35:45,779 - WARNING - Wrong PLC Signal
2024-02-29 13:36:02,463 - INFO - 
xxxxxxxxxxxxxxxxxxxxxxxxxxxxxxxx
2024-02-29 13:36:02,463 - INFO - --> Received scan signal from PLC
2024-02-29 13:36:02,463 - INFO - --> ------ SCAN SIGNAL -------
2024-02-29 13:36:02,542 - INFO - --> RESULT SCAN
2024-02-29 13:36:02,542 - INFO - PASS SCAN
2024-02-29 13:36:02,542 - INFO - ----------- SEND TO MES -----------
2024-02-29 13:36:02,556 - WARNING - Wrong PLC Signal
2024-02-29 13:36:02,573 - WARNING - Wrong PLC Signal
2024-02-29 13:36:02,653 - INFO - --> Send Data SN:  J464053005F25R2RD
2024-02-29 13:36:02,657 - WARNING - Wrong PLC Signal
2024-02-29 13:36:03,992 - ERROR - Repetitive operation
2024-02-29 13:36:05,186 - INFO - 
xxxxxxxxxxxxxxxxxxxxxxxxxxxxxxxx
2024-02-29 13:36:05,186 - INFO - --> Received scan signal from PLC
2024-02-29 13:36:05,186 - INFO - --> ------ SCAN SIGNAL -------
2024-02-29 13:36:05,263 - INFO - --> RESULT SCAN
2024-02-29 13:36:05,263 - INFO - PASS SCAN
2024-02-29 13:36:05,263 - INFO - ----------- SEND TO MES -----------
2024-02-29 13:36:05,281 - WARNING - Wrong PLC Signal
2024-02-29 13:36:05,298 - WARNING - Wrong PLC Signal
2024-02-29 13:36:05,377 - INFO - --> Send Data SN:  J464053005F25R2RD
2024-02-29 13:36:05,383 - WARNING - Wrong PLC Signal
2024-02-29 13:36:05,745 - INFO - Please scan lot no
2024-02-29 13:36:05,768 - WARNING - Wrong PLC Signal
2024-02-29 13:36:05,857 - INFO - --> Send Data FIXTURE:  J464053005F25R2RD
2024-02-29 13:36:05,866 - WARNING - Wrong PLC Signal
2024-02-29 13:36:06,860 - ERROR - Save Error
2024-02-29 13:36:08,080 - INFO - 
xxxxxxxxxxxxxxxxxxxxxxxxxxxxxxxx
2024-02-29 13:36:08,080 - INFO - --> Received scan signal from PLC
2024-02-29 13:36:08,080 - INFO - --> ------ SCAN SIGNAL -------
2024-02-29 13:36:08,161 - INFO - --> RESULT SCAN
2024-02-29 13:36:08,161 - INFO - PASS SCAN
2024-02-29 13:36:08,161 - INFO - ----------- SEND TO MES -----------
2024-02-29 13:36:08,174 - WARNING - Wrong PLC Signal
2024-02-29 13:36:08,189 - WARNING - Wrong PLC Signal
2024-02-29 13:36:08,272 - INFO - --> Send Data SN:  J464053005F25R2RD
2024-02-29 13:36:08,274 - WARNING - Wrong PLC Signal
2024-02-29 13:36:08,636 - INFO - Please scan lot no
2024-02-29 13:36:08,659 - WARNING - Wrong PLC Signal
2024-02-29 13:36:08,748 - INFO - --> Send Data FIXTURE:  J464053005F25R2RD
2024-02-29 13:36:08,759 - WARNING - Wrong PLC Signal
2024-02-29 13:36:08,886 - INFO - ------PASS MES-------
2024-02-29 13:36:08,886 - INFO - Data SN: J464053005F25R2RD
2024-02-29 13:36:08,886 - INFO - Data FIXTURE: J464053005F25R2RD
2024-02-29 13:36:29,474 - INFO - 
xxxxxxxxxxxxxxxxxxxxxxxxxxxxxxxx
2024-02-29 13:36:29,474 - INFO - --> Received scan signal from PLC
2024-02-29 13:36:29,474 - INFO - --> ------ SCAN SIGNAL -------
2024-02-29 13:36:29,555 - INFO - --> RESULT SCAN
2024-02-29 13:36:29,556 - INFO - PASS SCAN
2024-02-29 13:36:29,556 - INFO - ----------- SEND TO MES -----------
2024-02-29 13:36:29,583 - WARNING - Wrong PLC Signal
2024-02-29 13:36:29,667 - INFO - --> Send Data SN:  J464053005F25R2RD
2024-02-29 13:36:29,668 - WARNING - Wrong PLC Signal
2024-02-29 13:36:31,010 - ERROR - Repetitive operation
2024-02-29 13:36:33,225 - INFO - 
xxxxxxxxxxxxxxxxxxxxxxxxxxxxxxxx
2024-02-29 13:36:33,225 - INFO - --> Received scan signal from PLC
2024-02-29 13:36:33,225 - INFO - --> ------ SCAN SIGNAL -------
2024-02-29 13:36:33,302 - INFO - --> RESULT SCAN
2024-02-29 13:36:33,302 - INFO - PASS SCAN
2024-02-29 13:36:33,302 - INFO - ----------- SEND TO MES -----------
2024-02-29 13:36:33,318 - WARNING - Wrong PLC Signal
2024-02-29 13:36:33,333 - WARNING - Wrong PLC Signal
2024-02-29 13:36:33,414 - INFO - --> Send Data SN:  J464053005F25R2RD
2024-02-29 13:36:33,418 - WARNING - Wrong PLC Signal
2024-02-29 13:36:34,728 - ERROR - Repetitive operation
2024-02-29 13:36:37,750 - INFO - 
xxxxxxxxxxxxxxxxxxxxxxxxxxxxxxxx
2024-02-29 13:36:37,750 - INFO - --> Received scan signal from PLC
2024-02-29 13:36:37,750 - INFO - --> ------ SCAN SIGNAL -------
2024-02-29 13:36:37,833 - INFO - --> RESULT SCAN
2024-02-29 13:36:37,833 - INFO - PASS SCAN
2024-02-29 13:36:37,833 - INFO - ----------- SEND TO MES -----------
2024-02-29 13:36:37,844 - WARNING - Wrong PLC Signal
2024-02-29 13:36:37,859 - WARNING - Wrong PLC Signal
2024-02-29 13:36:37,948 - INFO - --> Send Data SN:  J464053005F25R2RD
2024-02-29 13:36:37,958 - WARNING - Wrong PLC Signal
2024-02-29 13:36:38,321 - INFO - Please scan lot no
2024-02-29 13:36:38,344 - WARNING - Wrong PLC Signal
2024-02-29 13:36:38,435 - INFO - --> Send Data FIXTURE:  J464053005F25R2RD
2024-02-29 13:36:38,444 - WARNING - Wrong PLC Signal
2024-02-29 13:36:38,581 - INFO - ------PASS MES-------
2024-02-29 13:36:38,581 - INFO - Data SN: J464053005F25R2RD
2024-02-29 13:36:38,581 - INFO - Data FIXTURE: J464053005F25R2RD
2024-02-29 13:36:41,175 - INFO - 
xxxxxxxxxxxxxxxxxxxxxxxxxxxxxxxx
2024-02-29 13:36:41,175 - INFO - --> Received scan signal from PLC
2024-02-29 13:36:41,175 - INFO - --> ------ SCAN SIGNAL -------
2024-02-29 13:36:41,252 - INFO - --> RESULT SCAN
2024-02-29 13:36:41,252 - INFO - PASS SCAN
2024-02-29 13:36:41,253 - INFO - ----------- SEND TO MES -----------
2024-02-29 13:36:41,270 - WARNING - Wrong PLC Signal
2024-02-29 13:36:41,285 - WARNING - Wrong PLC Signal
2024-02-29 13:36:41,366 - INFO - --> Send Data SN:  J464053005F25R2RD
2024-02-29 13:36:41,370 - WARNING - Wrong PLC Signal
2024-02-29 13:36:41,736 - INFO - Please scan lot no
2024-02-29 13:36:41,753 - WARNING - Wrong PLC Signal
2024-02-29 13:36:41,770 - WARNING - Wrong PLC Signal
2024-02-29 13:36:41,846 - INFO - --> Send Data FIXTURE:  J464053005F25R2RD
2024-02-29 13:36:41,853 - WARNING - Wrong PLC Signal
2024-02-29 13:36:41,983 - INFO - ------PASS MES-------
2024-02-29 13:36:41,983 - INFO - Data SN: J464053005F25R2RD
2024-02-29 13:36:41,983 - INFO - Data FIXTURE: J464053005F25R2RD
2024-02-29 13:36:44,284 - INFO - 
xxxxxxxxxxxxxxxxxxxxxxxxxxxxxxxx
2024-02-29 13:36:44,284 - INFO - --> Received scan signal from PLC
2024-02-29 13:36:44,284 - INFO - --> ------ SCAN SIGNAL -------
2024-02-29 13:36:44,361 - INFO - --> RESULT SCAN
2024-02-29 13:36:44,362 - INFO - PASS SCAN
2024-02-29 13:36:44,362 - INFO - ----------- SEND TO MES -----------
2024-02-29 13:36:44,376 - WARNING - Wrong PLC Signal
2024-02-29 13:36:44,392 - WARNING - Wrong PLC Signal
2024-02-29 13:36:44,474 - INFO - --> Send Data SN:  J464053005F25R2RD
2024-02-29 13:36:44,489 - WARNING - Wrong PLC Signal
2024-02-29 13:36:44,842 - INFO - Please scan lot no
2024-02-29 13:36:44,857 - WARNING - Wrong PLC Signal
2024-02-29 13:36:44,872 - WARNING - Wrong PLC Signal
2024-02-29 13:36:44,952 - INFO - --> Send Data FIXTURE:  J464053005F25R2RD
2024-02-29 13:36:44,957 - WARNING - Wrong PLC Signal
2024-02-29 13:36:45,959 - ERROR - Save Error
2024-02-29 13:36:47,631 - INFO - 
xxxxxxxxxxxxxxxxxxxxxxxxxxxxxxxx
2024-02-29 13:36:47,631 - INFO - --> Received scan signal from PLC
2024-02-29 13:36:47,631 - INFO - --> ------ SCAN SIGNAL -------
2024-02-29 13:36:47,713 - INFO - --> RESULT SCAN
2024-02-29 13:36:47,713 - INFO - PASS SCAN
2024-02-29 13:36:47,713 - INFO - ----------- SEND TO MES -----------
2024-02-29 13:36:47,726 - WARNING - Wrong PLC Signal
2024-02-29 13:36:47,741 - WARNING - Wrong PLC Signal
2024-02-29 13:36:47,828 - INFO - --> Send Data SN:  J464053005F25R2RD
2024-02-29 13:36:47,840 - WARNING - Wrong PLC Signal
2024-02-29 13:36:48,205 - INFO - Please scan lot no
2024-02-29 13:36:48,224 - WARNING - Wrong PLC Signal
2024-02-29 13:36:48,314 - INFO - --> Send Data FIXTURE:  J464053005F25R2RD
2024-02-29 13:36:48,324 - WARNING - Wrong PLC Signal
2024-02-29 13:36:48,456 - INFO - ------PASS MES-------
2024-02-29 13:36:48,456 - INFO - Data SN: J464053005F25R2RD
2024-02-29 13:36:48,456 - INFO - Data FIXTURE: J464053005F25R2RD
2024-02-29 13:36:49,630 - INFO - 
xxxxxxxxxxxxxxxxxxxxxxxxxxxxxxxx
2024-02-29 13:36:49,630 - INFO - --> Received scan signal from PLC
2024-02-29 13:36:49,630 - INFO - --> ------ SCAN SIGNAL -------
2024-02-29 13:36:49,709 - INFO - --> RESULT SCAN
2024-02-29 13:36:49,709 - INFO - PASS SCAN
2024-02-29 13:36:49,709 - INFO - ----------- SEND TO MES -----------
2024-02-29 13:36:49,724 - WARNING - Wrong PLC Signal
2024-02-29 13:36:49,741 - WARNING - Wrong PLC Signal
2024-02-29 13:36:49,823 - INFO - --> Send Data SN:  J464053005F25R2RD
2024-02-29 13:36:49,825 - WARNING - Wrong PLC Signal
2024-02-29 13:36:50,200 - INFO - Please scan lot no
2024-02-29 13:36:50,224 - WARNING - Wrong PLC Signal
2024-02-29 13:36:50,311 - INFO - --> Send Data FIXTURE:  J464053005F25R2RD
2024-02-29 13:36:50,323 - WARNING - Wrong PLC Signal
2024-02-29 13:36:50,449 - INFO - ------PASS MES-------
2024-02-29 13:36:50,449 - INFO - Data SN: J464053005F25R2RD
2024-02-29 13:36:50,449 - INFO - Data FIXTURE: J464053005F25R2RD
2024-02-29 13:36:51,249 - INFO - 
xxxxxxxxxxxxxxxxxxxxxxxxxxxxxxxx
2024-02-29 13:36:51,249 - INFO - --> Received scan signal from PLC
2024-02-29 13:36:51,249 - INFO - --> ------ SCAN SIGNAL -------
2024-02-29 13:36:51,331 - INFO - --> RESULT SCAN
2024-02-29 13:36:51,331 - INFO - PASS SCAN
2024-02-29 13:36:51,331 - INFO - ----------- SEND TO MES -----------
2024-02-29 13:36:51,343 - WARNING - Wrong PLC Signal
2024-02-29 13:36:51,359 - WARNING - Wrong PLC Signal
2024-02-29 13:36:51,445 - INFO - --> Send Data SN:  J464053005F25R2RD
2024-02-29 13:36:51,458 - WARNING - Wrong PLC Signal
2024-02-29 13:36:51,816 - INFO - Please scan lot no
2024-02-29 13:36:51,828 - WARNING - Wrong PLC Signal
2024-02-29 13:36:51,845 - WARNING - Wrong PLC Signal
2024-02-29 13:36:51,927 - INFO - --> Send Data FIXTURE:  J464053005F25R2RD
2024-02-29 13:36:51,930 - WARNING - Wrong PLC Signal
2024-02-29 13:36:52,830 - WARNING - Received signal PLC when program is processing.
2024-02-29 13:36:52,967 - ERROR - Save Error
2024-02-29 13:36:54,753 - INFO - 
xxxxxxxxxxxxxxxxxxxxxxxxxxxxxxxx
2024-02-29 13:36:54,753 - INFO - --> Received scan signal from PLC
2024-02-29 13:36:54,753 - INFO - --> ------ SCAN SIGNAL -------
2024-02-29 13:36:54,834 - INFO - --> RESULT SCAN
2024-02-29 13:36:54,834 - INFO - PASS SCAN
2024-02-29 13:36:54,834 - INFO - ----------- SEND TO MES -----------
2024-02-29 13:36:54,847 - WARNING - Wrong PLC Signal
2024-02-29 13:36:54,862 - WARNING - Wrong PLC Signal
2024-02-29 13:36:54,944 - INFO - --> Send Data SN:  J464053005F25R2RD
2024-02-29 13:36:54,947 - WARNING - Wrong PLC Signal
2024-02-29 13:36:55,315 - INFO - Please scan lot no
2024-02-29 13:36:55,330 - WARNING - Wrong PLC Signal
2024-02-29 13:36:55,345 - WARNING - Wrong PLC Signal
2024-02-29 13:36:55,426 - INFO - --> Send Data FIXTURE:  J464053005F25R2RD
2024-02-29 13:36:55,429 - WARNING - Wrong PLC Signal
2024-02-29 13:36:55,561 - INFO - ------PASS MES-------
2024-02-29 13:36:55,561 - INFO - Data SN: J464053005F25R2RD
2024-02-29 13:36:55,561 - INFO - Data FIXTURE: J464053005F25R2RD
2024-02-29 13:36:57,109 - INFO - 
xxxxxxxxxxxxxxxxxxxxxxxxxxxxxxxx
2024-02-29 13:36:57,109 - INFO - --> Received scan signal from PLC
2024-02-29 13:36:57,109 - INFO - --> ------ SCAN SIGNAL -------
2024-02-29 13:36:58,346 - INFO - --> RESULT SCAN
2024-02-29 13:36:58,346 - ERROR - FAILED
2024-02-29 13:36:58,346 - ERROR - ------FAIL SCAN-------
2024-02-29 13:36:58,346 - ERROR - Data SN: None
2024-02-29 13:36:58,346 - ERROR - Data FIXTURE: None
2024-02-29 13:36:59,878 - INFO - 
xxxxxxxxxxxxxxxxxxxxxxxxxxxxxxxx
2024-02-29 13:36:59,878 - INFO - --> Received scan signal from PLC
2024-02-29 13:36:59,878 - INFO - --> ------ SCAN SIGNAL -------
2024-02-29 13:36:59,956 - INFO - --> RESULT SCAN
2024-02-29 13:36:59,956 - INFO - PASS SCAN
2024-02-29 13:36:59,956 - INFO - ----------- SEND TO MES -----------
2024-02-29 13:36:59,972 - WARNING - Wrong PLC Signal
2024-02-29 13:36:59,988 - WARNING - Wrong PLC Signal
2024-02-29 13:37:00,068 - INFO - --> Send Data SN:  J464053005F25R2RD
2024-02-29 13:37:00,072 - WARNING - Wrong PLC Signal
2024-02-29 13:37:01,372 - ERROR - Routing Erorr
2024-02-29 13:37:02,143 - INFO - 
xxxxxxxxxxxxxxxxxxxxxxxxxxxxxxxx
2024-02-29 13:37:02,143 - INFO - --> Received scan signal from PLC
2024-02-29 13:37:02,143 - INFO - --> ------ SCAN SIGNAL -------
2024-02-29 13:37:02,226 - INFO - --> RESULT SCAN
2024-02-29 13:37:02,226 - INFO - PASS SCAN
2024-02-29 13:37:02,226 - INFO - ----------- SEND TO MES -----------
2024-02-29 13:37:02,253 - WARNING - Wrong PLC Signal
2024-02-29 13:37:02,336 - INFO - --> Send Data SN:  J464053005F25R2RD
2024-02-29 13:37:02,337 - WARNING - Wrong PLC Signal
2024-02-29 13:37:03,653 - ERROR - Repetitive operation
2024-02-29 13:37:04,581 - INFO - 
xxxxxxxxxxxxxxxxxxxxxxxxxxxxxxxx
2024-02-29 13:37:04,581 - INFO - --> Received scan signal from PLC
2024-02-29 13:37:04,581 - INFO - --> ------ SCAN SIGNAL -------
2024-02-29 13:37:04,659 - INFO - --> RESULT SCAN
2024-02-29 13:37:04,660 - INFO - PASS SCAN
2024-02-29 13:37:04,660 - INFO - ----------- SEND TO MES -----------
2024-02-29 13:37:04,675 - WARNING - Wrong PLC Signal
2024-02-29 13:37:04,690 - WARNING - Wrong PLC Signal
2024-02-29 13:37:04,771 - INFO - --> Send Data SN:  J464053005F25R2RD
2024-02-29 13:37:04,773 - WARNING - Wrong PLC Signal
2024-02-29 13:37:05,141 - INFO - Please scan lot no
2024-02-29 13:37:05,156 - WARNING - Wrong PLC Signal
2024-02-29 13:37:05,172 - WARNING - Wrong PLC Signal
2024-02-29 13:37:05,252 - INFO - --> Send Data FIXTURE:  J464053005F25R2RD
2024-02-29 13:37:05,256 - WARNING - Wrong PLC Signal
2024-02-29 13:37:06,270 - ERROR - Save Error
2024-02-29 13:37:07,035 - INFO - 
xxxxxxxxxxxxxxxxxxxxxxxxxxxxxxxx
2024-02-29 13:37:07,035 - INFO - --> Received scan signal from PLC
2024-02-29 13:37:07,035 - INFO - --> ------ SCAN SIGNAL -------
2024-02-29 13:37:07,115 - INFO - --> RESULT SCAN
2024-02-29 13:37:07,115 - INFO - PASS SCAN
2024-02-29 13:37:07,115 - INFO - ----------- SEND TO MES -----------
2024-02-29 13:37:07,128 - WARNING - Wrong PLC Signal
2024-02-29 13:37:07,142 - WARNING - Wrong PLC Signal
2024-02-29 13:37:07,226 - INFO - --> Send Data SN:  J464053005F25R2RD
2024-02-29 13:37:07,229 - WARNING - Wrong PLC Signal
2024-02-29 13:37:08,533 - ERROR - Repetitive operation
2024-02-29 13:37:09,843 - INFO - 
xxxxxxxxxxxxxxxxxxxxxxxxxxxxxxxx
2024-02-29 13:37:09,843 - INFO - --> Received scan signal from PLC
2024-02-29 13:37:09,843 - INFO - --> ------ SCAN SIGNAL -------
2024-02-29 13:37:09,925 - INFO - --> RESULT SCAN
2024-02-29 13:37:09,925 - INFO - PASS SCAN
2024-02-29 13:37:09,925 - INFO - ----------- SEND TO MES -----------
2024-02-29 13:37:09,938 - WARNING - Wrong PLC Signal
2024-02-29 13:37:09,953 - WARNING - Wrong PLC Signal
2024-02-29 13:37:10,037 - INFO - --> Send Data SN:  J464053005F25R2RD
2024-02-29 13:37:10,040 - WARNING - Wrong PLC Signal
2024-02-29 13:37:10,410 - INFO - Please scan lot no
2024-02-29 13:37:10,428 - WARNING - Wrong PLC Signal
2024-02-29 13:37:10,443 - WARNING - Wrong PLC Signal
2024-02-29 13:37:10,521 - INFO - --> Send Data FIXTURE:  J464053005F25R2RD
2024-02-29 13:37:10,528 - WARNING - Wrong PLC Signal
2024-02-29 13:37:10,684 - INFO - ------PASS MES-------
2024-02-29 13:37:10,684 - INFO - Data SN: J464053005F25R2RD
2024-02-29 13:37:10,684 - INFO - Data FIXTURE: J464053005F25R2RD
2024-02-29 13:37:13,470 - INFO - 
xxxxxxxxxxxxxxxxxxxxxxxxxxxxxxxx
2024-02-29 13:37:13,470 - INFO - --> Received scan signal from PLC
2024-02-29 13:37:13,470 - INFO - --> ------ SCAN SIGNAL -------
2024-02-29 13:37:13,547 - INFO - --> RESULT SCAN
2024-02-29 13:37:13,547 - INFO - PASS SCAN
2024-02-29 13:37:13,547 - INFO - ----------- SEND TO MES -----------
2024-02-29 13:37:13,565 - WARNING - Wrong PLC Signal
2024-02-29 13:37:13,580 - WARNING - Wrong PLC Signal
2024-02-29 13:37:13,659 - INFO - --> Send Data SN:  J464053005F25R2RD
2024-02-29 13:37:13,663 - WARNING - Wrong PLC Signal
2024-02-29 13:37:14,978 - ERROR - Repetitive operation
2024-02-29 13:37:15,901 - INFO - 
xxxxxxxxxxxxxxxxxxxxxxxxxxxxxxxx
2024-02-29 13:37:15,901 - INFO - --> Received scan signal from PLC
2024-02-29 13:37:15,901 - INFO - --> ------ SCAN SIGNAL -------
2024-02-29 13:37:15,979 - INFO - --> RESULT SCAN
2024-02-29 13:37:15,979 - INFO - PASS SCAN
2024-02-29 13:37:15,979 - INFO - ----------- SEND TO MES -----------
2024-02-29 13:37:15,995 - WARNING - Wrong PLC Signal
2024-02-29 13:37:16,010 - WARNING - Wrong PLC Signal
2024-02-29 13:37:16,090 - INFO - --> Send Data SN:  J464053005F25R2RD
2024-02-29 13:37:16,094 - WARNING - Wrong PLC Signal
2024-02-29 13:37:17,419 - ERROR - Routing Erorr
2024-02-29 13:37:18,726 - INFO - 
xxxxxxxxxxxxxxxxxxxxxxxxxxxxxxxx
2024-02-29 13:37:18,726 - INFO - --> Received scan signal from PLC
2024-02-29 13:37:18,726 - INFO - --> ------ SCAN SIGNAL -------
2024-02-29 13:37:18,806 - INFO - --> RESULT SCAN
2024-02-29 13:37:18,806 - INFO - PASS SCAN
2024-02-29 13:37:18,806 - INFO - ----------- SEND TO MES -----------
2024-02-29 13:37:18,820 - WARNING - Wrong PLC Signal
2024-02-29 13:37:18,836 - WARNING - Wrong PLC Signal
2024-02-29 13:37:18,918 - INFO - --> Send Data SN:  J464053005F25R2RD
2024-02-29 13:37:18,920 - WARNING - Wrong PLC Signal
2024-02-29 13:37:20,231 - ERROR - Repetitive operation
2024-02-29 13:37:21,601 - INFO - 
xxxxxxxxxxxxxxxxxxxxxxxxxxxxxxxx
2024-02-29 13:37:21,601 - INFO - --> Received scan signal from PLC
2024-02-29 13:37:21,601 - INFO - --> ------ SCAN SIGNAL -------
2024-02-29 13:37:25,282 - INFO - --> RESULT SCAN
2024-02-29 13:37:25,282 - INFO - PASS SCAN
2024-02-29 13:37:25,282 - INFO - ----------- SEND TO MES -----------
2024-02-29 13:37:25,307 - WARNING - Wrong PLC Signal
2024-02-29 13:37:25,321 - WARNING - Wrong PLC Signal
2024-02-29 13:37:25,398 - INFO - --> Send Data SN:  J464053005F25R2RD
2024-02-29 13:37:25,405 - WARNING - Wrong PLC Signal
2024-02-29 13:37:25,801 - INFO - Please scan lot no
2024-02-29 13:37:25,822 - WARNING - Wrong PLC Signal
2024-02-29 13:37:25,911 - INFO - --> Send Data FIXTURE:  J464053005F25R2RD
2024-02-29 13:37:25,920 - WARNING - Wrong PLC Signal
2024-02-29 13:37:26,044 - INFO - ------PASS MES-------
2024-02-29 13:37:26,044 - INFO - Data SN: J464053005F25R2RD
2024-02-29 13:37:26,044 - INFO - Data FIXTURE: J464053005F25R2RD
2024-02-29 13:37:38,628 - INFO - 
xxxxxxxxxxxxxxxxxxxxxxxxxxxxxxxx
2024-02-29 13:37:38,629 - INFO - --> Received scan signal from PLC
2024-02-29 13:37:38,629 - INFO - --> ------ SCAN SIGNAL -------
2024-02-29 13:37:38,705 - INFO - --> RESULT SCAN
2024-02-29 13:37:38,705 - INFO - PASS SCAN
2024-02-29 13:37:38,705 - INFO - ----------- SEND TO MES -----------
2024-02-29 13:37:38,722 - WARNING - Wrong PLC Signal
2024-02-29 13:37:38,737 - WARNING - Wrong PLC Signal
2024-02-29 13:37:38,818 - INFO - --> Send Data SN:  J464053005F25R2RD
2024-02-29 13:37:38,821 - WARNING - Wrong PLC Signal
2024-02-29 13:37:39,215 - INFO - Please scan lot no
2024-02-29 13:37:39,238 - WARNING - Wrong PLC Signal
2024-02-29 13:37:39,325 - INFO - --> Send Data FIXTURE:  J464053005F25R2RD
2024-02-29 13:37:39,336 - WARNING - Wrong PLC Signal
2024-02-29 13:37:39,462 - INFO - ------PASS MES-------
2024-02-29 13:37:39,462 - INFO - Data SN: J464053005F25R2RD
2024-02-29 13:37:39,462 - INFO - Data FIXTURE: J464053005F25R2RD
