2024-04-06 08:12:35,665 - INFO - 
xxxxxxxxxxxxxxxxxxxxxxxxxxxxxxxx
2024-04-06 08:12:35,665 - INFO - --> Received scan signal from PLC
2024-04-06 08:12:35,665 - INFO - --> ------ SCAN SIGNAL -------
2024-04-06 08:12:35,741 - INFO - --> RESULT SCAN
2024-04-06 08:12:35,741 - INFO - PASS SCAN
2024-04-06 08:12:35,742 - INFO - ----------- SEND TO MES -----------
2024-04-06 08:12:35,870 - WARNING - Received signal PLC when program is processing.
2024-04-06 08:12:36,254 - INFO - --> Send Data SN:  J46410200BJ25R2R7
2024-04-06 08:12:36,268 - WARNING - Received signal PLC when program is processing.
2024-04-06 08:13:12,695 - INFO - 
xxxxxxxxxxxxxxxxxxxxxxxxxxxxxxxx
2024-04-06 08:13:12,695 - INFO - --> Received scan signal from PLC
2024-04-06 08:13:12,695 - INFO - --> ------ SCAN SIGNAL -------
2024-04-06 08:13:12,745 - INFO - --> RESULT SCAN
2024-04-06 08:13:12,745 - INFO - PASS SCAN
2024-04-06 08:13:12,745 - INFO - ----------- SEND TO MES -----------
2024-04-06 08:13:13,057 - INFO - --> Send Data SN:  J46410200BJ25R2R7
2024-04-06 08:14:06,861 - INFO - 
xxxxxxxxxxxxxxxxxxxxxxxxxxxxxxxx
2024-04-06 08:14:06,861 - INFO - --> Received scan signal from PLC
2024-04-06 08:14:06,861 - INFO - --> ------ SCAN SIGNAL -------
2024-04-06 08:14:06,910 - INFO - --> RESULT SCAN
2024-04-06 08:14:06,910 - INFO - PASS SCAN
2024-04-06 08:14:06,911 - INFO - ----------- SEND TO MES -----------
2024-04-06 08:14:12,363 - INFO - --> Send Data SN:  J46410200BJ25R2R7
2024-04-06 08:30:26,197 - INFO - 
xxxxxxxxxxxxxxxxxxxxxxxxxxxxxxxx
2024-04-06 08:30:26,197 - INFO - --> Received scan signal from PLC
2024-04-06 08:30:26,197 - INFO - --> ------ SCAN SIGNAL -------
2024-04-06 08:30:26,254 - INFO - --> RESULT SCAN
2024-04-06 08:30:26,254 - INFO - PASS SCAN
2024-04-06 08:30:26,254 - INFO - ----------- SEND TO MES -----------
2024-04-06 08:30:26,383 - WARNING - Received signal PLC when program is processing.
2024-04-06 08:30:26,399 - WARNING - Received signal PLC when program is processing.
2024-04-06 08:30:26,729 - INFO - --> Send Data SN:  J46410200BJ25R2R7
2024-04-06 08:30:26,730 - WARNING - Received signal PLC when program is processing.
2024-04-06 08:30:32,448 - INFO - 
xxxxxxxxxxxxxxxxxxxxxxxxxxxxxxxx
2024-04-06 08:30:32,448 - INFO - --> Received scan signal from PLC
2024-04-06 08:30:32,448 - INFO - --> ------ SCAN SIGNAL -------
2024-04-06 08:30:32,490 - INFO - --> RESULT SCAN
2024-04-06 08:30:32,490 - INFO - PASS SCAN
2024-04-06 08:30:32,490 - INFO - ----------- SEND TO MES -----------
2024-04-06 08:30:32,620 - WARNING - Received signal PLC when program is processing.
2024-04-06 08:30:32,635 - WARNING - Received signal PLC when program is processing.
2024-04-06 08:30:32,812 - INFO - --> Send Data SN:  J46410200BJ25R2R7
2024-04-06 08:30:38,057 - INFO - 
xxxxxxxxxxxxxxxxxxxxxxxxxxxxxxxx
2024-04-06 08:30:38,057 - INFO - --> Received scan signal from PLC
2024-04-06 08:30:38,057 - INFO - --> ------ SCAN SIGNAL -------
2024-04-06 08:30:38,105 - INFO - --> RESULT SCAN
2024-04-06 08:30:38,106 - INFO - PASS SCAN
2024-04-06 08:30:38,106 - INFO - ----------- SEND TO MES -----------
2024-04-06 08:30:38,230 - WARNING - Received signal PLC when program is processing.
2024-04-06 08:30:38,578 - INFO - --> Send Data SN:  J46410200BJ25R2R7
2024-04-06 08:30:44,199 - INFO - 
xxxxxxxxxxxxxxxxxxxxxxxxxxxxxxxx
2024-04-06 08:30:44,199 - INFO - --> Received scan signal from PLC
2024-04-06 08:30:44,199 - INFO - --> ------ SCAN SIGNAL -------
2024-04-06 08:30:44,251 - INFO - --> RESULT SCAN
2024-04-06 08:30:44,251 - INFO - PASS SCAN
2024-04-06 08:30:44,251 - INFO - ----------- SEND TO MES -----------
2024-04-06 08:30:44,369 - WARNING - Received signal PLC when program is processing.
2024-04-06 08:30:44,386 - WARNING - Received signal PLC when program is processing.
2024-04-06 08:30:44,562 - INFO - --> Send Data SN:  J46410200BJ25R2R7
2024-04-06 08:30:49,759 - INFO - 
xxxxxxxxxxxxxxxxxxxxxxxxxxxxxxxx
2024-04-06 08:30:49,759 - INFO - --> Received scan signal from PLC
2024-04-06 08:30:49,759 - INFO - --> ------ SCAN SIGNAL -------
2024-04-06 08:30:49,807 - INFO - --> RESULT SCAN
2024-04-06 08:30:49,807 - INFO - PASS SCAN
2024-04-06 08:30:49,808 - INFO - ----------- SEND TO MES -----------
2024-04-06 08:30:49,931 - WARNING - Received signal PLC when program is processing.
2024-04-06 08:30:50,117 - INFO - --> Send Data SN:  J46410200BJ25R2R7
2024-04-06 08:31:45,949 - INFO - 
xxxxxxxxxxxxxxxxxxxxxxxxxxxxxxxx
2024-04-06 08:31:45,949 - INFO - --> Received scan signal from PLC
2024-04-06 08:31:45,949 - INFO - --> ------ SCAN SIGNAL -------
2024-04-06 08:31:45,999 - INFO - --> RESULT SCAN
2024-04-06 08:31:45,999 - INFO - PASS SCAN
2024-04-06 08:31:45,999 - INFO - ----------- SEND TO MES -----------
2024-04-06 08:32:03,069 - WARNING - Received signal PLC when program is processing.
2024-04-06 08:32:14,309 - INFO - 
xxxxxxxxxxxxxxxxxxxxxxxxxxxxxxxx
2024-04-06 08:32:14,309 - INFO - --> Received scan signal from PLC
2024-04-06 08:32:14,309 - INFO - --> ------ SCAN SIGNAL -------
2024-04-06 08:32:14,360 - INFO - --> RESULT SCAN
2024-04-06 08:32:14,360 - INFO - PASS SCAN
2024-04-06 08:32:14,360 - INFO - ----------- SEND TO MES -----------
2024-04-06 08:32:31,972 - INFO - 
xxxxxxxxxxxxxxxxxxxxxxxxxxxxxxxx
2024-04-06 08:32:31,972 - INFO - --> Received scan signal from PLC
2024-04-06 08:32:31,972 - INFO - --> ------ SCAN SIGNAL -------
2024-04-06 08:32:32,021 - INFO - --> RESULT SCAN
2024-04-06 08:32:32,021 - INFO - PASS SCAN
2024-04-06 08:32:32,021 - INFO - ----------- SEND TO MES -----------
2024-04-06 08:32:37,470 - INFO - --> Send Data SN:  J46410200BJ25R2R7
2024-04-06 08:34:56,591 - INFO - 
xxxxxxxxxxxxxxxxxxxxxxxxxxxxxxxx
2024-04-06 08:34:56,591 - INFO - --> Received scan signal from PLC
2024-04-06 08:34:56,591 - INFO - --> ------ SCAN SIGNAL -------
2024-04-06 08:34:56,639 - INFO - --> RESULT SCAN
2024-04-06 08:34:56,640 - INFO - PASS SCAN
2024-04-06 08:34:56,640 - INFO - ----------- SEND TO MES -----------
2024-04-06 08:36:18,264 - INFO - 
xxxxxxxxxxxxxxxxxxxxxxxxxxxxxxxx
2024-04-06 08:36:18,264 - INFO - --> Received scan signal from PLC
2024-04-06 08:36:18,264 - INFO - --> ------ SCAN SIGNAL -------
2024-04-06 08:36:18,311 - INFO - --> RESULT SCAN
2024-04-06 08:36:18,311 - INFO - PASS SCAN
2024-04-06 08:36:18,311 - INFO - ----------- SEND TO MES -----------
2024-04-06 08:37:28,502 - INFO - 
xxxxxxxxxxxxxxxxxxxxxxxxxxxxxxxx
2024-04-06 08:37:28,502 - INFO - --> Received scan signal from PLC
2024-04-06 08:37:28,502 - INFO - --> ------ SCAN SIGNAL -------
2024-04-06 08:37:28,539 - INFO - --> RESULT SCAN
2024-04-06 08:37:28,539 - INFO - PASS SCAN
2024-04-06 08:37:28,539 - INFO - ----------- SEND TO MES -----------
2024-04-06 08:37:33,990 - INFO - --> Send Data SN:  J46410200BJ25R2R7
2024-04-06 08:37:43,369 - INFO - 
xxxxxxxxxxxxxxxxxxxxxxxxxxxxxxxx
2024-04-06 08:37:43,369 - INFO - --> Received scan signal from PLC
2024-04-06 08:37:43,369 - INFO - --> ------ SCAN SIGNAL -------
2024-04-06 08:37:43,418 - INFO - --> RESULT SCAN
2024-04-06 08:37:43,418 - INFO - PASS SCAN
2024-04-06 08:37:43,418 - INFO - ----------- SEND TO MES -----------
2024-04-06 08:37:48,847 - INFO - --> Send Data SN:  J46410200BJ25R2R7
2024-04-06 08:38:47,371 - INFO - 
xxxxxxxxxxxxxxxxxxxxxxxxxxxxxxxx
2024-04-06 08:38:47,371 - INFO - --> Received scan signal from PLC
2024-04-06 08:38:47,371 - INFO - --> ------ SCAN SIGNAL -------
2024-04-06 08:38:47,420 - INFO - --> RESULT SCAN
2024-04-06 08:38:47,420 - INFO - PASS SCAN
2024-04-06 08:38:47,420 - INFO - ----------- SEND TO MES -----------
2024-04-06 08:38:52,767 - INFO - --> Send Data SN:  J46410200BJ25R2R7
2024-04-06 08:39:06,289 - INFO - 
xxxxxxxxxxxxxxxxxxxxxxxxxxxxxxxx
2024-04-06 08:39:06,289 - INFO - --> Received scan signal from PLC
2024-04-06 08:39:06,289 - INFO - --> ------ SCAN SIGNAL -------
2024-04-06 08:39:06,338 - INFO - --> RESULT SCAN
2024-04-06 08:39:06,338 - INFO - PASS SCAN
2024-04-06 08:39:06,338 - INFO - ----------- SEND TO MES -----------
2024-04-06 08:39:11,579 - INFO - --> Send Data SN:  J46410200BJ25R2R7
2024-04-06 08:39:17,688 - INFO - 
xxxxxxxxxxxxxxxxxxxxxxxxxxxxxxxx
2024-04-06 08:39:17,688 - INFO - --> Received scan signal from PLC
2024-04-06 08:39:17,688 - INFO - --> ------ SCAN SIGNAL -------
2024-04-06 08:39:17,732 - INFO - --> RESULT SCAN
2024-04-06 08:39:17,732 - INFO - PASS SCAN
2024-04-06 08:39:17,732 - INFO - ----------- SEND TO MES -----------
2024-04-06 08:39:22,960 - INFO - --> Send Data SN:  J46410200BJ25R2R7
2024-04-06 08:39:32,853 - INFO - 
xxxxxxxxxxxxxxxxxxxxxxxxxxxxxxxx
2024-04-06 08:39:32,853 - INFO - --> Received scan signal from PLC
2024-04-06 08:39:32,853 - INFO - --> ------ SCAN SIGNAL -------
2024-04-06 08:39:32,910 - INFO - --> RESULT SCAN
2024-04-06 08:39:32,910 - INFO - PASS SCAN
2024-04-06 08:39:32,910 - INFO - ----------- SEND TO MES -----------
2024-04-06 08:39:38,137 - INFO - --> Send Data SN:  J46410200BJ25R2R7
2024-04-06 08:42:10,804 - INFO - 
xxxxxxxxxxxxxxxxxxxxxxxxxxxxxxxx
2024-04-06 08:42:10,804 - INFO - --> Received scan signal from PLC
2024-04-06 08:42:10,804 - INFO - --> ------ SCAN SIGNAL -------
2024-04-06 08:42:10,852 - INFO - --> RESULT SCAN
2024-04-06 08:42:10,852 - INFO - PASS SCAN
2024-04-06 08:42:10,853 - INFO - ----------- SEND TO MES -----------
2024-04-06 08:42:44,158 - INFO - 
xxxxxxxxxxxxxxxxxxxxxxxxxxxxxxxx
2024-04-06 08:42:44,158 - INFO - --> Received scan signal from PLC
2024-04-06 08:42:44,158 - INFO - --> ------ SCAN SIGNAL -------
2024-04-06 08:42:44,209 - INFO - --> RESULT SCAN
2024-04-06 08:42:44,209 - INFO - PASS SCAN
2024-04-06 08:42:44,209 - INFO - ----------- SEND TO MES -----------
2024-04-06 08:42:49,796 - INFO - --> Send Data SN:  J46410200BJ25R2R7
2024-04-06 08:43:01,909 - INFO - 
xxxxxxxxxxxxxxxxxxxxxxxxxxxxxxxx
2024-04-06 08:43:01,909 - INFO - --> Received scan signal from PLC
2024-04-06 08:43:01,909 - INFO - --> ------ SCAN SIGNAL -------
2024-04-06 08:43:01,957 - INFO - --> RESULT SCAN
2024-04-06 08:43:01,958 - INFO - PASS SCAN
2024-04-06 08:43:01,958 - INFO - ----------- SEND TO MES -----------
2024-04-06 08:43:07,296 - INFO - --> Send Data SN:  J46410200BJ25R2R7
2024-04-06 08:44:28,146 - INFO - 
xxxxxxxxxxxxxxxxxxxxxxxxxxxxxxxx
2024-04-06 08:44:28,146 - INFO - --> Received scan signal from PLC
2024-04-06 08:44:28,146 - INFO - --> ------ SCAN SIGNAL -------
2024-04-06 08:44:28,199 - INFO - --> RESULT SCAN
2024-04-06 08:44:28,199 - INFO - PASS SCAN
2024-04-06 08:44:28,200 - INFO - ----------- SEND TO MES -----------
2024-04-06 08:44:33,653 - INFO - --> Send Data SN:  J46410200BJ25R2R7
2024-04-06 08:44:40,717 - INFO - 
xxxxxxxxxxxxxxxxxxxxxxxxxxxxxxxx
2024-04-06 08:44:40,717 - INFO - --> Received scan signal from PLC
2024-04-06 08:44:40,717 - INFO - --> ------ SCAN SIGNAL -------
2024-04-06 08:44:40,765 - INFO - --> RESULT SCAN
2024-04-06 08:44:40,765 - INFO - PASS SCAN
2024-04-06 08:44:40,766 - INFO - ----------- SEND TO MES -----------
2024-04-06 08:44:46,093 - INFO - --> Send Data SN:  J46410200BJ25R2R7
2024-04-06 08:44:55,183 - INFO - 
xxxxxxxxxxxxxxxxxxxxxxxxxxxxxxxx
2024-04-06 08:44:55,183 - INFO - --> Received scan signal from PLC
2024-04-06 08:44:55,183 - INFO - --> ------ SCAN SIGNAL -------
2024-04-06 08:44:55,233 - INFO - --> RESULT SCAN
2024-04-06 08:44:55,233 - INFO - PASS SCAN
2024-04-06 08:44:55,233 - INFO - ----------- SEND TO MES -----------
2024-04-06 08:45:00,544 - INFO - --> Send Data SN:  J46410200BJ25R2R7
2024-04-06 08:45:45,297 - INFO - 
xxxxxxxxxxxxxxxxxxxxxxxxxxxxxxxx
2024-04-06 08:45:45,297 - INFO - --> Received scan signal from PLC
2024-04-06 08:45:45,297 - INFO - --> ------ SCAN SIGNAL -------
2024-04-06 08:45:45,352 - INFO - --> RESULT SCAN
2024-04-06 08:45:45,352 - INFO - PASS SCAN
2024-04-06 08:45:45,352 - INFO - ----------- SEND TO MES -----------
2024-04-06 08:45:50,790 - INFO - --> Send Data SN:  J46410200BJ25R2R7
2024-04-06 08:45:58,050 - INFO - 
xxxxxxxxxxxxxxxxxxxxxxxxxxxxxxxx
2024-04-06 08:45:58,050 - INFO - --> Received scan signal from PLC
2024-04-06 08:45:58,050 - INFO - --> ------ SCAN SIGNAL -------
2024-04-06 08:45:58,098 - INFO - --> RESULT SCAN
2024-04-06 08:45:58,098 - INFO - PASS SCAN
2024-04-06 08:45:58,099 - INFO - ----------- SEND TO MES -----------
2024-04-06 08:46:03,411 - INFO - --> Send Data SN:  J46410200BJ25R2R7
2024-04-06 08:46:45,026 - INFO - 
xxxxxxxxxxxxxxxxxxxxxxxxxxxxxxxx
2024-04-06 08:46:45,026 - INFO - --> Received scan signal from PLC
2024-04-06 08:46:45,026 - INFO - --> ------ SCAN SIGNAL -------
2024-04-06 08:46:45,080 - INFO - --> RESULT SCAN
2024-04-06 08:46:45,080 - INFO - PASS SCAN
2024-04-06 08:46:45,080 - INFO - ----------- SEND TO MES -----------
2024-04-06 08:46:45,199 - WARNING - Received signal PLC when program is processing.
2024-04-06 08:46:45,215 - WARNING - Received signal PLC when program is processing.
2024-04-06 08:46:45,230 - WARNING - Received signal PLC when program is processing.
2024-04-06 08:46:45,551 - INFO - --> Send Data SN:  J46410200BJ25R2R7
2024-04-06 08:46:45,564 - WARNING - Received signal PLC when program is processing.
2024-04-06 08:47:10,819 - INFO - 
xxxxxxxxxxxxxxxxxxxxxxxxxxxxxxxx
2024-04-06 08:47:10,819 - INFO - --> Received scan signal from PLC
2024-04-06 08:47:10,819 - INFO - --> ------ SCAN SIGNAL -------
2024-04-06 08:47:17,325 - INFO - 
xxxxxxxxxxxxxxxxxxxxxxxxxxxxxxxx
2024-04-06 08:47:17,325 - INFO - --> Received scan signal from PLC
2024-04-06 08:47:17,325 - INFO - --> ------ SCAN SIGNAL -------
2024-04-06 08:47:17,375 - INFO - --> RESULT SCAN
2024-04-06 08:47:17,375 - INFO - PASS SCAN
2024-04-06 08:47:17,375 - INFO - ----------- SEND TO MES -----------
2024-04-06 08:47:17,496 - WARNING - Received signal PLC when program is processing.
2024-04-06 08:47:17,845 - INFO - --> Send Data SN:  J46410200BJ25R2R7
2024-04-06 08:47:17,860 - WARNING - Received signal PLC when program is processing.
2024-04-06 08:48:58,713 - INFO - 
xxxxxxxxxxxxxxxxxxxxxxxxxxxxxxxx
2024-04-06 08:48:58,713 - INFO - --> Received scan signal from PLC
2024-04-06 08:48:58,713 - INFO - --> ------ SCAN SIGNAL -------
2024-04-06 08:48:58,762 - INFO - --> RESULT SCAN
2024-04-06 08:48:58,763 - INFO - PASS SCAN
2024-04-06 08:48:58,763 - INFO - ----------- SEND TO MES -----------
2024-04-06 08:48:59,146 - INFO - --> Send Data SN:  J46410200BJ25R2R7
2024-04-06 08:50:15,037 - INFO - 
xxxxxxxxxxxxxxxxxxxxxxxxxxxxxxxx
2024-04-06 08:50:15,037 - INFO - --> Received scan signal from PLC
2024-04-06 08:50:15,037 - INFO - --> ------ SCAN SIGNAL -------
2024-04-06 08:50:15,087 - INFO - --> RESULT SCAN
2024-04-06 08:50:15,087 - INFO - PASS SCAN
2024-04-06 08:50:15,087 - INFO - ----------- SEND TO MES -----------
2024-04-06 08:50:15,428 - INFO - --> Send Data SN:  J46410200BJ25R2R7
2024-04-06 08:50:21,651 - INFO - 
xxxxxxxxxxxxxxxxxxxxxxxxxxxxxxxx
2024-04-06 08:50:21,651 - INFO - --> Received scan signal from PLC
2024-04-06 08:50:21,651 - INFO - --> ------ SCAN SIGNAL -------
2024-04-06 08:50:21,700 - INFO - --> RESULT SCAN
2024-04-06 08:50:21,701 - INFO - PASS SCAN
2024-04-06 08:50:21,701 - INFO - ----------- SEND TO MES -----------
2024-04-06 08:50:21,930 - INFO - --> Send Data SN:  J46410200BJ25R2R7
2024-04-06 08:50:57,721 - INFO - 
xxxxxxxxxxxxxxxxxxxxxxxxxxxxxxxx
2024-04-06 08:50:57,721 - INFO - --> Received scan signal from PLC
2024-04-06 08:50:57,721 - INFO - --> ------ SCAN SIGNAL -------
2024-04-06 08:50:57,773 - INFO - --> RESULT SCAN
2024-04-06 08:50:57,773 - INFO - PASS SCAN
2024-04-06 08:50:57,773 - INFO - ----------- SEND TO MES -----------
2024-04-06 08:50:57,987 - INFO - --> Send Data SN:  J46410200BJ25R2R7
2024-04-06 08:51:03,156 - INFO - 
xxxxxxxxxxxxxxxxxxxxxxxxxxxxxxxx
2024-04-06 08:51:03,156 - INFO - --> Received scan signal from PLC
2024-04-06 08:51:03,156 - INFO - --> ------ SCAN SIGNAL -------
2024-04-06 08:51:03,206 - INFO - --> RESULT SCAN
2024-04-06 08:51:03,206 - INFO - PASS SCAN
2024-04-06 08:51:03,206 - INFO - ----------- SEND TO MES -----------
2024-04-06 08:51:03,444 - INFO - --> Send Data SN:  J46410200BJ25R2R7
2024-04-06 08:55:52,168 - INFO - 
xxxxxxxxxxxxxxxxxxxxxxxxxxxxxxxx
2024-04-06 08:55:52,168 - INFO - --> Received scan signal from PLC
2024-04-06 08:55:52,168 - INFO - --> ------ SCAN SIGNAL -------
2024-04-06 08:55:52,211 - INFO - --> RESULT SCAN
2024-04-06 08:55:52,211 - INFO - PASS SCAN
2024-04-06 08:55:52,211 - INFO - ----------- SEND TO MES -----------
2024-04-06 08:55:52,587 - INFO - --> Send Data SN:  J46410200BJ25R2R7
2024-04-06 08:56:02,243 - INFO - 
xxxxxxxxxxxxxxxxxxxxxxxxxxxxxxxx
2024-04-06 08:56:02,243 - INFO - --> Received scan signal from PLC
2024-04-06 08:56:02,243 - INFO - --> ------ SCAN SIGNAL -------
2024-04-06 08:56:02,291 - INFO - --> RESULT SCAN
2024-04-06 08:56:02,291 - INFO - PASS SCAN
2024-04-06 08:56:02,291 - INFO - ----------- SEND TO MES -----------
2024-04-06 08:56:02,508 - INFO - --> Send Data SN:  J46410200BJ25R2R7
2024-04-06 08:56:08,424 - INFO - 
xxxxxxxxxxxxxxxxxxxxxxxxxxxxxxxx
2024-04-06 08:56:08,424 - INFO - --> Received scan signal from PLC
2024-04-06 08:56:08,424 - INFO - --> ------ SCAN SIGNAL -------
2024-04-06 08:56:08,472 - INFO - --> RESULT SCAN
2024-04-06 08:56:08,472 - INFO - PASS SCAN
2024-04-06 08:56:08,472 - INFO - ----------- SEND TO MES -----------
2024-04-06 08:56:08,718 - INFO - --> Send Data SN:  J46410200BJ25R2R7
2024-04-06 08:56:14,096 - INFO - 
xxxxxxxxxxxxxxxxxxxxxxxxxxxxxxxx
2024-04-06 08:56:14,096 - INFO - --> Received scan signal from PLC
2024-04-06 08:56:14,096 - INFO - --> ------ SCAN SIGNAL -------
2024-04-06 08:56:14,138 - INFO - --> RESULT SCAN
2024-04-06 08:56:14,138 - INFO - PASS SCAN
2024-04-06 08:56:14,138 - INFO - ----------- SEND TO MES -----------
2024-04-06 08:56:14,368 - INFO - --> Send Data SN:  J46410200BJ25R2R7
2024-04-06 08:56:19,283 - INFO - 
xxxxxxxxxxxxxxxxxxxxxxxxxxxxxxxx
2024-04-06 08:56:19,283 - INFO - --> Received scan signal from PLC
2024-04-06 08:56:19,283 - INFO - --> ------ SCAN SIGNAL -------
2024-04-06 08:56:19,327 - INFO - --> RESULT SCAN
2024-04-06 08:56:19,327 - INFO - PASS SCAN
2024-04-06 08:56:19,327 - INFO - ----------- SEND TO MES -----------
2024-04-06 08:56:19,557 - INFO - --> Send Data SN:  J46410200BJ25R2R7
2024-04-06 10:24:34,428 - INFO - 
xxxxxxxxxxxxxxxxxxxxxxxxxxxxxxxx
2024-04-06 10:24:34,428 - INFO - --> Received scan signal from PLC
2024-04-06 10:24:34,428 - INFO - --> ------ SCAN SIGNAL -------
2024-04-06 10:24:34,706 - INFO - --> RESULT SCAN
2024-04-06 10:24:34,706 - ERROR - FAILED
2024-04-06 10:24:34,707 - ERROR - ------FAIL SCAN-------
2024-04-06 10:24:34,707 - ERROR - Data SN: None
2024-04-06 10:24:34,707 - ERROR - Data FIXTURE: J46410200BJ25R2R7
2024-04-06 10:24:37,079 - INFO - 
xxxxxxxxxxxxxxxxxxxxxxxxxxxxxxxx
2024-04-06 10:24:37,079 - INFO - --> Received scan signal from PLC
2024-04-06 10:24:37,079 - INFO - --> ------ SCAN SIGNAL -------
2024-04-06 10:24:37,338 - INFO - --> RESULT SCAN
2024-04-06 10:24:37,339 - ERROR - FAILED
2024-04-06 10:24:37,339 - ERROR - ------FAIL SCAN-------
2024-04-06 10:24:37,339 - ERROR - Data SN: None
2024-04-06 10:24:37,339 - ERROR - Data FIXTURE: J46410200BJ25R2R7
2024-04-06 10:24:38,706 - INFO - 
xxxxxxxxxxxxxxxxxxxxxxxxxxxxxxxx
2024-04-06 10:24:38,706 - INFO - --> Received scan signal from PLC
2024-04-06 10:24:38,706 - INFO - --> ------ SCAN SIGNAL -------
2024-04-06 10:24:38,965 - INFO - --> RESULT SCAN
2024-04-06 10:24:38,966 - ERROR - FAILED
2024-04-06 10:24:38,966 - ERROR - ------FAIL SCAN-------
2024-04-06 10:24:38,966 - ERROR - Data SN: None
2024-04-06 10:24:38,966 - ERROR - Data FIXTURE: J46410200BJ25R2R7
2024-04-06 10:24:39,768 - INFO - 
xxxxxxxxxxxxxxxxxxxxxxxxxxxxxxxx
2024-04-06 10:24:39,768 - INFO - --> Received scan signal from PLC
2024-04-06 10:24:39,768 - INFO - --> ------ SCAN SIGNAL -------
2024-04-06 10:24:40,026 - INFO - --> RESULT SCAN
2024-04-06 10:24:40,026 - ERROR - FAILED
2024-04-06 10:24:40,027 - ERROR - ------FAIL SCAN-------
2024-04-06 10:24:40,027 - ERROR - Data SN: None
2024-04-06 10:24:40,027 - ERROR - Data FIXTURE: J46410200BJ25R2R7
2024-04-06 10:24:40,549 - INFO - 
xxxxxxxxxxxxxxxxxxxxxxxxxxxxxxxx
2024-04-06 10:24:40,549 - INFO - --> Received scan signal from PLC
2024-04-06 10:24:40,549 - INFO - --> ------ SCAN SIGNAL -------
2024-04-06 10:24:40,807 - INFO - --> RESULT SCAN
2024-04-06 10:24:40,807 - ERROR - FAILED
2024-04-06 10:24:40,807 - ERROR - ------FAIL SCAN-------
2024-04-06 10:24:40,807 - ERROR - Data SN: None
2024-04-06 10:24:40,807 - ERROR - Data FIXTURE: J46410200BJ25R2R7
2024-04-06 10:24:41,080 - INFO - 
xxxxxxxxxxxxxxxxxxxxxxxxxxxxxxxx
2024-04-06 10:24:41,080 - INFO - --> Received scan signal from PLC
2024-04-06 10:24:41,080 - INFO - --> ------ SCAN SIGNAL -------
2024-04-06 10:24:41,253 - WARNING - Received signal PLC when program is processing.
2024-04-06 10:24:41,345 - INFO - --> RESULT SCAN
2024-04-06 10:24:41,346 - ERROR - FAILED
2024-04-06 10:24:41,346 - ERROR - ------FAIL SCAN-------
2024-04-06 10:24:41,346 - ERROR - Data SN: None
2024-04-06 10:24:41,346 - ERROR - Data FIXTURE: J46410200BJ25R2R7
2024-04-06 10:24:41,425 - INFO - 
xxxxxxxxxxxxxxxxxxxxxxxxxxxxxxxx
2024-04-06 10:24:41,425 - INFO - --> Received scan signal from PLC
2024-04-06 10:24:41,425 - INFO - --> ------ SCAN SIGNAL -------
2024-04-06 10:24:41,584 - WARNING - Received signal PLC when program is processing.
2024-04-06 10:24:41,688 - INFO - --> RESULT SCAN
2024-04-06 10:24:41,689 - ERROR - FAILED
2024-04-06 10:24:41,689 - ERROR - ------FAIL SCAN-------
2024-04-06 10:24:41,689 - ERROR - Data SN: None
2024-04-06 10:24:41,689 - ERROR - Data FIXTURE: J46410200BJ25R2R7
2024-04-06 10:24:41,743 - INFO - 
xxxxxxxxxxxxxxxxxxxxxxxxxxxxxxxx
2024-04-06 10:24:41,743 - INFO - --> Received scan signal from PLC
2024-04-06 10:24:41,743 - INFO - --> ------ SCAN SIGNAL -------
2024-04-06 10:24:41,915 - WARNING - Received signal PLC when program is processing.
2024-04-06 10:24:42,002 - INFO - --> RESULT SCAN
2024-04-06 10:24:42,003 - ERROR - FAILED
2024-04-06 10:24:42,003 - ERROR - ------FAIL SCAN-------
2024-04-06 10:24:42,003 - ERROR - Data SN: None
2024-04-06 10:24:42,003 - ERROR - Data FIXTURE: J46410200BJ25R2R7
2024-04-06 10:24:42,090 - INFO - 
xxxxxxxxxxxxxxxxxxxxxxxxxxxxxxxx
2024-04-06 10:24:42,090 - INFO - --> Received scan signal from PLC
2024-04-06 10:24:42,090 - INFO - --> ------ SCAN SIGNAL -------
2024-04-06 10:24:42,248 - WARNING - Received signal PLC when program is processing.
2024-04-06 10:24:42,356 - INFO - --> RESULT SCAN
2024-04-06 10:24:42,356 - ERROR - FAILED
2024-04-06 10:24:42,356 - ERROR - ------FAIL SCAN-------
2024-04-06 10:24:42,356 - ERROR - Data SN: None
2024-04-06 10:24:42,356 - ERROR - Data FIXTURE: J46410200BJ25R2R7
2024-04-06 10:24:42,452 - INFO - 
xxxxxxxxxxxxxxxxxxxxxxxxxxxxxxxx
2024-04-06 10:24:42,452 - INFO - --> Received scan signal from PLC
2024-04-06 10:24:42,452 - INFO - --> ------ SCAN SIGNAL -------
2024-04-06 10:24:42,713 - INFO - --> RESULT SCAN
2024-04-06 10:24:42,714 - ERROR - FAILED
2024-04-06 10:24:42,714 - ERROR - ------FAIL SCAN-------
2024-04-06 10:24:42,714 - ERROR - Data SN: None
2024-04-06 10:24:42,714 - ERROR - Data FIXTURE: J46410200BJ25R2R7
2024-04-06 10:24:43,482 - INFO - 
xxxxxxxxxxxxxxxxxxxxxxxxxxxxxxxx
2024-04-06 10:24:43,482 - INFO - --> Received scan signal from PLC
2024-04-06 10:24:43,482 - INFO - --> ------ SCAN SIGNAL -------
2024-04-06 10:24:43,740 - INFO - --> RESULT SCAN
2024-04-06 10:24:43,741 - ERROR - FAILED
2024-04-06 10:24:43,741 - ERROR - ------FAIL SCAN-------
2024-04-06 10:24:43,741 - ERROR - Data SN: None
2024-04-06 10:24:43,741 - ERROR - Data FIXTURE: J46410200BJ25R2R7
2024-04-06 10:24:44,295 - INFO - 
xxxxxxxxxxxxxxxxxxxxxxxxxxxxxxxx
2024-04-06 10:24:44,295 - INFO - --> Received scan signal from PLC
2024-04-06 10:24:44,295 - INFO - --> ------ SCAN SIGNAL -------
2024-04-06 10:24:44,556 - INFO - --> RESULT SCAN
2024-04-06 10:24:44,557 - ERROR - FAILED
2024-04-06 10:24:44,557 - ERROR - ------FAIL SCAN-------
2024-04-06 10:24:44,557 - ERROR - Data SN: None
2024-04-06 10:24:44,557 - ERROR - Data FIXTURE: J46410200BJ25R2R7
2024-04-06 10:24:45,269 - INFO - 
xxxxxxxxxxxxxxxxxxxxxxxxxxxxxxxx
2024-04-06 10:24:45,269 - INFO - --> Received scan signal from PLC
2024-04-06 10:24:45,269 - INFO - --> ------ SCAN SIGNAL -------
2024-04-06 10:24:45,526 - INFO - --> RESULT SCAN
2024-04-06 10:24:45,526 - ERROR - FAILED
2024-04-06 10:24:45,526 - ERROR - ------FAIL SCAN-------
2024-04-06 10:24:45,526 - ERROR - Data SN: None
2024-04-06 10:24:45,526 - ERROR - Data FIXTURE: J46410200BJ25R2R7
2024-04-06 10:24:46,334 - INFO - 
xxxxxxxxxxxxxxxxxxxxxxxxxxxxxxxx
2024-04-06 10:24:46,334 - INFO - --> Received scan signal from PLC
2024-04-06 10:24:46,334 - INFO - --> ------ SCAN SIGNAL -------
2024-04-06 10:24:46,588 - INFO - --> RESULT SCAN
2024-04-06 10:24:46,589 - ERROR - FAILED
2024-04-06 10:24:46,589 - ERROR - ------FAIL SCAN-------
2024-04-06 10:24:46,589 - ERROR - Data SN: None
2024-04-06 10:24:46,589 - ERROR - Data FIXTURE: J46410200BJ25R2R7
2024-04-06 10:24:47,257 - INFO - 
xxxxxxxxxxxxxxxxxxxxxxxxxxxxxxxx
2024-04-06 10:24:47,257 - INFO - --> Received scan signal from PLC
2024-04-06 10:24:47,257 - INFO - --> ------ SCAN SIGNAL -------
2024-04-06 10:24:47,513 - INFO - --> RESULT SCAN
2024-04-06 10:24:47,513 - ERROR - FAILED
2024-04-06 10:24:47,513 - ERROR - ------FAIL SCAN-------
2024-04-06 10:24:47,513 - ERROR - Data SN: None
2024-04-06 10:24:47,514 - ERROR - Data FIXTURE: J46410200BJ25R2R7
2024-04-06 10:24:47,976 - INFO - 
xxxxxxxxxxxxxxxxxxxxxxxxxxxxxxxx
2024-04-06 10:24:47,976 - INFO - --> Received scan signal from PLC
2024-04-06 10:24:47,976 - INFO - --> ------ SCAN SIGNAL -------
2024-04-06 10:24:48,233 - INFO - --> RESULT SCAN
2024-04-06 10:24:48,234 - ERROR - FAILED
2024-04-06 10:24:48,234 - ERROR - ------FAIL SCAN-------
2024-04-06 10:24:48,234 - ERROR - Data SN: None
2024-04-06 10:24:48,234 - ERROR - Data FIXTURE: J46410200BJ25R2R7
2024-04-06 10:24:48,691 - INFO - 
xxxxxxxxxxxxxxxxxxxxxxxxxxxxxxxx
2024-04-06 10:24:48,691 - INFO - --> Received scan signal from PLC
2024-04-06 10:24:48,691 - INFO - --> ------ SCAN SIGNAL -------
2024-04-06 10:24:48,946 - INFO - --> RESULT SCAN
2024-04-06 10:24:48,947 - ERROR - FAILED
2024-04-06 10:24:48,947 - ERROR - ------FAIL SCAN-------
2024-04-06 10:24:48,947 - ERROR - Data SN: None
2024-04-06 10:24:48,947 - ERROR - Data FIXTURE: J46410200BJ25R2R7
2024-04-06 10:24:49,448 - INFO - 
xxxxxxxxxxxxxxxxxxxxxxxxxxxxxxxx
2024-04-06 10:24:49,448 - INFO - --> Received scan signal from PLC
2024-04-06 10:24:49,448 - INFO - --> ------ SCAN SIGNAL -------
2024-04-06 10:24:49,704 - INFO - --> RESULT SCAN
2024-04-06 10:24:49,704 - ERROR - FAILED
2024-04-06 10:24:49,704 - ERROR - ------FAIL SCAN-------
2024-04-06 10:24:49,704 - ERROR - Data SN: None
2024-04-06 10:24:49,704 - ERROR - Data FIXTURE: J46410200BJ25R2R7
2024-04-06 10:24:50,281 - INFO - 
xxxxxxxxxxxxxxxxxxxxxxxxxxxxxxxx
2024-04-06 10:24:50,281 - INFO - --> Received scan signal from PLC
2024-04-06 10:24:50,281 - INFO - --> ------ SCAN SIGNAL -------
2024-04-06 10:24:50,536 - INFO - --> RESULT SCAN
2024-04-06 10:24:50,537 - ERROR - FAILED
2024-04-06 10:24:50,537 - ERROR - ------FAIL SCAN-------
2024-04-06 10:24:50,537 - ERROR - Data SN: None
2024-04-06 10:24:50,537 - ERROR - Data FIXTURE: J46410200BJ25R2R7
2024-04-06 10:24:50,940 - INFO - 
xxxxxxxxxxxxxxxxxxxxxxxxxxxxxxxx
2024-04-06 10:24:50,940 - INFO - --> Received scan signal from PLC
2024-04-06 10:24:50,940 - INFO - --> ------ SCAN SIGNAL -------
2024-04-06 10:24:51,194 - INFO - --> RESULT SCAN
2024-04-06 10:24:51,194 - ERROR - FAILED
2024-04-06 10:24:51,194 - ERROR - ------FAIL SCAN-------
2024-04-06 10:24:51,194 - ERROR - Data SN: None
2024-04-06 10:24:51,194 - ERROR - Data FIXTURE: J46410200BJ25R2R7
2024-04-06 10:24:51,615 - INFO - 
xxxxxxxxxxxxxxxxxxxxxxxxxxxxxxxx
2024-04-06 10:24:51,615 - INFO - --> Received scan signal from PLC
2024-04-06 10:24:51,615 - INFO - --> ------ SCAN SIGNAL -------
2024-04-06 10:24:51,869 - INFO - --> RESULT SCAN
2024-04-06 10:24:51,869 - ERROR - FAILED
2024-04-06 10:24:51,869 - ERROR - ------FAIL SCAN-------
2024-04-06 10:24:51,870 - ERROR - Data SN: None
2024-04-06 10:24:51,870 - ERROR - Data FIXTURE: J46410200BJ25R2R7
2024-04-06 10:24:52,371 - INFO - 
xxxxxxxxxxxxxxxxxxxxxxxxxxxxxxxx
2024-04-06 10:24:52,371 - INFO - --> Received scan signal from PLC
2024-04-06 10:24:52,371 - INFO - --> ------ SCAN SIGNAL -------
2024-04-06 10:24:52,629 - INFO - --> RESULT SCAN
2024-04-06 10:24:52,630 - ERROR - FAILED
2024-04-06 10:24:52,630 - ERROR - ------FAIL SCAN-------
2024-04-06 10:24:52,630 - ERROR - Data SN: None
2024-04-06 10:24:52,630 - ERROR - Data FIXTURE: J46410200BJ25R2R7
2024-04-06 10:24:53,546 - INFO - 
xxxxxxxxxxxxxxxxxxxxxxxxxxxxxxxx
2024-04-06 10:24:53,546 - INFO - --> Received scan signal from PLC
2024-04-06 10:24:53,546 - INFO - --> ------ SCAN SIGNAL -------
2024-04-06 10:24:53,717 - WARNING - Received signal PLC when program is processing.
2024-04-06 10:24:53,806 - INFO - --> RESULT SCAN
2024-04-06 10:24:53,807 - ERROR - FAILED
2024-04-06 10:24:53,807 - ERROR - ------FAIL SCAN-------
2024-04-06 10:24:53,807 - ERROR - Data SN: None
2024-04-06 10:24:53,807 - ERROR - Data FIXTURE: J46410200BJ25R2R7
2024-04-06 10:24:53,966 - INFO - 
xxxxxxxxxxxxxxxxxxxxxxxxxxxxxxxx
2024-04-06 10:24:53,966 - INFO - --> Received scan signal from PLC
2024-04-06 10:24:53,966 - INFO - --> ------ SCAN SIGNAL -------
2024-04-06 10:24:54,220 - INFO - --> RESULT SCAN
2024-04-06 10:24:54,221 - ERROR - FAILED
2024-04-06 10:24:54,221 - ERROR - ------FAIL SCAN-------
2024-04-06 10:24:54,221 - ERROR - Data SN: None
2024-04-06 10:24:54,221 - ERROR - Data FIXTURE: J46410200BJ25R2R7
2024-04-06 10:24:54,642 - INFO - 
xxxxxxxxxxxxxxxxxxxxxxxxxxxxxxxx
2024-04-06 10:24:54,642 - INFO - --> Received scan signal from PLC
2024-04-06 10:24:54,642 - INFO - --> ------ SCAN SIGNAL -------
2024-04-06 10:24:54,894 - INFO - --> RESULT SCAN
2024-04-06 10:24:54,895 - ERROR - FAILED
2024-04-06 10:24:54,895 - ERROR - ------FAIL SCAN-------
2024-04-06 10:24:54,895 - ERROR - Data SN: None
2024-04-06 10:24:54,895 - ERROR - Data FIXTURE: J46410200BJ25R2R7
2024-04-06 10:24:55,288 - INFO - 
xxxxxxxxxxxxxxxxxxxxxxxxxxxxxxxx
2024-04-06 10:24:55,288 - INFO - --> Received scan signal from PLC
2024-04-06 10:24:55,288 - INFO - --> ------ SCAN SIGNAL -------
2024-04-06 10:24:55,544 - INFO - --> RESULT SCAN
2024-04-06 10:24:55,545 - ERROR - FAILED
2024-04-06 10:24:55,545 - ERROR - ------FAIL SCAN-------
2024-04-06 10:24:55,545 - ERROR - Data SN: None
2024-04-06 10:24:55,545 - ERROR - Data FIXTURE: J46410200BJ25R2R7
