2024-03-30 15:25:31,015 - INFO - 
xxxxxxxxxxxxxxxxxxxxxxxxxxxxxxxx
2024-03-30 15:25:31,015 - INFO - --> Received scan signal from PLC
2024-03-30 15:25:31,015 - INFO - --> ------ SCAN SIGNAL -------
2024-03-30 15:25:31,199 - INFO - --> RESULT SCAN
2024-03-30 15:25:31,199 - INFO - PASS SCAN
2024-03-30 15:25:31,199 - INFO - ----------- SEND TO MES -----------
2024-03-30 15:25:31,324 - WARNING - Received signal PLC when program is processing.
2024-03-30 15:25:31,633 - INFO - --> Send Data SN:  11111111111111111
2024-03-30 15:25:31,644 - WARNING - Received signal PLC when program is processing.
2024-03-30 16:06:38,285 - ERROR - Camera Error
2024-03-30 16:06:38,286 - ERROR - CAM ERROR
2024-03-30 16:09:23,215 - ERROR - CAM ERROR
2024-03-30 16:09:23,218 - ERROR - Camera Error
2024-03-30 16:13:42,005 - ERROR - CAM ERROR
2024-03-30 16:13:42,007 - ERROR - Camera Error
2024-03-30 16:14:52,259 - ERROR - Camera Error
2024-03-30 16:14:52,260 - ERROR - CAM ERROR
2024-03-30 16:22:23,313 - ERROR - Camera Error
2024-03-30 16:22:23,314 - ERROR - CAM ERROR
2024-03-30 16:28:27,273 - ERROR - CAM ERROR
2024-03-30 16:28:27,281 - ERROR - Camera Error
