2024-02-26 10:57:38,587 - INFO - 
xxxxxxxxxxxxxxxxxxxxxxxxxxxxxxxx
2024-02-26 10:57:38,587 - INFO - --> Received scan signal from PLC
2024-02-26 10:57:38,587 - INFO - --> ------ SCAN SIGNAL -------
2024-02-26 10:57:38,754 - INFO - --> RESULT SCAN
2024-02-26 10:57:38,754 - INFO - PASS SCAN
2024-02-26 10:57:38,754 - INFO - ----------- SEND TO SFC -----------
2024-02-26 10:57:39,144 - INFO - --> Send Data SN:  J464053005A25R2RJ
2024-02-26 10:57:39,736 - ERROR - Pass
2024-02-26 10:57:46,049 - INFO - 
xxxxxxxxxxxxxxxxxxxxxxxxxxxxxxxx
2024-02-26 10:57:46,049 - INFO - --> Received scan signal from PLC
2024-02-26 10:57:46,049 - INFO - --> ------ SCAN SIGNAL -------
2024-02-26 10:57:46,120 - INFO - --> RESULT SCAN
2024-02-26 10:57:46,121 - INFO - PASS SCAN
2024-02-26 10:57:46,121 - INFO - ----------- SEND TO SFC -----------
2024-02-26 10:57:46,491 - INFO - --> Send Data SN:  J464053005A25R2RJ
2024-02-26 10:57:47,076 - ERROR - Pass
2024-02-26 10:57:48,674 - INFO - 
xxxxxxxxxxxxxxxxxxxxxxxxxxxxxxxx
2024-02-26 10:57:48,674 - INFO - --> Received scan signal from PLC
2024-02-26 10:57:48,674 - INFO - --> ------ SCAN SIGNAL -------
2024-02-26 10:57:48,747 - INFO - --> RESULT SCAN
2024-02-26 10:57:48,748 - INFO - PASS SCAN
2024-02-26 10:57:48,748 - INFO - ----------- SEND TO SFC -----------
2024-02-26 10:57:49,117 - INFO - --> Send Data SN:  J464053005A25R2RJ
2024-02-26 10:57:49,702 - ERROR - Routing Error
2024-02-26 10:57:52,355 - INFO - 
xxxxxxxxxxxxxxxxxxxxxxxxxxxxxxxx
2024-02-26 10:57:52,355 - INFO - --> Received scan signal from PLC
2024-02-26 10:57:52,355 - INFO - --> ------ SCAN SIGNAL -------
2024-02-26 10:57:52,427 - INFO - --> RESULT SCAN
2024-02-26 10:57:52,427 - INFO - PASS SCAN
2024-02-26 10:57:52,427 - INFO - ----------- SEND TO SFC -----------
2024-02-26 10:57:52,803 - INFO - --> Send Data SN:  J464053005A25R2RJ
2024-02-26 10:57:53,393 - ERROR - Pass
2024-02-26 10:57:54,772 - INFO - 
xxxxxxxxxxxxxxxxxxxxxxxxxxxxxxxx
2024-02-26 10:57:54,772 - INFO - --> Received scan signal from PLC
2024-02-26 10:57:54,772 - INFO - --> ------ SCAN SIGNAL -------
2024-02-26 10:57:54,844 - INFO - --> RESULT SCAN
2024-02-26 10:57:54,844 - INFO - PASS SCAN
2024-02-26 10:57:54,844 - INFO - ----------- SEND TO SFC -----------
2024-02-26 10:57:55,215 - INFO - --> Send Data SN:  J464053005A25R2RJ
2024-02-26 10:57:55,802 - ERROR - Pass
2024-02-26 10:57:56,958 - INFO - 
xxxxxxxxxxxxxxxxxxxxxxxxxxxxxxxx
2024-02-26 10:57:56,958 - INFO - --> Received scan signal from PLC
2024-02-26 10:57:56,958 - INFO - --> ------ SCAN SIGNAL -------
2024-02-26 10:57:57,031 - INFO - --> RESULT SCAN
2024-02-26 10:57:57,031 - INFO - PASS SCAN
2024-02-26 10:57:57,031 - INFO - ----------- SEND TO SFC -----------
2024-02-26 10:57:57,399 - INFO - --> Send Data SN:  J464053005A25R2RJ
2024-02-26 10:57:57,987 - ERROR - Pass
2024-02-26 10:57:59,395 - INFO - 
xxxxxxxxxxxxxxxxxxxxxxxxxxxxxxxx
2024-02-26 10:57:59,395 - INFO - --> Received scan signal from PLC
2024-02-26 10:57:59,395 - INFO - --> ------ SCAN SIGNAL -------
2024-02-26 10:57:59,467 - INFO - --> RESULT SCAN
2024-02-26 10:57:59,467 - INFO - PASS SCAN
2024-02-26 10:57:59,467 - INFO - ----------- SEND TO SFC -----------
2024-02-26 10:57:59,847 - INFO - --> Send Data SN:  J464053005A25R2RJ
2024-02-26 10:58:00,436 - ERROR - Pass
2024-02-26 10:58:02,109 - INFO - 
xxxxxxxxxxxxxxxxxxxxxxxxxxxxxxxx
2024-02-26 10:58:02,109 - INFO - --> Received scan signal from PLC
2024-02-26 10:58:02,109 - INFO - --> ------ SCAN SIGNAL -------
2024-02-26 10:58:02,186 - INFO - --> RESULT SCAN
2024-02-26 10:58:02,186 - INFO - PASS SCAN
2024-02-26 10:58:02,186 - INFO - ----------- SEND TO SFC -----------
2024-02-26 10:58:02,565 - INFO - --> Send Data SN:  J464053005A25R2RJ
2024-02-26 10:58:03,154 - ERROR - Pass
2024-02-26 10:59:17,263 - WARNING - Wrong PLC Signal
2024-02-26 10:59:19,939 - WARNING - Wrong PLC Signal
2024-02-26 10:59:21,563 - INFO - 
xxxxxxxxxxxxxxxxxxxxxxxxxxxxxxxx
2024-02-26 10:59:21,563 - INFO - --> Received scan signal from PLC
2024-02-26 10:59:21,563 - INFO - --> ------ SCAN SIGNAL -------
2024-02-26 10:59:21,645 - INFO - --> RESULT SCAN
2024-02-26 10:59:21,645 - INFO - PASS SCAN
2024-02-26 10:59:21,645 - INFO - ----------- SEND TO SFC -----------
2024-02-26 10:59:22,024 - INFO - --> Send Data SN:  J464053005A25R2RJ
2024-02-26 10:59:22,607 - INFO - Please scan lot no
2024-02-26 10:59:22,965 - INFO - --> Send Data FIXTURE:  J464053005A25R2RJ
2024-02-26 10:59:23,555 - INFO - ------PASS SFC-------
2024-02-26 10:59:23,555 - INFO - Data SN: J464053005A25R2RJ
2024-02-26 10:59:23,555 - INFO - Data FIXTURE: J464053005A25R2RJ
2024-02-26 10:59:24,613 - INFO - 
xxxxxxxxxxxxxxxxxxxxxxxxxxxxxxxx
2024-02-26 10:59:24,613 - INFO - --> Received scan signal from PLC
2024-02-26 10:59:24,613 - INFO - --> ------ SCAN SIGNAL -------
2024-02-26 10:59:24,684 - INFO - --> RESULT SCAN
2024-02-26 10:59:24,684 - INFO - PASS SCAN
2024-02-26 10:59:24,684 - INFO - ----------- SEND TO SFC -----------
2024-02-26 10:59:25,079 - INFO - --> Send Data SN:  J464053005A25R2RJ
2024-02-26 10:59:25,663 - INFO - Please scan lot no
2024-02-26 10:59:26,019 - INFO - --> Send Data FIXTURE:  J464053005A25R2RJ
2024-02-26 10:59:26,603 - INFO - ------PASS SFC-------
2024-02-26 10:59:26,603 - INFO - Data SN: J464053005A25R2RJ
2024-02-26 10:59:26,603 - INFO - Data FIXTURE: J464053005A25R2RJ
2024-02-26 10:59:27,758 - INFO - 
xxxxxxxxxxxxxxxxxxxxxxxxxxxxxxxx
2024-02-26 10:59:27,758 - INFO - --> Received scan signal from PLC
2024-02-26 10:59:27,758 - INFO - --> ------ SCAN SIGNAL -------
2024-02-26 10:59:27,832 - INFO - --> RESULT SCAN
2024-02-26 10:59:27,833 - INFO - PASS SCAN
2024-02-26 10:59:27,833 - INFO - ----------- SEND TO SFC -----------
2024-02-26 10:59:28,209 - INFO - --> Send Data SN:  J464053005A25R2RJ
2024-02-26 10:59:28,798 - ERROR - Repetitive operation
2024-02-26 10:59:31,269 - INFO - 
xxxxxxxxxxxxxxxxxxxxxxxxxxxxxxxx
2024-02-26 10:59:31,269 - INFO - --> Received scan signal from PLC
2024-02-26 10:59:31,269 - INFO - --> ------ SCAN SIGNAL -------
2024-02-26 10:59:31,339 - INFO - --> RESULT SCAN
2024-02-26 10:59:31,339 - INFO - PASS SCAN
2024-02-26 10:59:31,339 - INFO - ----------- SEND TO SFC -----------
2024-02-26 10:59:31,710 - INFO - --> Send Data SN:  J464053005A25R2RJ
2024-02-26 10:59:32,294 - INFO - Please scan lot no
2024-02-26 10:59:32,648 - INFO - --> Send Data FIXTURE:  J464053005A25R2RJ
2024-02-26 10:59:33,238 - ERROR - Save Error
2024-02-26 10:59:33,910 - INFO - 
xxxxxxxxxxxxxxxxxxxxxxxxxxxxxxxx
2024-02-26 10:59:33,910 - INFO - --> Received scan signal from PLC
2024-02-26 10:59:33,910 - INFO - --> ------ SCAN SIGNAL -------
2024-02-26 10:59:33,983 - INFO - --> RESULT SCAN
2024-02-26 10:59:33,983 - INFO - PASS SCAN
2024-02-26 10:59:33,983 - INFO - ----------- SEND TO SFC -----------
2024-02-26 10:59:34,341 - INFO - --> Send Data SN:  J464053005A25R2RJ
2024-02-26 10:59:34,931 - INFO - Please scan lot no
2024-02-26 10:59:35,289 - INFO - --> Send Data FIXTURE:  J464053005A25R2RJ
2024-02-26 10:59:35,873 - ERROR - Save Error
2024-02-26 10:59:36,755 - INFO - 
xxxxxxxxxxxxxxxxxxxxxxxxxxxxxxxx
2024-02-26 10:59:36,755 - INFO - --> Received scan signal from PLC
2024-02-26 10:59:36,755 - INFO - --> ------ SCAN SIGNAL -------
2024-02-26 10:59:36,829 - INFO - --> RESULT SCAN
2024-02-26 10:59:36,829 - INFO - PASS SCAN
2024-02-26 10:59:36,829 - INFO - ----------- SEND TO SFC -----------
2024-02-26 10:59:37,191 - INFO - --> Send Data SN:  J464053005A25R2RJ
2024-02-26 10:59:37,788 - INFO - Please scan lot no
2024-02-26 10:59:38,150 - INFO - --> Send Data FIXTURE:  J464053005A25R2RJ
2024-02-26 10:59:38,739 - INFO - ------PASS SFC-------
2024-02-26 10:59:38,739 - INFO - Data SN: J464053005A25R2RJ
2024-02-26 10:59:38,739 - INFO - Data FIXTURE: J464053005A25R2RJ
2024-02-26 10:59:39,687 - INFO - 
xxxxxxxxxxxxxxxxxxxxxxxxxxxxxxxx
2024-02-26 10:59:39,687 - INFO - --> Received scan signal from PLC
2024-02-26 10:59:39,687 - INFO - --> ------ SCAN SIGNAL -------
2024-02-26 10:59:39,764 - INFO - --> RESULT SCAN
2024-02-26 10:59:39,764 - INFO - PASS SCAN
2024-02-26 10:59:39,764 - INFO - ----------- SEND TO SFC -----------
2024-02-26 10:59:40,126 - INFO - --> Send Data SN:  J464053005A25R2RJ
2024-02-26 10:59:40,718 - ERROR - Repetitive operation
2024-02-26 10:59:59,163 - INFO - 
xxxxxxxxxxxxxxxxxxxxxxxxxxxxxxxx
2024-02-26 10:59:59,163 - INFO - --> Received scan signal from PLC
2024-02-26 10:59:59,163 - INFO - --> ------ SCAN SIGNAL -------
2024-02-26 10:59:59,234 - INFO - --> RESULT SCAN
2024-02-26 10:59:59,234 - INFO - PASS SCAN
2024-02-26 10:59:59,234 - INFO - ----------- SEND TO SFC -----------
2024-02-26 10:59:59,598 - INFO - --> Send Data SN:  J464053005A25R2RJ
2024-02-26 11:00:00,180 - ERROR - Routing Erorr
2024-02-26 11:00:01,163 - INFO - 
xxxxxxxxxxxxxxxxxxxxxxxxxxxxxxxx
2024-02-26 11:00:01,163 - INFO - --> Received scan signal from PLC
2024-02-26 11:00:01,163 - INFO - --> ------ SCAN SIGNAL -------
2024-02-26 11:00:01,241 - INFO - --> RESULT SCAN
2024-02-26 11:00:01,241 - INFO - PASS SCAN
2024-02-26 11:00:01,241 - INFO - ----------- SEND TO SFC -----------
2024-02-26 11:00:01,606 - INFO - --> Send Data SN:  J464053005A25R2RJ
2024-02-26 11:00:02,193 - INFO - Please scan lot no
2024-02-26 11:00:02,556 - INFO - --> Send Data FIXTURE:  J464053005A25R2RJ
2024-02-26 11:00:03,142 - INFO - ------PASS SFC-------
2024-02-26 11:00:03,142 - INFO - Data SN: J464053005A25R2RJ
2024-02-26 11:00:03,142 - INFO - Data FIXTURE: J464053005A25R2RJ
2024-02-26 11:22:09,724 - ERROR - Can't connect with MES APP
