2024-03-09 13:04:22,567 - ERROR - Camera Error
2024-03-09 13:04:22,571 - ERROR - Camera Error
2024-03-09 13:04:23,605 - ERROR - Can't connect with MES APP
2024-03-09 13:04:23,605 - ERROR - CAM ERROR
2024-03-09 13:04:23,606 - ERROR - CAM ERROR
2024-03-09 13:06:52,395 - ERROR - Can't connect with MES APP
2024-03-09 13:07:00,729 - ERROR - Can't connect with MES APP
2024-03-09 13:07:01,900 - INFO - 
xxxxxxxxxxxxxxxxxxxxxxxxxxxxxxxx
2024-03-09 13:07:01,900 - INFO - --> Received scan signal from PLC
2024-03-09 13:07:01,900 - INFO - --> ------ SCAN SIGNAL -------
2024-03-09 13:07:02,455 - INFO - --> RESULT SCAN
2024-03-09 13:07:02,455 - INFO - PASS SCAN
2024-03-09 13:09:26,599 - ERROR - Can't connect with MES APP
2024-03-09 13:09:27,561 - INFO - 
xxxxxxxxxxxxxxxxxxxxxxxxxxxxxxxx
2024-03-09 13:09:27,561 - INFO - --> Received scan signal from PLC
2024-03-09 13:09:27,561 - INFO - --> ------ SCAN SIGNAL -------
2024-03-09 13:09:28,024 - INFO - --> RESULT SCAN
2024-03-09 13:09:28,024 - INFO - PASS SCAN
2024-03-09 13:09:28,024 - INFO - ----------- SEND TO MES -----------
2024-03-09 13:09:28,142 - WARNING - Wrong PLC Signal
2024-03-09 13:09:28,158 - WARNING - Wrong PLC Signal
2024-03-09 13:09:28,466 - INFO - --> Send Data SN:    hhhhhhhhhhhhhhhhhhhhhhhhhhhhhh
2024-03-09 13:09:28,477 - WARNING - Wrong PLC Signal
2024-03-09 13:10:09,022 - INFO - 
xxxxxxxxxxxxxxxxxxxxxxxxxxxxxxxx
2024-03-09 13:10:09,022 - INFO - --> Received scan signal from PLC
2024-03-09 13:10:09,022 - INFO - --> ------ SCAN SIGNAL -------
2024-03-09 13:10:09,481 - INFO - --> RESULT SCAN
2024-03-09 13:10:09,481 - INFO - PASS SCAN
2024-03-09 13:10:09,481 - INFO - ----------- SEND TO MES -----------
2024-03-09 13:10:09,605 - WARNING - Wrong PLC Signal
2024-03-09 13:10:09,793 - INFO - --> Send Data SN:    hhhhhhhhhhhhhhhhhhhhhhhhhhhhhh
2024-03-09 13:10:09,800 - WARNING - Wrong PLC Signal
2024-03-09 13:10:51,936 - INFO - PASS TO CHECK SN CODE
2024-03-09 13:10:52,245 - INFO - --> Send Data FIXTURE:    hhhhhhhhhhhhhhhhhhhhhhhhhhhhhh
2024-03-09 13:10:52,370 - INFO - PASS TO CHECK FIXTURE CODE
2024-03-09 13:10:52,370 - INFO - ------PASS MES-------
2024-03-09 13:10:52,370 - INFO - Data SN:   hhhhhhhhhhhhhhhhhhhhhhhhhhhhhh
2024-03-09 13:10:52,370 - INFO - Data FIXTURE:   hhhhhhhhhhhhhhhhhhhhhhhhhhhhhh
2024-03-09 13:11:33,238 - INFO - 
xxxxxxxxxxxxxxxxxxxxxxxxxxxxxxxx
2024-03-09 13:11:33,238 - INFO - --> Received scan signal from PLC
2024-03-09 13:11:33,238 - INFO - --> ------ SCAN SIGNAL -------
2024-03-09 13:11:33,706 - INFO - --> RESULT SCAN
2024-03-09 13:11:33,707 - INFO - PASS SCAN
2024-03-09 13:11:33,707 - INFO - ----------- SEND TO MES -----------
2024-03-09 13:11:33,833 - WARNING - Wrong PLC Signal
2024-03-09 13:11:34,019 - INFO - --> Send Data SN:    hhhhhhhhhhhhhhhhhhhhhhhhhhhhhh
2024-03-09 13:11:34,024 - WARNING - Wrong PLC Signal
2024-03-09 13:11:42,889 - INFO - 
xxxxxxxxxxxxxxxxxxxxxxxxxxxxxxxx
2024-03-09 13:11:42,889 - INFO - --> Received scan signal from PLC
2024-03-09 13:11:42,889 - INFO - --> ------ SCAN SIGNAL -------
2024-03-09 13:11:43,343 - INFO - --> RESULT SCAN
2024-03-09 13:11:43,344 - INFO - PASS SCAN
2024-03-09 13:11:43,344 - INFO - ----------- SEND TO MES -----------
2024-03-09 13:11:43,459 - WARNING - Wrong PLC Signal
2024-03-09 13:11:43,474 - WARNING - Wrong PLC Signal
2024-03-09 13:11:43,656 - INFO - --> Send Data SN:    hhhhhhhhhhhhhhhhhhhhhhhhhhhhhh
2024-03-09 13:11:43,666 - WARNING - Wrong PLC Signal
2024-03-09 13:12:01,304 - INFO - 
xxxxxxxxxxxxxxxxxxxxxxxxxxxxxxxx
2024-03-09 13:12:01,304 - INFO - --> Received scan signal from PLC
2024-03-09 13:12:01,304 - INFO - --> ------ SCAN SIGNAL -------
2024-03-09 13:12:01,755 - INFO - --> RESULT SCAN
2024-03-09 13:12:01,756 - INFO - PASS SCAN
2024-03-09 13:12:01,756 - INFO - ----------- SEND TO MES -----------
2024-03-09 13:12:01,872 - WARNING - Wrong PLC Signal
2024-03-09 13:12:01,888 - WARNING - Wrong PLC Signal
2024-03-09 13:12:02,071 - INFO - --> Send Data SN:    hhhhhhhhhhhhhhhhhhhhhhhhhhhhhh
2024-03-09 13:12:02,079 - WARNING - Wrong PLC Signal
2024-03-09 13:12:15,720 - WARNING - Received signal PLC when program is processing.
2024-03-09 13:13:00,862 - ERROR - Can't connect with MES APP
2024-03-09 13:13:14,951 - INFO - 
xxxxxxxxxxxxxxxxxxxxxxxxxxxxxxxx
2024-03-09 13:13:14,951 - INFO - --> Received scan signal from PLC
2024-03-09 13:13:14,951 - INFO - --> ------ SCAN SIGNAL -------
2024-03-09 13:13:15,418 - INFO - --> RESULT SCAN
2024-03-09 13:13:15,418 - INFO - PASS SCAN
2024-03-09 13:13:15,418 - INFO - ----------- SEND TO MES -----------
2024-03-09 13:13:15,536 - WARNING - Wrong PLC Signal
2024-03-09 13:13:15,552 - WARNING - Wrong PLC Signal
2024-03-09 13:13:15,885 - INFO - --> Send Data SN:    hhhhhhhhhhhhhhhhhhhhhhhhhhhhhh
2024-03-09 13:13:15,887 - WARNING - Wrong PLC Signal
2024-03-09 13:13:30,824 - INFO - PASS TO CHECK SN CODE
2024-03-09 13:13:31,134 - INFO - --> Send Data FIXTURE:    hhhhhhhhhhhhhhhhhhhhhhhhhhhhhh
2024-03-09 13:13:31,251 - INFO - PASS TO CHECK FIXTURE CODE
2024-03-09 13:13:31,251 - INFO - ------PASS MES-------
2024-03-09 13:13:31,251 - INFO - Data SN:   hhhhhhhhhhhhhhhhhhhhhhhhhhhhhh
2024-03-09 13:13:31,251 - INFO - Data FIXTURE:   hhhhhhhhhhhhhhhhhhhhhhhhhhhhhh
2024-03-09 13:16:37,308 - ERROR - Can't connect with MES APP
2024-03-09 13:16:50,511 - INFO - 
xxxxxxxxxxxxxxxxxxxxxxxxxxxxxxxx
2024-03-09 13:16:50,511 - INFO - --> Received scan signal from PLC
2024-03-09 13:16:50,511 - INFO - --> ------ SCAN SIGNAL -------
2024-03-09 13:16:50,990 - INFO - --> RESULT SCAN
2024-03-09 13:16:50,991 - INFO - PASS SCAN
2024-03-09 13:16:50,991 - INFO - ----------- SEND TO MES -----------
2024-03-09 13:16:51,109 - WARNING - Wrong PLC Signal
2024-03-09 13:16:51,124 - WARNING - Wrong PLC Signal
2024-03-09 13:16:51,439 - INFO - --> Send Data SN:    hhhhhhhhhhhhhhhhhhhhhhhhhhhhhh
2024-03-09 13:16:51,440 - WARNING - Wrong PLC Signal
2024-03-09 13:16:51,849 - INFO - PASS TO CHECK SN CODE
2024-03-09 13:16:51,963 - WARNING - Wrong PLC Signal
2024-03-09 13:16:51,979 - WARNING - Wrong PLC Signal
2024-03-09 13:16:52,164 - INFO - --> Send Data FIXTURE:    hhhhhhhhhhhhhhhhhhhhhhhhhhhhhh
2024-03-09 13:16:52,196 - WARNING - Wrong PLC Signal
2024-03-09 13:16:52,280 - INFO - PASS TO CHECK FIXTURE CODE
2024-03-09 13:16:52,281 - INFO - ------PASS MES-------
2024-03-09 13:16:52,281 - INFO - Data SN:   hhhhhhhhhhhhhhhhhhhhhhhhhhhhhh
2024-03-09 13:16:52,281 - INFO - Data FIXTURE:   hhhhhhhhhhhhhhhhhhhhhhhhhhhhhh
2024-03-09 13:17:23,151 - INFO - 
xxxxxxxxxxxxxxxxxxxxxxxxxxxxxxxx
2024-03-09 13:17:23,151 - INFO - --> Received scan signal from PLC
2024-03-09 13:17:23,151 - INFO - --> ------ SCAN SIGNAL -------
2024-03-09 13:17:23,613 - INFO - --> RESULT SCAN
2024-03-09 13:17:23,613 - INFO - PASS SCAN
2024-03-09 13:17:23,613 - INFO - ----------- SEND TO MES -----------
2024-03-09 13:17:23,734 - WARNING - Wrong PLC Signal
2024-03-09 13:17:23,749 - WARNING - Wrong PLC Signal
2024-03-09 13:17:23,929 - INFO - --> Send Data SN:    hhhhhhhhhhhhhhhhhhhhhhhhhhhhhh
2024-03-09 13:17:23,943 - WARNING - Wrong PLC Signal
2024-03-09 13:17:33,764 - INFO - 
xxxxxxxxxxxxxxxxxxxxxxxxxxxxxxxx
2024-03-09 13:17:33,764 - INFO - --> Received scan signal from PLC
2024-03-09 13:17:33,764 - INFO - --> ------ SCAN SIGNAL -------
2024-03-09 13:17:34,226 - INFO - --> RESULT SCAN
2024-03-09 13:17:34,226 - INFO - PASS SCAN
2024-03-09 13:17:34,226 - INFO - ----------- SEND TO MES -----------
2024-03-09 13:17:34,346 - WARNING - Wrong PLC Signal
2024-03-09 13:17:34,362 - WARNING - Wrong PLC Signal
2024-03-09 13:17:34,540 - INFO - --> Send Data SN:    hhhhhhhhhhhhhhhhhhhhhhhhhhhhhh
2024-03-09 13:17:34,554 - WARNING - Wrong PLC Signal
2024-03-09 13:17:34,952 - INFO - PASS TO CHECK SN CODE
2024-03-09 13:17:35,067 - WARNING - Wrong PLC Signal
2024-03-09 13:17:35,082 - WARNING - Wrong PLC Signal
2024-03-09 13:17:35,264 - INFO - --> Send Data FIXTURE:    hhhhhhhhhhhhhhhhhhhhhhhhhhhhhh
2024-03-09 13:17:35,298 - WARNING - Wrong PLC Signal
2024-03-09 13:17:35,385 - INFO - PASS TO CHECK FIXTURE CODE
2024-03-09 13:17:35,385 - INFO - ------PASS MES-------
2024-03-09 13:17:35,385 - INFO - Data SN:   hhhhhhhhhhhhhhhhhhhhhhhhhhhhhh
2024-03-09 13:17:35,385 - INFO - Data FIXTURE:   hhhhhhhhhhhhhhhhhhhhhhhhhhhhhh
2024-03-09 13:18:50,445 - ERROR - Can't connect with MES APP
2024-03-09 13:18:57,335 - INFO - 
xxxxxxxxxxxxxxxxxxxxxxxxxxxxxxxx
2024-03-09 13:18:57,335 - INFO - --> Received scan signal from PLC
2024-03-09 13:18:57,335 - INFO - --> ------ SCAN SIGNAL -------
2024-03-09 13:18:57,791 - INFO - --> RESULT SCAN
2024-03-09 13:19:27,079 - ERROR - Can't connect with MES APP
2024-03-09 13:19:29,946 - INFO - 
xxxxxxxxxxxxxxxxxxxxxxxxxxxxxxxx
2024-03-09 13:19:29,946 - INFO - --> Received scan signal from PLC
2024-03-09 13:19:29,946 - INFO - --> ------ SCAN SIGNAL -------
2024-03-09 13:19:30,404 - INFO - --> RESULT SCAN
2024-03-09 13:19:30,404 - INFO - PASS SCAN
2024-03-09 13:19:30,404 - INFO - ----------- SEND TO MES -----------
2024-03-09 13:19:30,531 - WARNING - Wrong PLC Signal
2024-03-09 13:19:30,861 - INFO - --> Send Data SN:    hhhhhhhhhhhhhhhhhhhhhhhhhhhhhh
2024-03-09 13:19:30,863 - WARNING - Wrong PLC Signal
2024-03-09 13:19:31,281 - INFO - PASS TO CHECK SN CODE
2024-03-09 13:19:31,405 - WARNING - Wrong PLC Signal
2024-03-09 13:19:31,420 - WARNING - Wrong PLC Signal
2024-03-09 13:19:31,595 - INFO - --> Send Data FIXTURE:    hhhhhhhhhhhhhhhhhhhhhhhhhhhhhh
2024-03-09 13:19:31,625 - WARNING - Wrong PLC Signal
2024-03-09 13:19:31,712 - INFO - PASS TO CHECK FIXTURE CODE
2024-03-09 13:19:31,712 - INFO - ------PASS MES-------
2024-03-09 13:19:31,712 - INFO - Data SN:   hhhhhhhhhhhhhhhhhhhhhhhhhhhhhh
2024-03-09 13:19:31,712 - INFO - Data FIXTURE:   hhhhhhhhhhhhhhhhhhhhhhhhhhhhhh
2024-03-09 13:25:07,467 - ERROR - Can't connect with MES APP
2024-03-09 13:25:24,964 - INFO - 
xxxxxxxxxxxxxxxxxxxxxxxxxxxxxxxx
2024-03-09 13:25:24,964 - INFO - --> Received scan signal from PLC
2024-03-09 13:25:24,964 - INFO - --> ------ SCAN SIGNAL -------
2024-03-09 13:25:25,430 - INFO - --> RESULT SCAN
2024-03-09 13:25:25,430 - INFO - PASS SCAN
2024-03-09 13:25:25,430 - INFO - ----------- SEND TO MES -----------
2024-03-09 13:25:25,547 - WARNING - Wrong PLC Signal
2024-03-09 13:25:25,562 - WARNING - Wrong PLC Signal
2024-03-09 13:25:25,891 - INFO - --> Send Data SN:    hhhhhhhhhhhhhhhhhhhhhhhhhhhhhh
2024-03-09 13:25:25,895 - WARNING - Wrong PLC Signal
2024-03-09 13:25:43,616 - INFO - PASS TO CHECK SN CODE
2024-03-09 13:25:43,925 - INFO - --> Send Data FIXTURE:    hhhhhhhhhhhhhhhhhhhhhhhhhhhhhh
2024-03-09 13:25:47,042 - INFO - PASS TO CHECK FIXTURE CODE
2024-03-09 13:25:47,042 - INFO - ------PASS MES-------
2024-03-09 13:25:47,042 - INFO - Data SN:   hhhhhhhhhhhhhhhhhhhhhhhhhhhhhh
2024-03-09 13:25:47,042 - INFO - Data FIXTURE:   hhhhhhhhhhhhhhhhhhhhhhhhhhhhhh
2024-03-09 13:26:51,409 - ERROR - Can't connect with MES APP
2024-03-09 13:26:53,593 - INFO - 
xxxxxxxxxxxxxxxxxxxxxxxxxxxxxxxx
2024-03-09 13:26:53,593 - INFO - --> Received scan signal from PLC
2024-03-09 13:26:53,593 - INFO - --> ------ SCAN SIGNAL -------
2024-03-09 13:26:54,051 - INFO - --> RESULT SCAN
2024-03-09 13:26:54,052 - INFO - PASS SCAN
2024-03-09 13:26:54,052 - INFO - ----------- SEND TO MES -----------
2024-03-09 13:26:54,176 - WARNING - Wrong PLC Signal
2024-03-09 13:26:54,191 - WARNING - Wrong PLC Signal
2024-03-09 13:26:54,494 - INFO - --> Send Data SN:    hhhhhhhhhhhhhhhhhhhhhhhhhhhhhh
2024-03-09 13:26:54,510 - WARNING - Wrong PLC Signal
2024-03-09 13:27:24,294 - INFO - 
xxxxxxxxxxxxxxxxxxxxxxxxxxxxxxxx
2024-03-09 13:27:24,294 - INFO - --> Received scan signal from PLC
2024-03-09 13:27:24,294 - INFO - --> ------ SCAN SIGNAL -------
2024-03-09 13:27:24,757 - INFO - --> RESULT SCAN
2024-03-09 13:27:24,757 - INFO - PASS SCAN
2024-03-09 13:27:24,757 - INFO - ----------- SEND TO MES -----------
2024-03-09 13:27:24,879 - WARNING - Wrong PLC Signal
2024-03-09 13:27:24,894 - WARNING - Wrong PLC Signal
2024-03-09 13:27:25,071 - INFO - --> Send Data SN:    hhhhhhhhhhhhhhhhhhhhhhhhhhhhhh
2024-03-09 13:27:25,073 - WARNING - Wrong PLC Signal
2024-03-09 13:27:42,223 - INFO - PASS TO CHECK SN CODE
2024-03-09 13:27:42,531 - INFO - --> Send Data FIXTURE:    hhhhhhhhhhhhhhhhhhhhhhhhhhhhhh
2024-03-09 13:27:45,650 - INFO - PASS TO CHECK FIXTURE CODE
2024-03-09 13:27:45,650 - INFO - ------PASS MES-------
2024-03-09 13:27:45,650 - INFO - Data SN:   hhhhhhhhhhhhhhhhhhhhhhhhhhhhhh
2024-03-09 13:27:45,650 - INFO - Data FIXTURE:   hhhhhhhhhhhhhhhhhhhhhhhhhhhhhh
2024-03-09 13:28:05,512 - ERROR - Can't connect with MES APP
2024-03-09 13:28:07,488 - INFO - 
xxxxxxxxxxxxxxxxxxxxxxxxxxxxxxxx
2024-03-09 13:28:07,488 - INFO - --> Received scan signal from PLC
2024-03-09 13:28:07,488 - INFO - --> ------ SCAN SIGNAL -------
2024-03-09 13:28:07,946 - INFO - --> RESULT SCAN
2024-03-09 13:28:07,947 - INFO - PASS SCAN
2024-03-09 13:28:07,947 - INFO - ----------- SEND TO MES -----------
2024-03-09 13:28:08,073 - WARNING - Wrong PLC Signal
2024-03-09 13:28:08,389 - INFO - --> Send Data SN:    hhhhhhhhhhhhhhhhhhhhhhhhhhhhhh
2024-03-09 13:28:08,392 - WARNING - Wrong PLC Signal
2024-03-09 13:28:17,558 - INFO - 
xxxxxxxxxxxxxxxxxxxxxxxxxxxxxxxx
2024-03-09 13:28:17,558 - INFO - --> Received scan signal from PLC
2024-03-09 13:28:17,558 - INFO - --> ------ SCAN SIGNAL -------
2024-03-09 13:28:18,016 - INFO - --> RESULT SCAN
2024-03-09 13:28:18,017 - INFO - PASS SCAN
2024-03-09 13:28:18,017 - INFO - ----------- SEND TO MES -----------
2024-03-09 13:28:18,145 - WARNING - Wrong PLC Signal
2024-03-09 13:28:18,332 - INFO - --> Send Data SN:    hhhhhhhhhhhhhhhhhhhhhhhhhhhhhh
2024-03-09 13:28:18,337 - WARNING - Wrong PLC Signal
2024-03-09 13:29:01,198 - INFO - PASS TO CHECK SN CODE
2024-03-09 13:29:01,507 - INFO - --> Send Data FIXTURE:    hhhhhhhhhhhhhhhhhhhhhhhhhhhhhh
2024-03-09 13:29:04,626 - INFO - PASS TO CHECK FIXTURE CODE
2024-03-09 13:29:04,626 - INFO - ------PASS MES-------
2024-03-09 13:29:04,626 - INFO - Data SN:   hhhhhhhhhhhhhhhhhhhhhhhhhhhhhh
2024-03-09 13:29:04,626 - INFO - Data FIXTURE:   hhhhhhhhhhhhhhhhhhhhhhhhhhhhhh
2024-03-09 13:30:45,075 - ERROR - Can't connect with MES APP
2024-03-09 13:30:55,366 - INFO - 
xxxxxxxxxxxxxxxxxxxxxxxxxxxxxxxx
2024-03-09 13:30:55,366 - INFO - --> Received scan signal from PLC
2024-03-09 13:30:55,366 - INFO - --> ------ SCAN SIGNAL -------
2024-03-09 13:30:55,835 - INFO - --> RESULT SCAN
2024-03-09 13:30:55,835 - INFO - PASS SCAN
2024-03-09 13:30:55,835 - INFO - ----------- SEND TO MES -----------
2024-03-09 13:30:55,955 - WARNING - Wrong PLC Signal
2024-03-09 13:30:55,969 - WARNING - Wrong PLC Signal
2024-03-09 13:30:56,276 - INFO - --> Send Data SN:    hhhhhhhhhhhhhhhhhhhhhhhhhhhhhh
2024-03-09 13:30:56,289 - WARNING - Wrong PLC Signal
2024-03-09 13:31:06,694 - INFO - PASS TO CHECK SN CODE
2024-03-09 13:31:07,011 - INFO - --> Send Data FIXTURE:    hhhhhhhhhhhhhhhhhhhhhhhhhhhhhh
2024-03-09 13:31:27,750 - ERROR - Can't connect with MES APP
2024-03-09 13:31:33,686 - INFO - 
xxxxxxxxxxxxxxxxxxxxxxxxxxxxxxxx
2024-03-09 13:31:33,686 - INFO - --> Received scan signal from PLC
2024-03-09 13:31:33,686 - INFO - --> ------ SCAN SIGNAL -------
2024-03-09 13:31:34,146 - INFO - --> RESULT SCAN
2024-03-09 13:31:34,147 - INFO - PASS SCAN
2024-03-09 13:31:34,147 - INFO - ----------- SEND TO MES -----------
2024-03-09 13:31:34,268 - WARNING - Wrong PLC Signal
2024-03-09 13:31:34,285 - WARNING - Wrong PLC Signal
2024-03-09 13:31:34,598 - INFO - --> Send Data SN:    hhhhhhhhhhhhhhhhhhhhhhhhhhhhhh
2024-03-09 13:31:34,610 - WARNING - Wrong PLC Signal
2024-03-09 13:32:15,795 - ERROR - Can't connect with MES APP
2024-03-09 13:32:19,012 - INFO - 
xxxxxxxxxxxxxxxxxxxxxxxxxxxxxxxx
2024-03-09 13:32:19,012 - INFO - --> Received scan signal from PLC
2024-03-09 13:32:19,012 - INFO - --> ------ SCAN SIGNAL -------
2024-03-09 13:32:19,484 - INFO - --> RESULT SCAN
2024-03-09 13:32:19,485 - INFO - PASS SCAN
2024-03-09 13:32:19,485 - INFO - ----------- SEND TO MES -----------
2024-03-09 13:32:19,599 - WARNING - Wrong PLC Signal
2024-03-09 13:32:19,613 - WARNING - Wrong PLC Signal
2024-03-09 13:32:19,926 - INFO - --> Send Data SN:    hhhhhhhhhhhhhhhhhhhhhhhhhhhhhh
2024-03-09 13:32:19,930 - WARNING - Wrong PLC Signal
2024-03-09 13:33:28,509 - ERROR - Can't connect with MES APP
2024-03-09 13:33:31,596 - INFO - 
xxxxxxxxxxxxxxxxxxxxxxxxxxxxxxxx
2024-03-09 13:33:31,596 - INFO - --> Received scan signal from PLC
2024-03-09 13:33:31,596 - INFO - --> ------ SCAN SIGNAL -------
2024-03-09 13:33:32,065 - INFO - --> RESULT SCAN
2024-03-09 13:33:32,065 - INFO - PASS SCAN
2024-03-09 13:33:32,065 - INFO - ----------- SEND TO MES -----------
2024-03-09 13:33:32,181 - WARNING - Wrong PLC Signal
2024-03-09 13:33:32,196 - WARNING - Wrong PLC Signal
2024-03-09 13:33:32,506 - INFO - --> Send Data SN:    hhhhhhhhhhhhhhhhhhhhhhhhhhhhhh
2024-03-09 13:33:32,515 - WARNING - Wrong PLC Signal
2024-03-09 13:33:52,022 - INFO - PASS TO CHECK SN CODE
2024-03-09 13:33:52,331 - INFO - --> Send Data FIXTURE:    hhhhhhhhhhhhhhhhhhhhhhhhhhhhhh
2024-03-09 13:33:55,446 - INFO - PASS TO CHECK FIXTURE CODE
2024-03-09 13:33:55,446 - INFO - ------PASS MES-------
2024-03-09 13:33:55,446 - INFO - Data SN:   hhhhhhhhhhhhhhhhhhhhhhhhhhhhhh
2024-03-09 13:33:55,446 - INFO - Data FIXTURE:   hhhhhhhhhhhhhhhhhhhhhhhhhhhhhh
2024-03-09 13:34:26,775 - ERROR - Can't connect with MES APP
2024-03-09 13:34:36,942 - INFO - 
xxxxxxxxxxxxxxxxxxxxxxxxxxxxxxxx
2024-03-09 13:34:36,942 - INFO - --> Received scan signal from PLC
2024-03-09 13:34:36,942 - INFO - --> ------ SCAN SIGNAL -------
2024-03-09 13:34:37,416 - INFO - --> RESULT SCAN
2024-03-09 13:34:37,416 - INFO - PASS SCAN
2024-03-09 13:34:37,416 - INFO - ----------- SEND TO MES -----------
2024-03-09 13:34:37,541 - WARNING - Wrong PLC Signal
2024-03-09 13:34:37,556 - WARNING - Wrong PLC Signal
2024-03-09 13:34:37,856 - INFO - --> Send Data SN:    hhhhhhhhhhhhhhhhhhhhhhhhhhhhhh
2024-03-09 13:34:37,861 - WARNING - Wrong PLC Signal
2024-03-09 13:34:48,478 - INFO - PASS TO CHECK SN CODE
2024-03-09 13:34:48,793 - INFO - --> Send Data FIXTURE:    hhhhhhhhhhhhhhhhhhhhhhhhhhhhhh
2024-03-09 13:34:51,910 - INFO - PASS TO CHECK FIXTURE CODE
2024-03-09 13:34:51,910 - INFO - ------PASS MES-------
2024-03-09 13:34:51,910 - INFO - Data SN:   hhhhhhhhhhhhhhhhhhhhhhhhhhhhhh
2024-03-09 13:34:51,910 - INFO - Data FIXTURE:   hhhhhhhhhhhhhhhhhhhhhhhhhhhhhh
2024-03-09 13:43:57,409 - ERROR - Can't connect with MES APP
2024-03-09 13:44:02,160 - INFO - 
xxxxxxxxxxxxxxxxxxxxxxxxxxxxxxxx
2024-03-09 13:44:02,160 - INFO - --> Received scan signal from PLC
2024-03-09 13:44:02,160 - INFO - --> ------ SCAN SIGNAL -------
2024-03-09 13:44:02,623 - INFO - --> RESULT SCAN
2024-03-09 13:44:02,623 - INFO - PASS SCAN
2024-03-09 13:44:02,623 - INFO - ----------- SEND TO MES -----------
2024-03-09 13:44:02,742 - WARNING - Wrong PLC Signal
2024-03-09 13:44:02,758 - WARNING - Wrong PLC Signal
2024-03-09 13:44:03,072 - INFO - --> Send Data SN:    hhhhhhhhhhhhhhhhhhhhhhhhhhhhhh
2024-03-09 13:44:03,076 - WARNING - Wrong PLC Signal
2024-03-09 13:44:15,205 - INFO - PASS TO CHECK SN CODE
2024-03-09 13:44:15,519 - INFO - --> Send Data FIXTURE:    hhhhhhhhhhhhhhhhhhhhhhhhhhhhhh
2024-03-09 13:44:18,641 - INFO - PASS TO CHECK FIXTURE CODE
2024-03-09 13:44:18,641 - INFO - ------PASS MES-------
2024-03-09 13:44:18,641 - INFO - Data SN:   hhhhhhhhhhhhhhhhhhhhhhhhhhhhhh
2024-03-09 13:44:18,641 - INFO - Data FIXTURE:   hhhhhhhhhhhhhhhhhhhhhhhhhhhhhh
2024-03-09 13:45:58,575 - ERROR - Can't connect with MES APP
2024-03-09 13:46:02,083 - INFO - 
xxxxxxxxxxxxxxxxxxxxxxxxxxxxxxxx
2024-03-09 13:46:02,083 - INFO - --> Received scan signal from PLC
2024-03-09 13:46:02,083 - INFO - --> ------ SCAN SIGNAL -------
2024-03-09 13:46:02,546 - INFO - --> RESULT SCAN
2024-03-09 13:46:02,546 - INFO - PASS SCAN
2024-03-09 13:46:02,546 - INFO - ----------- SEND TO MES -----------
2024-03-09 13:46:02,665 - WARNING - Wrong PLC Signal
2024-03-09 13:46:02,680 - WARNING - Wrong PLC Signal
2024-03-09 13:46:02,983 - INFO - --> Send Data SN:    hhhhhhhhhhhhhhhhhhhhhhhhhhhhhh
2024-03-09 13:46:02,985 - WARNING - Wrong PLC Signal
2024-03-09 13:46:11,001 - INFO - 
xxxxxxxxxxxxxxxxxxxxxxxxxxxxxxxx
2024-03-09 13:46:11,001 - INFO - --> Received scan signal from PLC
2024-03-09 13:46:11,001 - INFO - --> ------ SCAN SIGNAL -------
2024-03-09 13:46:11,461 - INFO - --> RESULT SCAN
2024-03-09 13:46:11,462 - INFO - PASS SCAN
2024-03-09 13:46:11,462 - INFO - ----------- SEND TO MES -----------
2024-03-09 13:46:11,582 - WARNING - Wrong PLC Signal
2024-03-09 13:46:11,597 - WARNING - Wrong PLC Signal
2024-03-09 13:46:11,781 - INFO - --> Send Data SN:    hhhhhhhhhhhhhhhhhhhhhhhhhhhhhh
2024-03-09 13:46:11,790 - WARNING - Wrong PLC Signal
2024-03-09 13:46:17,718 - INFO - PASS TO CHECK SN CODE
2024-03-09 13:46:18,028 - INFO - --> Send Data FIXTURE:    hhhhhhhhhhhhhhhhhhhhhhhhhhhhhh
2024-03-09 13:47:17,652 - ERROR - Can't connect with MES APP
2024-03-09 13:47:20,754 - INFO - 
xxxxxxxxxxxxxxxxxxxxxxxxxxxxxxxx
2024-03-09 13:47:20,754 - INFO - --> Received scan signal from PLC
2024-03-09 13:47:20,754 - INFO - --> ------ SCAN SIGNAL -------
2024-03-09 13:47:21,209 - INFO - --> RESULT SCAN
2024-03-09 13:47:21,209 - INFO - PASS SCAN
2024-03-09 13:47:21,209 - INFO - ----------- SEND TO MES -----------
2024-03-09 13:47:21,337 - WARNING - Wrong PLC Signal
2024-03-09 13:47:21,653 - INFO - --> Send Data SN:    hhhhhhhhhhhhhhhhhhhhhhhhhhhhhh
2024-03-09 13:47:21,655 - WARNING - Wrong PLC Signal
2024-03-09 13:47:33,452 - INFO - PASS TO CHECK SN CODE
2024-03-09 13:47:33,763 - INFO - --> Send Data FIXTURE:    hhhhhhhhhhhhhhhhhhhhhhhhhhhhhh
2024-03-09 13:47:36,884 - INFO - PASS TO CHECK FIXTURE CODE
2024-03-09 13:47:36,884 - INFO - ------PASS MES-------
2024-03-09 13:47:36,884 - INFO - Data SN:   hhhhhhhhhhhhhhhhhhhhhhhhhhhhhh
2024-03-09 13:47:36,884 - INFO - Data FIXTURE:   hhhhhhhhhhhhhhhhhhhhhhhhhhhhhh
2024-03-09 13:49:30,643 - ERROR - Can't connect with MES APP
2024-03-09 13:49:33,184 - INFO - 
xxxxxxxxxxxxxxxxxxxxxxxxxxxxxxxx
2024-03-09 13:49:33,184 - INFO - --> Received scan signal from PLC
2024-03-09 13:49:33,184 - INFO - --> ------ SCAN SIGNAL -------
2024-03-09 13:49:33,644 - INFO - --> RESULT SCAN
2024-03-09 13:49:33,644 - INFO - PASS SCAN
2024-03-09 13:49:33,645 - INFO - ----------- SEND TO MES -----------
2024-03-09 13:49:33,769 - WARNING - Wrong PLC Signal
2024-03-09 13:49:33,784 - WARNING - Wrong PLC Signal
2024-03-09 13:49:34,087 - INFO - --> Send Data SN:    hhhhhhhhhhhhhhhhhhhhhhhhhhhhhh
2024-03-09 13:49:34,089 - WARNING - Wrong PLC Signal
2024-03-09 13:49:37,583 - INFO - 
xxxxxxxxxxxxxxxxxxxxxxxxxxxxxxxx
2024-03-09 13:49:37,583 - INFO - --> Received scan signal from PLC
2024-03-09 13:49:37,583 - INFO - --> ------ SCAN SIGNAL -------
2024-03-09 13:49:38,037 - INFO - --> RESULT SCAN
2024-03-09 13:49:38,037 - INFO - PASS SCAN
2024-03-09 13:49:38,037 - INFO - ----------- SEND TO MES -----------
2024-03-09 13:49:38,151 - WARNING - Wrong PLC Signal
2024-03-09 13:49:38,166 - WARNING - Wrong PLC Signal
2024-03-09 13:49:38,349 - INFO - --> Send Data SN:    hhhhhhhhhhhhhhhhhhhhhhhhhhhhhh
2024-03-09 13:49:38,359 - WARNING - Wrong PLC Signal
2024-03-09 13:49:44,293 - INFO - 
xxxxxxxxxxxxxxxxxxxxxxxxxxxxxxxx
2024-03-09 13:49:44,293 - INFO - --> Received scan signal from PLC
2024-03-09 13:49:44,293 - INFO - --> ------ SCAN SIGNAL -------
2024-03-09 13:49:44,753 - INFO - --> RESULT SCAN
2024-03-09 13:49:44,753 - INFO - PASS SCAN
2024-03-09 13:49:44,753 - INFO - ----------- SEND TO MES -----------
2024-03-09 13:49:44,879 - WARNING - Wrong PLC Signal
2024-03-09 13:49:45,066 - INFO - --> Send Data SN:    hhhhhhhhhhhhhhhhhhhhhhhhhhhhhh
2024-03-09 13:49:45,070 - WARNING - Wrong PLC Signal
2024-03-09 13:49:51,756 - INFO - PASS TO CHECK SN CODE
2024-03-09 13:49:52,066 - INFO - --> Send Data FIXTURE:    hhhhhhhhhhhhhhhhhhhhhhhhhhhhhh
2024-03-09 13:49:52,205 - INFO - PASS TO CHECK FIXTURE CODE
2024-03-09 13:49:52,205 - INFO - ------PASS MES-------
2024-03-09 13:49:52,205 - INFO - Data SN:   hhhhhhhhhhhhhhhhhhhhhhhhhhhhhh
2024-03-09 13:49:52,205 - INFO - Data FIXTURE:   hhhhhhhhhhhhhhhhhhhhhhhhhhhhhh
2024-03-09 13:50:11,080 - INFO - 
xxxxxxxxxxxxxxxxxxxxxxxxxxxxxxxx
2024-03-09 13:50:11,080 - INFO - --> Received scan signal from PLC
2024-03-09 13:50:11,080 - INFO - --> ------ SCAN SIGNAL -------
2024-03-09 13:50:11,540 - INFO - --> RESULT SCAN
2024-03-09 13:50:11,541 - INFO - PASS SCAN
2024-03-09 13:50:11,541 - INFO - ----------- SEND TO MES -----------
2024-03-09 13:50:11,658 - WARNING - Wrong PLC Signal
2024-03-09 13:50:11,673 - WARNING - Wrong PLC Signal
2024-03-09 13:50:11,855 - INFO - --> Send Data SN:    hhhhhhhhhhhhhhhhhhhhhhhhhhhhhh
2024-03-09 13:50:11,866 - WARNING - Wrong PLC Signal
2024-03-09 13:50:12,278 - INFO - PASS TO CHECK SN CODE
2024-03-09 13:50:12,403 - WARNING - Wrong PLC Signal
2024-03-09 13:50:12,589 - INFO - --> Send Data FIXTURE:    hhhhhhhhhhhhhhhhhhhhhhhhhhhhhh
2024-03-09 13:50:12,620 - WARNING - Wrong PLC Signal
2024-03-09 13:50:12,705 - INFO - PASS TO CHECK FIXTURE CODE
2024-03-09 13:50:12,705 - INFO - ------PASS MES-------
2024-03-09 13:50:12,705 - INFO - Data SN:   hhhhhhhhhhhhhhhhhhhhhhhhhhhhhh
2024-03-09 13:50:12,705 - INFO - Data FIXTURE:   hhhhhhhhhhhhhhhhhhhhhhhhhhhhhh
2024-03-09 13:50:20,798 - INFO - 
xxxxxxxxxxxxxxxxxxxxxxxxxxxxxxxx
2024-03-09 13:50:20,798 - INFO - --> Received scan signal from PLC
2024-03-09 13:50:20,798 - INFO - --> ------ SCAN SIGNAL -------
2024-03-09 13:50:21,244 - INFO - --> RESULT SCAN
2024-03-09 13:50:21,244 - INFO - PASS SCAN
2024-03-09 13:50:21,244 - INFO - ----------- SEND TO MES -----------
2024-03-09 13:50:21,363 - WARNING - Wrong PLC Signal
2024-03-09 13:50:21,379 - WARNING - Wrong PLC Signal
2024-03-09 13:50:21,558 - INFO - --> Send Data SN:    hhhhhhhhhhhhhhhhhhhhhhhhhhhhhh
2024-03-09 13:50:21,559 - WARNING - Wrong PLC Signal
2024-03-09 13:50:21,972 - INFO - PASS TO CHECK SN CODE
2024-03-09 13:50:22,097 - WARNING - Wrong PLC Signal
2024-03-09 13:50:22,113 - WARNING - Wrong PLC Signal
2024-03-09 13:50:22,291 - INFO - --> Send Data FIXTURE:    hhhhhhhhhhhhhhhhhhhhhhhhhhhhhh
2024-03-09 13:50:22,315 - WARNING - Wrong PLC Signal
2024-03-09 13:50:22,401 - INFO - PASS TO CHECK FIXTURE CODE
2024-03-09 13:50:22,401 - INFO - ------PASS MES-------
2024-03-09 13:50:22,401 - INFO - Data SN:   hhhhhhhhhhhhhhhhhhhhhhhhhhhhhh
2024-03-09 13:50:22,401 - INFO - Data FIXTURE:   hhhhhhhhhhhhhhhhhhhhhhhhhhhhhh
2024-03-09 13:50:29,423 - INFO - 
xxxxxxxxxxxxxxxxxxxxxxxxxxxxxxxx
2024-03-09 13:50:29,423 - INFO - --> Received scan signal from PLC
2024-03-09 13:50:29,423 - INFO - --> ------ SCAN SIGNAL -------
2024-03-09 13:50:29,888 - INFO - --> RESULT SCAN
2024-03-09 13:50:29,888 - INFO - PASS SCAN
2024-03-09 13:50:29,888 - INFO - ----------- SEND TO MES -----------
2024-03-09 13:50:30,007 - WARNING - Wrong PLC Signal
2024-03-09 13:50:30,023 - WARNING - Wrong PLC Signal
2024-03-09 13:50:30,199 - INFO - --> Send Data SN:    hhhhhhhhhhhhhhhhhhhhhhhhhhhhhh
2024-03-09 13:50:30,214 - WARNING - Wrong PLC Signal
2024-03-09 13:50:30,620 - INFO - PASS TO CHECK SN CODE
2024-03-09 13:50:30,740 - WARNING - Wrong PLC Signal
2024-03-09 13:50:30,755 - WARNING - Wrong PLC Signal
2024-03-09 13:50:30,939 - INFO - --> Send Data FIXTURE:    hhhhhhhhhhhhhhhhhhhhhhhhhhhhhh
2024-03-09 13:50:30,963 - WARNING - Wrong PLC Signal
2024-03-09 13:53:20,399 - ERROR - Can't connect with MES APP
2024-03-09 13:53:23,551 - INFO - 
xxxxxxxxxxxxxxxxxxxxxxxxxxxxxxxx
2024-03-09 13:53:23,552 - INFO - --> Received scan signal from PLC
2024-03-09 13:53:23,552 - INFO - --> ------ SCAN SIGNAL -------
2024-03-09 13:53:24,011 - INFO - --> RESULT SCAN
2024-03-09 13:53:24,012 - INFO - PASS SCAN
2024-03-09 13:53:24,012 - INFO - ----------- SEND TO MES -----------
2024-03-09 13:53:24,132 - WARNING - Wrong PLC Signal
2024-03-09 13:53:24,149 - WARNING - Wrong PLC Signal
2024-03-09 13:53:24,451 - INFO - --> Send Data SN:    hhhhhhhhhhhhhhhhhhhhhhhhhhhhhh
2024-03-09 13:53:24,454 - WARNING - Wrong PLC Signal
2024-03-09 13:53:30,694 - WARNING - Received signal PLC when program is processing.
2024-03-09 13:53:42,292 - INFO - PASS TO CHECK SN CODE
2024-03-09 13:53:42,600 - INFO - --> Send Data FIXTURE:    hhhhhhhhhhhhhhhhhhhhhhhhhhhhhh
2024-03-09 13:53:42,730 - INFO - PASS TO CHECK FIXTURE CODE
2024-03-09 13:53:42,730 - INFO - ------PASS MES-------
2024-03-09 13:53:42,730 - INFO - Data SN:   hhhhhhhhhhhhhhhhhhhhhhhhhhhhhh
2024-03-09 13:53:42,730 - INFO - Data FIXTURE:   hhhhhhhhhhhhhhhhhhhhhhhhhhhhhh
2024-03-09 13:55:16,930 - ERROR - Can't connect with MES APP
2024-03-09 13:55:22,193 - INFO - 
xxxxxxxxxxxxxxxxxxxxxxxxxxxxxxxx
2024-03-09 13:55:22,193 - INFO - --> Received scan signal from PLC
2024-03-09 13:55:22,193 - INFO - --> ------ SCAN SIGNAL -------
2024-03-09 13:55:22,666 - INFO - --> RESULT SCAN
2024-03-09 13:55:22,667 - INFO - PASS SCAN
2024-03-09 13:55:22,667 - INFO - ----------- SEND TO MES -----------
2024-03-09 13:55:22,788 - WARNING - Wrong PLC Signal
2024-03-09 13:55:22,803 - WARNING - Wrong PLC Signal
2024-03-09 13:55:23,108 - INFO - --> Send Data SN:    hhhhhhhhhhhhhhhhhhhhhhhhhhhhhh
2024-03-09 13:55:23,121 - WARNING - Wrong PLC Signal
2024-03-09 13:56:45,728 - ERROR - Can't connect with MES APP
2024-03-09 13:56:54,459 - INFO - 
xxxxxxxxxxxxxxxxxxxxxxxxxxxxxxxx
2024-03-09 13:56:54,459 - INFO - --> Received scan signal from PLC
2024-03-09 13:56:54,459 - INFO - --> ------ SCAN SIGNAL -------
2024-03-09 13:56:54,923 - INFO - --> RESULT SCAN
2024-03-09 13:56:54,923 - INFO - PASS SCAN
2024-03-09 13:56:54,923 - INFO - ----------- SEND TO MES -----------
2024-03-09 13:56:55,039 - WARNING - Wrong PLC Signal
2024-03-09 13:56:55,055 - WARNING - Wrong PLC Signal
2024-03-09 13:56:55,361 - INFO - --> Send Data SN:    hhhhhhhhhhhhhhhhhhhhhhhhhhhhhh
2024-03-09 13:56:55,373 - WARNING - Wrong PLC Signal
2024-03-09 13:57:29,284 - ERROR - Can't connect with MES APP
2024-03-09 13:57:34,310 - INFO - 
xxxxxxxxxxxxxxxxxxxxxxxxxxxxxxxx
2024-03-09 13:57:34,310 - INFO - --> Received scan signal from PLC
2024-03-09 13:57:34,310 - INFO - --> ------ SCAN SIGNAL -------
2024-03-09 13:57:34,765 - INFO - --> RESULT SCAN
2024-03-09 13:57:34,765 - INFO - PASS SCAN
2024-03-09 13:57:34,765 - INFO - ----------- SEND TO MES -----------
2024-03-09 13:57:34,881 - WARNING - Wrong PLC Signal
2024-03-09 13:57:34,897 - WARNING - Wrong PLC Signal
2024-03-09 13:57:35,204 - INFO - --> Send Data SN:    hhhhhhhhhhhhhhhhhhhhhhhhhhhhhh
2024-03-09 13:57:35,217 - WARNING - Wrong PLC Signal
2024-03-09 13:58:19,360 - ERROR - Can't connect with MES APP
2024-03-09 13:58:24,851 - INFO - 
xxxxxxxxxxxxxxxxxxxxxxxxxxxxxxxx
2024-03-09 13:58:24,851 - INFO - --> Received scan signal from PLC
2024-03-09 13:58:24,851 - INFO - --> ------ SCAN SIGNAL -------
2024-03-09 13:58:25,320 - INFO - --> RESULT SCAN
2024-03-09 13:58:25,320 - INFO - PASS SCAN
2024-03-09 13:58:25,320 - INFO - ----------- SEND TO MES -----------
2024-03-09 13:58:25,446 - WARNING - Wrong PLC Signal
2024-03-09 13:58:25,762 - INFO - --> Send Data SN:    hhhhhhhhhhhhhhhhhhhhhhhhhhhhhh
2024-03-09 13:58:25,767 - WARNING - Wrong PLC Signal
2024-03-09 13:58:26,180 - INFO - PASS TO CHECK SN CODE
2024-03-09 13:58:26,307 - WARNING - Wrong PLC Signal
2024-03-09 13:58:26,493 - INFO - --> Send Data FIXTURE:    hhhhhhhhhhhhhhhhhhhhhhhhhhhhhh
2024-03-09 13:58:26,525 - WARNING - Wrong PLC Signal
2024-03-09 13:59:37,341 - ERROR - Can't connect with MES APP
2024-03-09 13:59:42,316 - INFO - 
xxxxxxxxxxxxxxxxxxxxxxxxxxxxxxxx
2024-03-09 13:59:42,316 - INFO - --> Received scan signal from PLC
2024-03-09 13:59:42,316 - INFO - --> ------ SCAN SIGNAL -------
2024-03-09 13:59:42,776 - INFO - --> RESULT SCAN
2024-03-09 13:59:42,776 - INFO - PASS SCAN
2024-03-09 13:59:42,776 - INFO - ----------- SEND TO MES -----------
2024-03-09 13:59:42,902 - WARNING - Wrong PLC Signal
2024-03-09 13:59:43,220 - INFO - --> Send Data SN:    hhhhhhhhhhhhhhhhhhhhhhhhhhhhhh
2024-03-09 13:59:43,222 - WARNING - Wrong PLC Signal
2024-03-09 13:59:43,634 - INFO - PASS TO CHECK SN CODE
2024-03-09 13:59:43,746 - WARNING - Wrong PLC Signal
2024-03-09 13:59:43,762 - WARNING - Wrong PLC Signal
2024-03-09 13:59:43,946 - INFO - --> Send Data FIXTURE:    hhhhhhhhhhhhhhhhhhhhhhhhhhhhhh
2024-03-09 13:59:43,965 - WARNING - Wrong PLC Signal
2024-03-09 13:59:48,101 - INFO - 
xxxxxxxxxxxxxxxxxxxxxxxxxxxxxxxx
2024-03-09 13:59:48,101 - INFO - --> Received scan signal from PLC
2024-03-09 13:59:48,101 - INFO - --> ------ SCAN SIGNAL -------
2024-03-09 13:59:48,558 - INFO - --> RESULT SCAN
2024-03-09 13:59:48,558 - INFO - PASS SCAN
2024-03-09 13:59:48,558 - INFO - ----------- SEND TO MES -----------
2024-03-09 13:59:48,679 - WARNING - Wrong PLC Signal
2024-03-09 13:59:48,869 - INFO - --> Send Data SN:    hhhhhhhhhhhhhhhhhhhhhhhhhhhhhh
2024-03-09 13:59:48,871 - WARNING - Wrong PLC Signal
2024-03-09 13:59:49,282 - INFO - PASS TO CHECK SN CODE
2024-03-09 13:59:49,398 - WARNING - Wrong PLC Signal
2024-03-09 13:59:49,413 - WARNING - Wrong PLC Signal
2024-03-09 13:59:49,592 - INFO - --> Send Data FIXTURE:    hhhhhhhhhhhhhhhhhhhhhhhhhhhhhh
2024-03-09 13:59:49,613 - WARNING - Wrong PLC Signal
2024-03-09 14:01:16,567 - ERROR - Can't connect with MES APP
2024-03-09 14:01:19,497 - INFO - 
xxxxxxxxxxxxxxxxxxxxxxxxxxxxxxxx
2024-03-09 14:01:19,497 - INFO - --> Received scan signal from PLC
2024-03-09 14:01:19,497 - INFO - --> ------ SCAN SIGNAL -------
2024-03-09 14:01:19,959 - INFO - --> RESULT SCAN
2024-03-09 14:01:19,960 - INFO - PASS SCAN
2024-03-09 14:01:19,960 - INFO - ----------- SEND TO MES -----------
2024-03-09 14:01:20,079 - WARNING - Wrong PLC Signal
2024-03-09 14:01:20,095 - WARNING - Wrong PLC Signal
2024-03-09 14:01:20,407 - INFO - --> Send Data SN:    hhhhhhhhhhhhhhhhhhhhhhhhhhhhhh
2024-03-09 14:01:20,414 - WARNING - Wrong PLC Signal
2024-03-09 14:01:20,621 - INFO - PASS TO CHECK SN CODE
2024-03-09 14:01:20,736 - WARNING - Wrong PLC Signal
2024-03-09 14:01:20,752 - WARNING - Wrong PLC Signal
2024-03-09 14:01:20,932 - INFO - --> Send Data FIXTURE:    hhhhhhhhhhhhhhhhhhhhhhhhhhhhhh
2024-03-09 14:01:20,966 - WARNING - Wrong PLC Signal
2024-03-09 14:01:27,574 - INFO - 
xxxxxxxxxxxxxxxxxxxxxxxxxxxxxxxx
2024-03-09 14:01:27,574 - INFO - --> Received scan signal from PLC
2024-03-09 14:01:27,574 - INFO - --> ------ SCAN SIGNAL -------
2024-03-09 14:01:28,041 - INFO - --> RESULT SCAN
2024-03-09 14:01:28,041 - INFO - PASS SCAN
2024-03-09 14:01:28,041 - INFO - ----------- SEND TO MES -----------
2024-03-09 14:01:28,157 - WARNING - Wrong PLC Signal
2024-03-09 14:01:28,172 - WARNING - Wrong PLC Signal
2024-03-09 14:01:28,353 - INFO - --> Send Data SN:    hhhhhhhhhhhhhhhhhhhhhhhhhhhhhh
2024-03-09 14:01:28,365 - WARNING - Wrong PLC Signal
2024-03-09 14:01:28,583 - INFO - PASS TO CHECK SN CODE
2024-03-09 14:01:28,703 - WARNING - Wrong PLC Signal
2024-03-09 14:01:28,718 - WARNING - Wrong PLC Signal
2024-03-09 14:01:28,896 - INFO - --> Send Data FIXTURE:    hhhhhhhhhhhhhhhhhhhhhhhhhhhhhh
2024-03-09 14:01:28,930 - WARNING - Wrong PLC Signal
2024-03-09 14:01:30,012 - INFO - PASS TO CHECK FIXTURE CODE
2024-03-09 14:01:30,012 - INFO - ------PASS MES-------
2024-03-09 14:01:30,012 - INFO - Data SN:   hhhhhhhhhhhhhhhhhhhhhhhhhhhhhh
2024-03-09 14:01:30,013 - INFO - Data FIXTURE:   hhhhhhhhhhhhhhhhhhhhhhhhhhhhhh
2024-03-09 14:01:39,843 - INFO - 
xxxxxxxxxxxxxxxxxxxxxxxxxxxxxxxx
2024-03-09 14:01:39,843 - INFO - --> Received scan signal from PLC
2024-03-09 14:01:39,843 - INFO - --> ------ SCAN SIGNAL -------
2024-03-09 14:01:40,300 - INFO - --> RESULT SCAN
2024-03-09 14:01:40,301 - INFO - PASS SCAN
2024-03-09 14:01:40,301 - INFO - ----------- SEND TO MES -----------
2024-03-09 14:01:40,414 - WARNING - Wrong PLC Signal
2024-03-09 14:01:40,429 - WARNING - Wrong PLC Signal
2024-03-09 14:01:40,619 - INFO - --> Send Data SN:    hhhhhhhhhhhhhhhhhhhhhhhhhhhhhh
2024-03-09 14:01:40,622 - WARNING - Wrong PLC Signal
2024-03-09 14:01:40,830 - INFO - PASS TO CHECK SN CODE
2024-03-09 14:01:40,943 - WARNING - Wrong PLC Signal
2024-03-09 14:01:40,959 - WARNING - Wrong PLC Signal
2024-03-09 14:01:41,144 - INFO - --> Send Data FIXTURE:    hhhhhhhhhhhhhhhhhhhhhhhhhhhhhh
2024-03-09 14:01:41,175 - WARNING - Wrong PLC Signal
2024-03-09 14:01:42,171 - INFO - PASS TO CHECK FIXTURE CODE
2024-03-09 14:01:42,171 - INFO - ------PASS MES-------
2024-03-09 14:01:42,171 - INFO - Data SN:   hhhhhhhhhhhhhhhhhhhhhhhhhhhhhh
2024-03-09 14:01:42,171 - INFO - Data FIXTURE:   hhhhhhhhhhhhhhhhhhhhhhhhhhhhhh
2024-03-09 14:01:50,882 - INFO - 
xxxxxxxxxxxxxxxxxxxxxxxxxxxxxxxx
2024-03-09 14:01:50,882 - INFO - --> Received scan signal from PLC
2024-03-09 14:01:50,882 - INFO - --> ------ SCAN SIGNAL -------
2024-03-09 14:01:51,328 - INFO - --> RESULT SCAN
2024-03-09 14:01:51,328 - INFO - PASS SCAN
2024-03-09 14:01:51,328 - INFO - ----------- SEND TO MES -----------
2024-03-09 14:01:51,446 - WARNING - Wrong PLC Signal
2024-03-09 14:01:51,463 - WARNING - Wrong PLC Signal
2024-03-09 14:01:51,641 - INFO - --> Send Data SN:    hhhhhhhhhhhhhhhhhhhhhhhhhhhhhh
2024-03-09 14:01:51,654 - WARNING - Wrong PLC Signal
2024-03-09 14:01:58,250 - INFO - 
xxxxxxxxxxxxxxxxxxxxxxxxxxxxxxxx
2024-03-09 14:01:58,250 - INFO - --> Received scan signal from PLC
2024-03-09 14:01:58,250 - INFO - --> ------ SCAN SIGNAL -------
2024-03-09 14:01:58,692 - INFO - --> RESULT SCAN
2024-03-09 14:01:58,692 - INFO - PASS SCAN
2024-03-09 14:01:58,692 - INFO - ----------- SEND TO MES -----------
2024-03-09 14:01:58,818 - WARNING - Wrong PLC Signal
2024-03-09 14:01:59,006 - INFO - --> Send Data SN:    hhhhhhhhhhhhhhhhhhhhhhhhhhhhhh
2024-03-09 14:01:59,009 - WARNING - Wrong PLC Signal
2024-03-09 14:01:59,223 - INFO - PASS TO CHECK SN CODE
2024-03-09 14:01:59,346 - WARNING - Wrong PLC Signal
2024-03-09 14:01:59,535 - INFO - --> Send Data FIXTURE:    hhhhhhhhhhhhhhhhhhhhhhhhhhhhhh
2024-03-09 14:01:59,552 - WARNING - Wrong PLC Signal
2024-03-09 14:02:06,463 - INFO - 
xxxxxxxxxxxxxxxxxxxxxxxxxxxxxxxx
2024-03-09 14:02:06,463 - INFO - --> Received scan signal from PLC
2024-03-09 14:02:06,463 - INFO - --> ------ SCAN SIGNAL -------
2024-03-09 14:02:06,890 - INFO - --> RESULT SCAN
2024-03-09 14:02:06,890 - INFO - PASS SCAN
2024-03-09 14:02:06,890 - INFO - ----------- SEND TO MES -----------
2024-03-09 14:02:07,006 - WARNING - Wrong PLC Signal
2024-03-09 14:02:07,021 - WARNING - Wrong PLC Signal
2024-03-09 14:02:07,204 - INFO - --> Send Data SN:    hhhhhhhhhhhhhhhhhhhhhhhhhhhhhh
2024-03-09 14:02:07,215 - WARNING - Wrong PLC Signal
2024-03-09 14:02:07,421 - INFO - PASS TO CHECK SN CODE
2024-03-09 14:02:07,537 - WARNING - Wrong PLC Signal
2024-03-09 14:02:07,553 - WARNING - Wrong PLC Signal
2024-03-09 14:02:07,735 - INFO - --> Send Data FIXTURE:    hhhhhhhhhhhhhhhhhhhhhhhhhhhhhh
2024-03-09 14:02:07,767 - WARNING - Wrong PLC Signal
2024-03-09 14:02:08,790 - INFO - PASS TO CHECK FIXTURE CODE
2024-03-09 14:02:08,790 - INFO - ------PASS MES-------
2024-03-09 14:02:08,790 - INFO - Data SN:   hhhhhhhhhhhhhhhhhhhhhhhhhhhhhh
2024-03-09 14:02:08,790 - INFO - Data FIXTURE:   hhhhhhhhhhhhhhhhhhhhhhhhhhhhhh
2024-03-09 14:03:25,652 - ERROR - Can't connect with MES APP
2024-03-09 14:03:29,160 - INFO - 
xxxxxxxxxxxxxxxxxxxxxxxxxxxxxxxx
2024-03-09 14:03:29,160 - INFO - --> Received scan signal from PLC
2024-03-09 14:03:29,160 - INFO - --> ------ SCAN SIGNAL -------
2024-03-09 14:03:29,624 - INFO - --> RESULT SCAN
2024-03-09 14:03:29,624 - INFO - PASS SCAN
2024-03-09 14:03:29,624 - INFO - ----------- SEND TO MES -----------
2024-03-09 14:03:29,741 - WARNING - Wrong PLC Signal
2024-03-09 14:03:29,756 - WARNING - Wrong PLC Signal
2024-03-09 14:03:30,061 - INFO - --> Send Data SN:    hhhhhhhhhhhhhhhhhhhhhhhhhhhhhh
2024-03-09 14:03:30,075 - WARNING - Wrong PLC Signal
2024-03-09 14:03:35,696 - INFO - 
xxxxxxxxxxxxxxxxxxxxxxxxxxxxxxxx
2024-03-09 14:03:35,696 - INFO - --> Received scan signal from PLC
2024-03-09 14:03:35,696 - INFO - --> ------ SCAN SIGNAL -------
2024-03-09 14:03:36,152 - INFO - --> RESULT SCAN
2024-03-09 14:03:36,152 - INFO - PASS SCAN
2024-03-09 14:03:36,152 - INFO - ----------- SEND TO MES -----------
2024-03-09 14:03:36,265 - WARNING - Wrong PLC Signal
2024-03-09 14:03:36,280 - WARNING - Wrong PLC Signal
2024-03-09 14:03:36,466 - INFO - --> Send Data SN:    hhhhhhhhhhhhhhhhhhhhhhhhhhhhhh
2024-03-09 14:03:36,472 - WARNING - Wrong PLC Signal
2024-03-09 14:03:36,675 - INFO - PASS TO CHECK SN CODE
2024-03-09 14:03:36,796 - WARNING - Wrong PLC Signal
2024-03-09 14:03:36,812 - WARNING - Wrong PLC Signal
2024-03-09 14:03:36,987 - INFO - --> Send Data FIXTURE:    hhhhhhhhhhhhhhhhhhhhhhhhhhhhhh
2024-03-09 14:03:37,021 - WARNING - Wrong PLC Signal
2024-03-09 14:03:37,989 - INFO - PASS TO CHECK FIXTURE CODE
2024-03-09 14:03:37,989 - INFO - ------PASS MES-------
2024-03-09 14:03:37,990 - INFO - Data SN:   hhhhhhhhhhhhhhhhhhhhhhhhhhhhhh
2024-03-09 14:03:37,990 - INFO - Data FIXTURE:   hhhhhhhhhhhhhhhhhhhhhhhhhhhhhh
2024-03-09 14:05:18,784 - ERROR - Can't connect with MES APP
2024-03-09 14:05:36,250 - INFO - 
xxxxxxxxxxxxxxxxxxxxxxxxxxxxxxxx
2024-03-09 14:05:36,250 - INFO - --> Received scan signal from PLC
2024-03-09 14:05:36,250 - INFO - --> ------ SCAN SIGNAL -------
2024-03-09 14:05:36,714 - INFO - --> RESULT SCAN
2024-03-09 14:05:36,714 - INFO - PASS SCAN
2024-03-09 14:05:36,714 - INFO - ----------- SEND TO MES -----------
2024-03-09 14:05:36,837 - WARNING - Wrong PLC Signal
2024-03-09 14:05:36,853 - WARNING - Wrong PLC Signal
2024-03-09 14:05:37,181 - INFO - --> Send Data SN:    hhhhhhhhhhhhhhhhhhhhhhhhhhhhhh
2024-03-09 14:05:37,191 - WARNING - Wrong PLC Signal
2024-03-09 14:05:37,403 - INFO - PASS TO CHECK SN CODE
2024-03-09 14:05:37,531 - WARNING - Wrong PLC Signal
2024-03-09 14:05:37,717 - INFO - --> Send Data FIXTURE:    hhhhhhhhhhhhhhhhhhhhhhhhhhhhhh
2024-03-09 14:05:37,747 - WARNING - Wrong PLC Signal
2024-03-09 14:05:37,835 - INFO - PASS TO CHECK FIXTURE CODE
2024-03-09 14:05:37,835 - INFO - ------PASS MES-------
2024-03-09 14:05:37,835 - INFO - Data SN:   hhhhhhhhhhhhhhhhhhhhhhhhhhhhhh
2024-03-09 14:05:37,835 - INFO - Data FIXTURE:   hhhhhhhhhhhhhhhhhhhhhhhhhhhhhh
2024-03-09 14:05:40,047 - INFO - 
xxxxxxxxxxxxxxxxxxxxxxxxxxxxxxxx
2024-03-09 14:05:40,047 - INFO - --> Received scan signal from PLC
2024-03-09 14:05:40,047 - INFO - --> ------ SCAN SIGNAL -------
2024-03-09 14:05:40,502 - INFO - --> RESULT SCAN
2024-03-09 14:05:40,503 - INFO - PASS SCAN
2024-03-09 14:05:40,503 - INFO - ----------- SEND TO MES -----------
2024-03-09 14:05:40,631 - WARNING - Wrong PLC Signal
2024-03-09 14:05:40,819 - INFO - --> Send Data SN:    hhhhhhhhhhhhhhhhhhhhhhhhhhhhhh
2024-03-09 14:05:40,822 - WARNING - Wrong PLC Signal
2024-03-09 14:05:41,032 - INFO - PASS TO CHECK SN CODE
2024-03-09 14:05:41,146 - WARNING - Wrong PLC Signal
2024-03-09 14:05:41,161 - WARNING - Wrong PLC Signal
2024-03-09 14:05:41,348 - INFO - --> Send Data FIXTURE:    hhhhhhhhhhhhhhhhhhhhhhhhhhhhhh
2024-03-09 14:05:41,380 - WARNING - Wrong PLC Signal
2024-03-09 14:05:41,466 - INFO - PASS TO CHECK FIXTURE CODE
2024-03-09 14:05:41,466 - INFO - ------PASS MES-------
2024-03-09 14:05:41,466 - INFO - Data SN:   hhhhhhhhhhhhhhhhhhhhhhhhhhhhhh
2024-03-09 14:05:41,466 - INFO - Data FIXTURE:   hhhhhhhhhhhhhhhhhhhhhhhhhhhhhh
2024-03-09 14:06:04,786 - ERROR - Can't connect with MES APP
2024-03-09 14:06:05,993 - INFO - 
xxxxxxxxxxxxxxxxxxxxxxxxxxxxxxxx
2024-03-09 14:06:05,993 - INFO - --> Received scan signal from PLC
2024-03-09 14:06:05,993 - INFO - --> ------ SCAN SIGNAL -------
2024-03-09 14:06:06,465 - INFO - --> RESULT SCAN
2024-03-09 14:06:06,465 - INFO - PASS SCAN
2024-03-09 14:06:06,466 - INFO - ----------- SEND TO MES -----------
2024-03-09 14:06:06,592 - WARNING - Wrong PLC Signal
2024-03-09 14:06:06,607 - WARNING - Wrong PLC Signal
2024-03-09 14:06:06,934 - INFO - --> Send Data SN:    hhhhhhhhhhhhhhhhhhhhhhhhhhhhhh
2024-03-09 14:06:06,939 - WARNING - Wrong PLC Signal
2024-03-09 14:06:07,158 - INFO - PASS TO CHECK SN CODE
2024-03-09 14:06:07,277 - WARNING - Wrong PLC Signal
2024-03-09 14:06:07,293 - WARNING - Wrong PLC Signal
2024-03-09 14:06:07,473 - INFO - --> Send Data FIXTURE:    hhhhhhhhhhhhhhhhhhhhhhhhhhhhhh
2024-03-09 14:06:07,504 - WARNING - Wrong PLC Signal
2024-03-09 14:06:11,274 - INFO - 
xxxxxxxxxxxxxxxxxxxxxxxxxxxxxxxx
2024-03-09 14:06:11,274 - INFO - --> Received scan signal from PLC
2024-03-09 14:06:11,274 - INFO - --> ------ SCAN SIGNAL -------
2024-03-09 14:06:11,751 - INFO - --> RESULT SCAN
2024-03-09 14:06:11,752 - INFO - PASS SCAN
2024-03-09 14:06:11,752 - INFO - ----------- SEND TO MES -----------
2024-03-09 14:06:11,872 - WARNING - Wrong PLC Signal
2024-03-09 14:06:11,887 - WARNING - Wrong PLC Signal
2024-03-09 14:06:12,077 - INFO - --> Send Data SN:    hhhhhhhhhhhhhhhhhhhhhhhhhhhhhh
2024-03-09 14:06:12,081 - WARNING - Wrong PLC Signal
2024-03-09 14:06:12,290 - INFO - PASS TO CHECK SN CODE
2024-03-09 14:06:12,404 - WARNING - Wrong PLC Signal
2024-03-09 14:06:12,421 - WARNING - Wrong PLC Signal
2024-03-09 14:06:12,602 - INFO - --> Send Data FIXTURE:    hhhhhhhhhhhhhhhhhhhhhhhhhhhhhh
2024-03-09 14:06:12,635 - WARNING - Wrong PLC Signal
2024-03-09 14:06:13,617 - INFO - PASS TO CHECK FIXTURE CODE
2024-03-09 14:06:13,617 - INFO - ------PASS MES-------
2024-03-09 14:06:13,617 - INFO - Data SN:   hhhhhhhhhhhhhhhhhhhhhhhhhhhhhh
2024-03-09 14:06:13,617 - INFO - Data FIXTURE:   hhhhhhhhhhhhhhhhhhhhhhhhhhhhhh
2024-03-09 14:06:19,725 - INFO - 
xxxxxxxxxxxxxxxxxxxxxxxxxxxxxxxx
2024-03-09 14:06:19,725 - INFO - --> Received scan signal from PLC
2024-03-09 14:06:19,725 - INFO - --> ------ SCAN SIGNAL -------
2024-03-09 14:06:20,187 - INFO - --> RESULT SCAN
2024-03-09 14:06:20,187 - INFO - PASS SCAN
2024-03-09 14:06:20,187 - INFO - ----------- SEND TO MES -----------
2024-03-09 14:06:20,309 - WARNING - Wrong PLC Signal
2024-03-09 14:06:20,324 - WARNING - Wrong PLC Signal
2024-03-09 14:06:20,500 - INFO - --> Send Data SN:    hhhhhhhhhhhhhhhhhhhhhhhhhhhhhh
2024-03-09 14:06:20,505 - WARNING - Wrong PLC Signal
2024-03-09 14:06:20,721 - INFO - PASS TO CHECK SN CODE
2024-03-09 14:06:20,838 - WARNING - Wrong PLC Signal
2024-03-09 14:06:20,854 - WARNING - Wrong PLC Signal
2024-03-09 14:06:21,034 - INFO - --> Send Data FIXTURE:    hhhhhhhhhhhhhhhhhhhhhhhhhhhhhh
2024-03-09 14:06:21,065 - WARNING - Wrong PLC Signal
2024-03-09 14:06:22,039 - INFO - PASS TO CHECK FIXTURE CODE
2024-03-09 14:06:22,039 - INFO - ------PASS MES-------
2024-03-09 14:06:22,039 - INFO - Data SN:   hhhhhhhhhhhhhhhhhhhhhhhhhhhhhh
2024-03-09 14:06:22,039 - INFO - Data FIXTURE:   hhhhhhhhhhhhhhhhhhhhhhhhhhhhhh
2024-03-09 14:06:26,731 - INFO - 
xxxxxxxxxxxxxxxxxxxxxxxxxxxxxxxx
2024-03-09 14:06:26,731 - INFO - --> Received scan signal from PLC
2024-03-09 14:06:26,731 - INFO - --> ------ SCAN SIGNAL -------
2024-03-09 14:06:27,177 - INFO - --> RESULT SCAN
2024-03-09 14:06:27,177 - INFO - PASS SCAN
2024-03-09 14:06:27,177 - INFO - ----------- SEND TO MES -----------
2024-03-09 14:06:27,302 - WARNING - Wrong PLC Signal
2024-03-09 14:06:27,490 - INFO - --> Send Data SN:    hhhhhhhhhhhhhhhhhhhhhhhhhhhhhh
2024-03-09 14:06:27,500 - WARNING - Wrong PLC Signal
2024-03-09 14:06:27,702 - INFO - PASS TO CHECK SN CODE
2024-03-09 14:06:27,822 - WARNING - Wrong PLC Signal
2024-03-09 14:06:27,837 - WARNING - Wrong PLC Signal
2024-03-09 14:06:28,013 - INFO - --> Send Data FIXTURE:    hhhhhhhhhhhhhhhhhhhhhhhhhhhhhh
2024-03-09 14:06:28,030 - WARNING - Wrong PLC Signal
2024-03-09 14:06:33,737 - INFO - 
xxxxxxxxxxxxxxxxxxxxxxxxxxxxxxxx
2024-03-09 14:06:33,737 - INFO - --> Received scan signal from PLC
2024-03-09 14:06:33,737 - INFO - --> ------ SCAN SIGNAL -------
2024-03-09 14:06:34,189 - INFO - --> RESULT SCAN
2024-03-09 14:06:34,189 - INFO - PASS SCAN
2024-03-09 14:06:34,189 - INFO - ----------- SEND TO MES -----------
2024-03-09 14:06:34,305 - WARNING - Wrong PLC Signal
2024-03-09 14:06:34,322 - WARNING - Wrong PLC Signal
2024-03-09 14:06:34,505 - INFO - --> Send Data SN:    hhhhhhhhhhhhhhhhhhhhhhhhhhhhhh
2024-03-09 14:06:34,513 - WARNING - Wrong PLC Signal
2024-03-09 14:06:34,715 - INFO - PASS TO CHECK SN CODE
2024-03-09 14:06:34,838 - WARNING - Wrong PLC Signal
2024-03-09 14:06:35,027 - INFO - --> Send Data FIXTURE:    hhhhhhhhhhhhhhhhhhhhhhhhhhhhhh
2024-03-09 14:06:35,044 - WARNING - Wrong PLC Signal
2024-03-09 14:06:36,116 - INFO - PASS TO CHECK FIXTURE CODE
2024-03-09 14:06:36,117 - INFO - ------PASS MES-------
2024-03-09 14:06:36,117 - INFO - Data SN:   hhhhhhhhhhhhhhhhhhhhhhhhhhhhhh
2024-03-09 14:06:36,117 - INFO - Data FIXTURE:   hhhhhhhhhhhhhhhhhhhhhhhhhhhhhh
2024-03-09 14:06:55,341 - ERROR - Can't connect with MES APP
2024-03-09 14:07:00,737 - INFO - 
xxxxxxxxxxxxxxxxxxxxxxxxxxxxxxxx
2024-03-09 14:07:00,737 - INFO - --> Received scan signal from PLC
2024-03-09 14:07:00,737 - INFO - --> ------ SCAN SIGNAL -------
2024-03-09 14:07:01,201 - INFO - --> RESULT SCAN
2024-03-09 14:07:01,201 - INFO - PASS SCAN
2024-03-09 14:07:01,201 - INFO - ----------- SEND TO MES -----------
2024-03-09 14:07:01,317 - WARNING - Wrong PLC Signal
2024-03-09 14:07:01,333 - WARNING - Wrong PLC Signal
2024-03-09 14:07:01,641 - INFO - --> Send Data SN:    hhhhhhhhhhhhhhhhhhhhhhhhhhhhhh
2024-03-09 14:07:01,652 - WARNING - Wrong PLC Signal
2024-03-09 14:07:01,856 - INFO - PASS TO CHECK SN CODE
2024-03-09 14:07:01,977 - WARNING - Wrong PLC Signal
2024-03-09 14:07:01,994 - WARNING - Wrong PLC Signal
2024-03-09 14:07:02,171 - INFO - --> Send Data FIXTURE:    hhhhhhhhhhhhhhhhhhhhhhhhhhhhhh
2024-03-09 14:07:02,203 - WARNING - Wrong PLC Signal
2024-03-09 14:07:07,330 - INFO - 
xxxxxxxxxxxxxxxxxxxxxxxxxxxxxxxx
2024-03-09 14:07:07,330 - INFO - --> Received scan signal from PLC
2024-03-09 14:07:07,330 - INFO - --> ------ SCAN SIGNAL -------
2024-03-09 14:07:07,786 - INFO - --> RESULT SCAN
2024-03-09 14:07:07,786 - INFO - PASS SCAN
2024-03-09 14:07:07,786 - INFO - ----------- SEND TO MES -----------
2024-03-09 14:07:07,909 - WARNING - Wrong PLC Signal
2024-03-09 14:07:08,097 - INFO - --> Send Data SN:    hhhhhhhhhhhhhhhhhhhhhhhhhhhhhh
2024-03-09 14:07:08,102 - WARNING - Wrong PLC Signal
2024-03-09 14:07:08,304 - INFO - PASS TO CHECK SN CODE
2024-03-09 14:07:08,424 - WARNING - Wrong PLC Signal
2024-03-09 14:07:08,439 - WARNING - Wrong PLC Signal
2024-03-09 14:07:08,617 - INFO - --> Send Data FIXTURE:    hhhhhhhhhhhhhhhhhhhhhhhhhhhhhh
2024-03-09 14:07:08,650 - WARNING - Wrong PLC Signal
2024-03-09 14:07:10,013 - INFO - PASS TO CHECK FIXTURE CODE
2024-03-09 14:07:10,013 - INFO - ------PASS MES-------
2024-03-09 14:07:10,013 - INFO - Data SN:   hhhhhhhhhhhhhhhhhhhhhhhhhhhhhh
2024-03-09 14:07:10,013 - INFO - Data FIXTURE:   hhhhhhhhhhhhhhhhhhhhhhhhhhhhhh
2024-03-09 14:09:46,311 - ERROR - Can't connect with MES APP
2024-03-09 14:09:48,839 - INFO - 
xxxxxxxxxxxxxxxxxxxxxxxxxxxxxxxx
2024-03-09 14:09:48,839 - INFO - --> Received scan signal from PLC
2024-03-09 14:09:48,839 - INFO - --> ------ SCAN SIGNAL -------
2024-03-09 14:09:49,313 - INFO - --> RESULT SCAN
2024-03-09 14:09:49,314 - INFO - PASS SCAN
2024-03-09 14:09:49,314 - INFO - ----------- SEND TO MES -----------
2024-03-09 14:09:49,436 - WARNING - Wrong PLC Signal
2024-03-09 14:09:49,451 - WARNING - Wrong PLC Signal
2024-03-09 14:09:49,776 - INFO - --> Send Data SN:    hhhhhhhhhhhhhhhhhhhhhhhhhhhhhh
2024-03-09 14:09:49,785 - WARNING - Wrong PLC Signal
2024-03-09 14:10:21,844 - ERROR - Can't connect with MES APP
2024-03-09 14:10:24,664 - INFO - 
xxxxxxxxxxxxxxxxxxxxxxxxxxxxxxxx
2024-03-09 14:10:24,664 - INFO - --> Received scan signal from PLC
2024-03-09 14:10:24,664 - INFO - --> ------ SCAN SIGNAL -------
2024-03-09 14:10:25,122 - INFO - --> RESULT SCAN
2024-03-09 14:10:25,123 - INFO - PASS SCAN
2024-03-09 14:10:25,123 - INFO - ----------- SEND TO MES -----------
2024-03-09 14:10:25,250 - WARNING - Wrong PLC Signal
2024-03-09 14:10:25,603 - INFO - --> Send Data SN:    hhhhhhhhhhhhhhhhhhhhhhhhhhhhhh
2024-03-09 14:10:25,616 - WARNING - Wrong PLC Signal
2024-03-09 14:10:25,823 - INFO - PASS TO CHECK SN CODE
2024-03-09 14:10:25,940 - WARNING - Wrong PLC Signal
2024-03-09 14:10:25,955 - WARNING - Wrong PLC Signal
2024-03-09 14:10:26,137 - INFO - --> Send Data FIXTURE:    hhhhhhhhhhhhhhhhhhhhhhhhhhhhhh
2024-03-09 14:10:26,168 - WARNING - Wrong PLC Signal
2024-03-09 14:10:27,585 - INFO - PASS TO CHECK FIXTURE CODE
2024-03-09 14:10:27,585 - INFO - ------PASS MES-------
2024-03-09 14:10:27,585 - INFO - Data SN:   hhhhhhhhhhhhhhhhhhhhhhhhhhhhhh
2024-03-09 14:10:27,585 - INFO - Data FIXTURE:   hhhhhhhhhhhhhhhhhhhhhhhhhhhhhh
2024-03-09 14:10:52,563 - ERROR - Can't connect with MES APP
2024-03-09 14:10:54,061 - INFO - 
xxxxxxxxxxxxxxxxxxxxxxxxxxxxxxxx
2024-03-09 14:10:54,061 - INFO - --> Received scan signal from PLC
2024-03-09 14:10:54,061 - INFO - --> ------ SCAN SIGNAL -------
2024-03-09 14:10:54,527 - INFO - --> RESULT SCAN
2024-03-09 14:10:54,527 - INFO - PASS SCAN
2024-03-09 14:10:54,527 - INFO - ----------- SEND TO MES -----------
2024-03-09 14:10:54,644 - WARNING - Wrong PLC Signal
2024-03-09 14:10:54,660 - WARNING - Wrong PLC Signal
2024-03-09 14:10:54,970 - INFO - --> Send Data SN:    hhhhhhhhhhhhhhhhhhhhhhhhhhhhhh
2024-03-09 14:10:54,979 - WARNING - Wrong PLC Signal
2024-03-09 14:10:55,182 - INFO - PASS TO CHECK SN CODE
2024-03-09 14:10:55,301 - WARNING - Wrong PLC Signal
2024-03-09 14:10:55,317 - WARNING - Wrong PLC Signal
2024-03-09 14:10:55,332 - WARNING - Wrong PLC Signal
2024-03-09 14:10:55,508 - INFO - --> Send Data FIXTURE:    hhhhhhhhhhhhhhhhhhhhhhhhhhhhhh
2024-03-09 14:10:55,526 - WARNING - Wrong PLC Signal
